#
# There is insufficient memory for the Java Runtime Environment to continue.
# Native memory allocation (malloc) failed to allocate 750304 bytes for Chunk::new
# Possible reasons:
#   The system is out of physical RAM or swap space
#   The process is running with CompressedOops enabled, and the Java Heap may be blocking the growth of the native heap
# Possible solutions:
#   Reduce memory load on the system
#   Increase physical memory or swap space
#   Check if swap backing store is full
#   Decrease Java heap size (-Xmx/-Xms)
#   Decrease number of Java threads
#   Decrease Java thread stack sizes (-Xss)
#   Set larger code cache with -XX:ReservedCodeCacheSize=
#   JVM is running with Zero Based Compressed Oops mode in which the Java heap is
#     placed in the first 32GB address space. The Java Heap base address is the
#     maximum limit for the native heap growth. Please use -XX:HeapBaseMinAddress
#     to set the Java Heap base and to place the Java Heap above 32GB virtual address.
# This output file may be truncated or incomplete.
#
#  Out of Memory Error (arena.cpp:168), pid=7936, tid=12972
#
# JRE version: Java(TM) SE Runtime Environment (21.0.1+12) (build 21.0.1+12-LTS-29)
# Java VM: Java HotSpot(TM) 64-Bit Server VM (21.0.1+12-LTS-29, mixed mode, sharing, tiered, compressed oops, compressed class ptrs, g1 gc, windows-amd64)
# No core dump will be written. Minidumps are not enabled by default on client versions of Windows
#

---------------  S U M M A R Y ------------

Command Line: C:\Users\Hamed\AppData\Local\Temp\surefire12412979731276874087\surefirebooter-20231225080701582_3.jar C:\Users\Hamed\AppData\Local\Temp\surefire12412979731276874087 2023-12-25T08-07-01_486-jvmRun1 surefire-20231225080701582_1tmp surefire_0-20231225080701582_2tmp

Host: 11th Gen Intel(R) Core(TM) i7-1165G7 @ 2.80GHz, 8 cores, 11G,  Windows 10 , 64 bit Build 19041 (10.0.19041.3031)
Time: Mon Dec 25 08:07:05 2023 Paris, Madrid elapsed time: 4.144342 seconds (0d 0h 0m 4s)

---------------  T H R E A D  ---------------

Current thread (0x000001f9e8894b20):  JavaThread "C2 CompilerThread1" daemon [_thread_in_native, id=12972, stack(0x0000003755c00000,0x0000003755d00000) (1024K)]


Current CompileTask:
C2:   4144 6042       4       org.springframework.util.ReflectionUtils::findMethod (109 bytes)

Stack: [0x0000003755c00000,0x0000003755d00000]
Native frames: (J=compiled Java code, j=interpreted, Vv=VM code, C=native code)
V  [jvm.dll+0x6c9029]
V  [jvm.dll+0x854b81]
V  [jvm.dll+0x856e5e]
V  [jvm.dll+0x857543]
V  [jvm.dll+0x280c06]
V  [jvm.dll+0xc3ead]
V  [jvm.dll+0xc43c3]
V  [jvm.dll+0x3b576c]
V  [jvm.dll+0x1e1ec3]
V  [jvm.dll+0x249c22]
V  [jvm.dll+0x2490b1]
V  [jvm.dll+0x1c9ca1]
V  [jvm.dll+0x2586b9]
V  [jvm.dll+0x256c9a]
V  [jvm.dll+0x3ef1b6]
V  [jvm.dll+0x7fd728]
V  [jvm.dll+0x6c777d]
C  [ucrtbase.dll+0x21bb2]
C  [KERNEL32.DLL+0x17614]
C  [ntdll.dll+0x526f1]


---------------  P R O C E S S  ---------------

Threads class SMR info:
_java_thread_list=0x000001f9efad3da0, length=18, elements={
0x000001f9c86095f0, 0x000001f9e8484f30, 0x000001f9e8485f40, 0x000001f9e848c210,
0x000001f9e848dd70, 0x000001f9e8493540, 0x000001f9e8494830, 0x000001f9e8496470,
0x000001f9e84b8da0, 0x000001f9e877c780, 0x000001f9e8783040, 0x000001f9e8894b20,
0x000001f9e88951d0, 0x000001f9ed26b8d0, 0x000001f9ed41c320, 0x000001f9ef92c7e0,
0x000001f9edabf330, 0x000001f9e8813b40
}

Java Threads: ( => current thread )
  0x000001f9c86095f0 JavaThread "main"                              [_thread_in_native, id=1464, stack(0x0000003754a00000,0x0000003754b00000) (1024K)]
  0x000001f9e8484f30 JavaThread "Reference Handler"          daemon [_thread_blocked, id=2000, stack(0x0000003755200000,0x0000003755300000) (1024K)]
  0x000001f9e8485f40 JavaThread "Finalizer"                  daemon [_thread_blocked, id=6760, stack(0x0000003755300000,0x0000003755400000) (1024K)]
  0x000001f9e848c210 JavaThread "Signal Dispatcher"          daemon [_thread_blocked, id=15908, stack(0x0000003755400000,0x0000003755500000) (1024K)]
  0x000001f9e848dd70 JavaThread "Attach Listener"            daemon [_thread_blocked, id=3188, stack(0x0000003755500000,0x0000003755600000) (1024K)]
  0x000001f9e8493540 JavaThread "Service Thread"             daemon [_thread_blocked, id=12384, stack(0x0000003755600000,0x0000003755700000) (1024K)]
  0x000001f9e8494830 JavaThread "Monitor Deflation Thread"   daemon [_thread_blocked, id=8460, stack(0x0000003755700000,0x0000003755800000) (1024K)]
  0x000001f9e8496470 JavaThread "C2 CompilerThread0"         daemon [_thread_in_native, id=11212, stack(0x0000003755800000,0x0000003755900000) (1024K)]
  0x000001f9e84b8da0 JavaThread "C1 CompilerThread0"         daemon [_thread_blocked, id=18244, stack(0x0000003755900000,0x0000003755a00000) (1024K)]
  0x000001f9e877c780 JavaThread "Notification Thread"        daemon [_thread_blocked, id=16628, stack(0x0000003755a00000,0x0000003755b00000) (1024K)]
  0x000001f9e8783040 JavaThread "Common-Cleaner"             daemon [_thread_blocked, id=14920, stack(0x0000003755b00000,0x0000003755c00000) (1024K)]
=>0x000001f9e8894b20 JavaThread "C2 CompilerThread1"         daemon [_thread_in_native, id=12972, stack(0x0000003755c00000,0x0000003755d00000) (1024K)]
  0x000001f9e88951d0 JavaThread "C2 CompilerThread2"         daemon [_thread_in_native, id=6592, stack(0x0000003755d00000,0x0000003755e00000) (1024K)]
  0x000001f9ed26b8d0 JavaThread "surefire-forkedjvm-stream-flusher" daemon [_thread_blocked, id=17836, stack(0x0000003755e00000,0x0000003755f00000) (1024K)]
  0x000001f9ed41c320 JavaThread "surefire-forkedjvm-command-thread" daemon [_thread_in_native, id=10608, stack(0x0000003755f00000,0x0000003756000000) (1024K)]
  0x000001f9ef92c7e0 JavaThread "mysql-cj-abandoned-connection-cleanup" daemon [_thread_blocked, id=16212, stack(0x0000003756700000,0x0000003756800000) (1024K)]
  0x000001f9edabf330 JavaThread "HikariPool-1 housekeeper"   daemon [_thread_blocked, id=10776, stack(0x0000003756a00000,0x0000003756b00000) (1024K)]
  0x000001f9e8813b40 JavaThread "HikariPool-1 connection adder" daemon [_thread_blocked, id=16676, stack(0x0000003756b00000,0x0000003756c00000) (1024K)]
Total: 18

Other Threads:
  0x000001f9e8467170 VMThread "VM Thread"                           [id=16748, stack(0x0000003755100000,0x0000003755200000) (1024K)]
  0x000001f9e8450280 WatcherThread "VM Periodic Task Thread"        [id=2612, stack(0x0000003755000000,0x0000003755100000) (1024K)]
  0x000001f9ca8c5f50 WorkerThread "GC Thread#0"                     [id=14900, stack(0x0000003754b00000,0x0000003754c00000) (1024K)]
  0x000001f9edabfd70 WorkerThread "GC Thread#1"                     [id=15620, stack(0x0000003756000000,0x0000003756100000) (1024K)]
  0x000001f9edb55fd0 WorkerThread "GC Thread#2"                     [id=17156, stack(0x0000003756100000,0x0000003756200000) (1024K)]
  0x000001f9edac0550 WorkerThread "GC Thread#3"                     [id=18320, stack(0x0000003756200000,0x0000003756300000) (1024K)]
  0x000001f9ed7c3f20 WorkerThread "GC Thread#4"                     [id=11248, stack(0x0000003756300000,0x0000003756400000) (1024K)]
  0x000001f9ed7c42c0 WorkerThread "GC Thread#5"                     [id=3712, stack(0x0000003756400000,0x0000003756500000) (1024K)]
  0x000001f9ed7807f0 WorkerThread "GC Thread#6"                     [id=10488, stack(0x0000003756500000,0x0000003756600000) (1024K)]
  0x000001f9ed770ba0 WorkerThread "GC Thread#7"                     [id=10548, stack(0x0000003756600000,0x0000003756700000) (1024K)]
  0x000001f9ca8d3a50 ConcurrentGCThread "G1 Main Marker"            [id=4004, stack(0x0000003754c00000,0x0000003754d00000) (1024K)]
  0x000001f9ca8d4700 WorkerThread "G1 Conc#0"                       [id=6772, stack(0x0000003754d00000,0x0000003754e00000) (1024K)]
  0x000001f9ee5bb240 WorkerThread "G1 Conc#1"                       [id=10708, stack(0x0000003756900000,0x0000003756a00000) (1024K)]
  0x000001f9e8322090 ConcurrentGCThread "G1 Refine#0"               [id=4684, stack(0x0000003754e00000,0x0000003754f00000) (1024K)]
  0x000001f9e8322c00 ConcurrentGCThread "G1 Service"                [id=15808, stack(0x0000003754f00000,0x0000003755000000) (1024K)]
Total: 15

Threads with active compile tasks:
C2 CompilerThread0     4153 5922       4       org.springframework.core.ResolvableType::hasGenerics (14 bytes)
C2 CompilerThread1     4153 6042       4       org.springframework.util.ReflectionUtils::findMethod (109 bytes)
C2 CompilerThread2     4153 5800       4       org.springframework.beans.factory.support.AbstractBeanFactory::isTypeMatch (619 bytes)
Total: 3

VM state: not at safepoint (normal execution)

VM Mutex/Monitor currently owned by a thread: None

Heap address: 0x0000000744e00000, size: 2994 MB, Compressed Oops mode: Zero based, Oop shift amount: 3

CDS archive(s) mapped at: [0x000001f980000000-0x000001f980c90000-0x000001f980c90000), size 13172736, SharedBaseAddress: 0x000001f980000000, ArchiveRelocationMode: 1.
Compressed class space mapped at: 0x000001f981000000-0x000001f9c1000000, reserved size: 1073741824
Narrow klass base: 0x000001f980000000, Narrow klass shift: 0, Narrow klass range: 0x100000000

GC Precious Log:
 CardTable entry size: 512
 Card Set container configuration: InlinePtr #cards 4 size 8 Array Of Cards #cards 16 size 48 Howl #buckets 8 coarsen threshold 3686 Howl Bitmap #cards 512 size 80 coarsen threshold 460 Card regions per heap region 1 cards per card region 4096
 CPUs: 8 total, 8 available
 Memory: 11968M
 Large Page Support: Disabled
 NUMA Support: Disabled
 Compressed Oops: Enabled (Zero based)
 Heap Region Size: 2M
 Heap Min Capacity: 8M
 Heap Initial Capacity: 188M
 Heap Max Capacity: 2994M
 Pre-touch: Disabled
 Parallel Workers: 8
 Concurrent Workers: 2
 Concurrent Refinement Workers: 8
 Periodic GC: Disabled

Heap:
 garbage-first heap   total 81920K, used 33452K [0x0000000744e00000, 0x0000000800000000)
  region size 2048K, 5 young (10240K), 3 survivors (6144K)
 Metaspace       used 65815K, committed 66624K, reserved 1114112K
  class space    used 8991K, committed 9344K, reserved 1048576K

Heap Regions: E=young(eden), S=young(survivor), O=old, HS=humongous(starts), HC=humongous(continues), CS=collection set, F=free, TAMS=top-at-mark-start, PB=parsable bottom
|   0|0x0000000744e00000, 0x0000000745000000, 0x0000000745000000|100%| O|Cm|TAMS 0x0000000744e00000| PB 0x0000000744e00000| Complete 
|   1|0x0000000745000000, 0x0000000745200000, 0x0000000745200000|100%| O|  |TAMS 0x0000000745000000| PB 0x0000000745000000| Untracked 
|   2|0x0000000745200000, 0x0000000745400000, 0x0000000745400000|100%| O|  |TAMS 0x0000000745200000| PB 0x0000000745200000| Untracked 
|   3|0x0000000745400000, 0x0000000745600000, 0x0000000745600000|100%| O|  |TAMS 0x0000000745400000| PB 0x0000000745400000| Untracked 
|   4|0x0000000745600000, 0x0000000745800000, 0x0000000745800000|100%| O|  |TAMS 0x0000000745600000| PB 0x0000000745600000| Untracked 
|   5|0x0000000745800000, 0x0000000745a00000, 0x0000000745a00000|100%| O|  |TAMS 0x0000000745800000| PB 0x0000000745800000| Untracked 
|   6|0x0000000745a00000, 0x0000000745c00000, 0x0000000745c00000|100%| O|  |TAMS 0x0000000745a00000| PB 0x0000000745a00000| Untracked 
|   7|0x0000000745c00000, 0x0000000745e00000, 0x0000000745e00000|100%| O|  |TAMS 0x0000000745c00000| PB 0x0000000745c00000| Untracked 
|   8|0x0000000745e00000, 0x0000000746000000, 0x0000000746000000|100%| O|  |TAMS 0x0000000745e00000| PB 0x0000000745e00000| Untracked 
|   9|0x0000000746000000, 0x00000007461467a0, 0x0000000746200000| 63%| O|  |TAMS 0x0000000746000000| PB 0x0000000746000000| Untracked 
|  10|0x0000000746200000, 0x0000000746400000, 0x0000000746400000|100%| O|  |TAMS 0x0000000746200000| PB 0x0000000746200000| Untracked 
|  11|0x0000000746400000, 0x0000000746600000, 0x0000000746600000|100%| O|  |TAMS 0x0000000746400000| PB 0x0000000746400000| Untracked 
|  12|0x0000000746600000, 0x0000000746800000, 0x0000000746800000|100%| O|  |TAMS 0x0000000746600000| PB 0x0000000746600000| Untracked 
|  13|0x0000000746800000, 0x0000000746800000, 0x0000000746a00000|  0%| F|  |TAMS 0x0000000746800000| PB 0x0000000746800000| Untracked 
|  14|0x0000000746a00000, 0x0000000746b64c40, 0x0000000746c00000| 69%| S|CS|TAMS 0x0000000746a00000| PB 0x0000000746a00000| Complete 
|  15|0x0000000746c00000, 0x0000000746e00000, 0x0000000746e00000|100%| S|CS|TAMS 0x0000000746c00000| PB 0x0000000746c00000| Complete 
|  16|0x0000000746e00000, 0x0000000747000000, 0x0000000747000000|100%| S|CS|TAMS 0x0000000746e00000| PB 0x0000000746e00000| Complete 
|  17|0x0000000747000000, 0x0000000747000000, 0x0000000747200000|  0%| F|  |TAMS 0x0000000747000000| PB 0x0000000747000000| Untracked 
|  18|0x0000000747200000, 0x0000000747200000, 0x0000000747400000|  0%| F|  |TAMS 0x0000000747200000| PB 0x0000000747200000| Untracked 
|  19|0x0000000747400000, 0x0000000747400000, 0x0000000747600000|  0%| F|  |TAMS 0x0000000747400000| PB 0x0000000747400000| Untracked 
|  20|0x0000000747600000, 0x0000000747600000, 0x0000000747800000|  0%| F|  |TAMS 0x0000000747600000| PB 0x0000000747600000| Untracked 
|  21|0x0000000747800000, 0x0000000747800000, 0x0000000747a00000|  0%| F|  |TAMS 0x0000000747800000| PB 0x0000000747800000| Untracked 
|  22|0x0000000747a00000, 0x0000000747a00000, 0x0000000747c00000|  0%| F|  |TAMS 0x0000000747a00000| PB 0x0000000747a00000| Untracked 
|  23|0x0000000747c00000, 0x0000000747c00000, 0x0000000747e00000|  0%| F|  |TAMS 0x0000000747c00000| PB 0x0000000747c00000| Untracked 
|  24|0x0000000747e00000, 0x0000000747e00000, 0x0000000748000000|  0%| F|  |TAMS 0x0000000747e00000| PB 0x0000000747e00000| Untracked 
|  25|0x0000000748000000, 0x0000000748000000, 0x0000000748200000|  0%| F|  |TAMS 0x0000000748000000| PB 0x0000000748000000| Untracked 
|  26|0x0000000748200000, 0x0000000748200000, 0x0000000748400000|  0%| F|  |TAMS 0x0000000748200000| PB 0x0000000748200000| Untracked 
|  27|0x0000000748400000, 0x0000000748400000, 0x0000000748600000|  0%| F|  |TAMS 0x0000000748400000| PB 0x0000000748400000| Untracked 
|  28|0x0000000748600000, 0x0000000748600000, 0x0000000748800000|  0%| F|  |TAMS 0x0000000748600000| PB 0x0000000748600000| Untracked 
|  29|0x0000000748800000, 0x0000000748800000, 0x0000000748a00000|  0%| F|  |TAMS 0x0000000748800000| PB 0x0000000748800000| Untracked 
|  30|0x0000000748a00000, 0x0000000748a00000, 0x0000000748c00000|  0%| F|  |TAMS 0x0000000748a00000| PB 0x0000000748a00000| Untracked 
|  31|0x0000000748c00000, 0x0000000748c00000, 0x0000000748e00000|  0%| F|  |TAMS 0x0000000748c00000| PB 0x0000000748c00000| Untracked 
|  32|0x0000000748e00000, 0x0000000748e00000, 0x0000000749000000|  0%| F|  |TAMS 0x0000000748e00000| PB 0x0000000748e00000| Untracked 
|  33|0x0000000749000000, 0x0000000749000000, 0x0000000749200000|  0%| F|  |TAMS 0x0000000749000000| PB 0x0000000749000000| Untracked 
|  34|0x0000000749200000, 0x0000000749200000, 0x0000000749400000|  0%| F|  |TAMS 0x0000000749200000| PB 0x0000000749200000| Untracked 
|  35|0x0000000749400000, 0x0000000749400000, 0x0000000749600000|  0%| F|  |TAMS 0x0000000749400000| PB 0x0000000749400000| Untracked 
|  36|0x0000000749600000, 0x0000000749600000, 0x0000000749800000|  0%| F|  |TAMS 0x0000000749600000| PB 0x0000000749600000| Untracked 
|  37|0x0000000749800000, 0x0000000749800000, 0x0000000749a00000|  0%| F|  |TAMS 0x0000000749800000| PB 0x0000000749800000| Untracked 
|  69|0x000000074d800000, 0x000000074d8c8670, 0x000000074da00000| 39%| E|  |TAMS 0x000000074d800000| PB 0x000000074d800000| Complete 
|  93|0x0000000750800000, 0x0000000750a00000, 0x0000000750a00000|100%| E|CS|TAMS 0x0000000750800000| PB 0x0000000750800000| Complete 

Card table byte_map: [0x000001f9e25f0000,0x000001f9e2bd0000] _byte_map_base: 0x000001f9debc9000

Marking Bits: (CMBitMap*) 0x000001f9ca8c6650
 Bits: [0x000001f9e2bd0000, 0x000001f9e5a98000)

Polling page: 0x000001f9c87d0000

Metaspace:

Usage:
  Non-class:     55.49 MB used.
      Class:      8.78 MB used.
       Both:     64.27 MB used.

Virtual space:
  Non-class space:       64.00 MB reserved,      55.94 MB ( 87%) committed,  1 nodes.
      Class space:        1.00 GB reserved,       9.12 MB ( <1%) committed,  1 nodes.
             Both:        1.06 GB reserved,      65.06 MB (  6%) committed. 

Chunk freelists:
   Non-Class:  7.98 MB
       Class:  6.79 MB
        Both:  14.77 MB

MaxMetaspaceSize: unlimited
CompressedClassSpaceSize: 1.00 GB
Initial GC threshold: 21.00 MB
Current GC threshold: 98.88 MB
CDS: on
 - commit_granule_bytes: 65536.
 - commit_granule_words: 8192.
 - virtual_space_node_default_size: 8388608.
 - enlarge_chunks_in_place: 1.
 - use_allocation_guard: 0.


Internal statistics:

num_allocs_failed_limit: 9.
num_arena_births: 1056.
num_arena_deaths: 0.
num_vsnodes_births: 2.
num_vsnodes_deaths: 0.
num_space_committed: 1041.
num_space_uncommitted: 0.
num_chunks_returned_to_freelist: 9.
num_chunks_taken_from_freelist: 3534.
num_chunk_merges: 9.
num_chunk_splits: 2531.
num_chunks_enlarged: 1936.
num_inconsistent_stats: 0.

CodeHeap 'non-profiled nmethods': size=120000Kb used=3763Kb max_used=3763Kb free=116237Kb
 bounds [0x000001f9da7b0000, 0x000001f9dab60000, 0x000001f9e1ce0000]
CodeHeap 'profiled nmethods': size=120000Kb used=10546Kb max_used=10546Kb free=109454Kb
 bounds [0x000001f9d2ce0000, 0x000001f9d3730000, 0x000001f9da210000]
CodeHeap 'non-nmethods': size=5760Kb used=1862Kb max_used=1939Kb free=3897Kb
 bounds [0x000001f9da210000, 0x000001f9da480000, 0x000001f9da7b0000]
 total_blobs=6107 nmethods=5412 adapters=598
 compilation: enabled
              stopped_count=0, restarted_count=0
 full_count=0

Compilation events (20 events):
Event: 4.053 Thread 0x000001f9e84b8da0 6072       3       org.springframework.boot.autoconfigure.condition.ConditionEvaluationReport::lambda$getConditionAndOutcomesBySource$1 (13 bytes)
Event: 4.054 Thread 0x000001f9e84b8da0 nmethod 6072 0x000001f9d3729890 code [0x000001f9d3729c00, 0x000001f9d372afd8]
Event: 4.068 Thread 0x000001f9e8894b20 nmethod 6035 0x000001f9dab59e10 code [0x000001f9dab5a200, 0x000001f9dab5c158]
Event: 4.068 Thread 0x000001f9e8894b20 6065       4       java.util.TreeMap::successor (66 bytes)
Event: 4.069 Thread 0x000001f9e8894b20 nmethod 6065 0x000001f9da9a7810 code [0x000001f9da9a79a0, 0x000001f9da9a7aa8]
Event: 4.069 Thread 0x000001f9e8894b20 6042       4       org.springframework.util.ReflectionUtils::findMethod (109 bytes)
Event: 4.074 Thread 0x000001f9e84b8da0 6073   !   3       jdk.proxy1.$Proxy4::annotationType (29 bytes)
Event: 4.075 Thread 0x000001f9e84b8da0 nmethod 6073 0x000001f9d372b790 code [0x000001f9d372b960, 0x000001f9d372bd68]
Event: 4.075 Thread 0x000001f9e84b8da0 6074       3       java.util.LinkedHashSet::<init> (28 bytes)
Event: 4.075 Thread 0x000001f9e84b8da0 nmethod 6074 0x000001f9d372bf10 code [0x000001f9d372c140, 0x000001f9d372c5f8]
Event: 4.075 Thread 0x000001f9e84b8da0 6075       3       java.lang.Character::hashCode (8 bytes)
Event: 4.075 Thread 0x000001f9e84b8da0 nmethod 6075 0x000001f9d372c790 code [0x000001f9d372c940, 0x000001f9d372caa8]
Event: 4.075 Thread 0x000001f9e84b8da0 6076       3       java.lang.Character::hashCode (2 bytes)
Event: 4.075 Thread 0x000001f9e84b8da0 nmethod 6076 0x000001f9d2e1e010 code [0x000001f9d2e1e1a0, 0x000001f9d2e1e290]
Event: 4.079 Thread 0x000001f9e84b8da0 6078       3       java.util.stream.StreamSpliterators$AbstractWrappingSpliterator::init (29 bytes)
Event: 4.079 Thread 0x000001f9e84b8da0 nmethod 6078 0x000001f9d372cb90 code [0x000001f9d372cd60, 0x000001f9d372d130]
Event: 4.098 Thread 0x000001f9e84b8da0 6079       3       java.lang.invoke.MethodHandles::classData (17 bytes)
Event: 4.098 Thread 0x000001f9e84b8da0 nmethod 6079 0x000001f9d372d210 code [0x000001f9d372d400, 0x000001f9d372d7d8]
Event: 4.098 Thread 0x000001f9e84b8da0 6080       3       java.lang.System$2::classData (5 bytes)
Event: 4.098 Thread 0x000001f9e84b8da0 nmethod 6080 0x000001f9d372d990 code [0x000001f9d372db20, 0x000001f9d372dc50]

GC Heap History (20 events):
Event: 0.335 GC heap before
{Heap before GC invocations=0 (full 0):
 garbage-first heap   total 192512K, used 20480K [0x0000000744e00000, 0x0000000800000000)
  region size 2048K, 11 young (22528K), 0 survivors (0K)
 Metaspace       used 4259K, committed 4416K, reserved 1114112K
  class space    used 487K, committed 576K, reserved 1048576K
}
Event: 0.340 GC heap after
{Heap after GC invocations=1 (full 0):
 garbage-first heap   total 192512K, used 8544K [0x0000000744e00000, 0x0000000800000000)
  region size 2048K, 2 young (4096K), 2 survivors (4096K)
 Metaspace       used 4259K, committed 4416K, reserved 1114112K
  class space    used 487K, committed 576K, reserved 1048576K
}
Event: 0.661 GC heap before
{Heap before GC invocations=1 (full 0):
 garbage-first heap   total 192512K, used 31072K [0x0000000744e00000, 0x0000000800000000)
  region size 2048K, 13 young (26624K), 2 survivors (4096K)
 Metaspace       used 10898K, committed 11136K, reserved 1114112K
  class space    used 1354K, committed 1472K, reserved 1048576K
}
Event: 0.665 GC heap after
{Heap after GC invocations=2 (full 0):
 garbage-first heap   total 192512K, used 10590K [0x0000000744e00000, 0x0000000800000000)
  region size 2048K, 1 young (2048K), 1 survivors (2048K)
 Metaspace       used 10898K, committed 11136K, reserved 1114112K
  class space    used 1354K, committed 1472K, reserved 1048576K
}
Event: 1.051 GC heap before
{Heap before GC invocations=2 (full 0):
 garbage-first heap   total 192512K, used 51550K [0x0000000744e00000, 0x0000000800000000)
  region size 2048K, 22 young (45056K), 1 survivors (2048K)
 Metaspace       used 21222K, committed 21504K, reserved 1114112K
  class space    used 2724K, committed 2880K, reserved 1048576K
}
Event: 1.055 GC heap after
{Heap after GC invocations=3 (full 0):
 garbage-first heap   total 192512K, used 13992K [0x0000000744e00000, 0x0000000800000000)
  region size 2048K, 3 young (6144K), 3 survivors (6144K)
 Metaspace       used 21222K, committed 21504K, reserved 1114112K
  class space    used 2724K, committed 2880K, reserved 1048576K
}
Event: 1.607 GC heap before
{Heap before GC invocations=4 (full 0):
 garbage-first heap   total 61440K, used 59048K [0x0000000744e00000, 0x0000000800000000)
  region size 2048K, 25 young (51200K), 3 survivors (6144K)
 Metaspace       used 26867K, committed 27264K, reserved 1114112K
  class space    used 3438K, committed 3584K, reserved 1048576K
}
Event: 1.614 GC heap after
{Heap after GC invocations=5 (full 0):
 garbage-first heap   total 71680K, used 17786K [0x0000000744e00000, 0x0000000800000000)
  region size 2048K, 5 young (10240K), 5 survivors (10240K)
 Metaspace       used 26867K, committed 27264K, reserved 1114112K
  class space    used 3438K, committed 3584K, reserved 1048576K
}
Event: 2.061 GC heap before
{Heap before GC invocations=5 (full 0):
 garbage-first heap   total 71680K, used 50554K [0x0000000744e00000, 0x0000000800000000)
  region size 2048K, 21 young (43008K), 5 survivors (10240K)
 Metaspace       used 33514K, committed 33984K, reserved 1114112K
  class space    used 4404K, committed 4608K, reserved 1048576K
}
Event: 2.070 GC heap after
{Heap after GC invocations=6 (full 0):
 garbage-first heap   total 71680K, used 20130K [0x0000000744e00000, 0x0000000800000000)
  region size 2048K, 2 young (4096K), 2 survivors (4096K)
 Metaspace       used 33514K, committed 33984K, reserved 1114112K
  class space    used 4404K, committed 4608K, reserved 1048576K
}
Event: 2.200 GC heap before
{Heap before GC invocations=6 (full 0):
 garbage-first heap   total 71680K, used 26274K [0x0000000744e00000, 0x0000000800000000)
  region size 2048K, 6 young (12288K), 2 survivors (4096K)
 Metaspace       used 35588K, committed 36096K, reserved 1114112K
  class space    used 4755K, committed 4992K, reserved 1048576K
}
Event: 2.205 GC heap after
{Heap after GC invocations=7 (full 0):
 garbage-first heap   total 86016K, used 20273K [0x0000000744e00000, 0x0000000800000000)
  region size 2048K, 2 young (4096K), 2 survivors (4096K)
 Metaspace       used 35588K, committed 36096K, reserved 1114112K
  class space    used 4755K, committed 4992K, reserved 1048576K
}
Event: 2.835 GC heap before
{Heap before GC invocations=8 (full 0):
 garbage-first heap   total 81920K, used 65329K [0x0000000744e00000, 0x0000000800000000)
  region size 2048K, 24 young (49152K), 2 survivors (4096K)
 Metaspace       used 49699K, committed 50176K, reserved 1114112K
  class space    used 6727K, committed 6976K, reserved 1048576K
}
Event: 2.842 GC heap after
{Heap after GC invocations=9 (full 0):
 garbage-first heap   total 81920K, used 23725K [0x0000000744e00000, 0x0000000800000000)
  region size 2048K, 3 young (6144K), 3 survivors (6144K)
 Metaspace       used 49699K, committed 50176K, reserved 1114112K
  class space    used 6727K, committed 6976K, reserved 1048576K
}
Event: 3.317 GC heap before
{Heap before GC invocations=9 (full 0):
 garbage-first heap   total 81920K, used 64685K [0x0000000744e00000, 0x0000000800000000)
  region size 2048K, 23 young (47104K), 3 survivors (6144K)
 Metaspace       used 57794K, committed 58304K, reserved 1114112K
  class space    used 7864K, committed 8064K, reserved 1048576K
}
Event: 3.327 GC heap after
{Heap after GC invocations=10 (full 0):
 garbage-first heap   total 81920K, used 26476K [0x0000000744e00000, 0x0000000800000000)
  region size 2048K, 2 young (4096K), 2 survivors (4096K)
 Metaspace       used 57794K, committed 58304K, reserved 1114112K
  class space    used 7864K, committed 8064K, reserved 1048576K
}
Event: 3.543 GC heap before
{Heap before GC invocations=10 (full 0):
 garbage-first heap   total 81920K, used 57196K [0x0000000744e00000, 0x0000000800000000)
  region size 2048K, 18 young (36864K), 2 survivors (4096K)
 Metaspace       used 59833K, committed 60416K, reserved 1114112K
  class space    used 8110K, committed 8384K, reserved 1048576K
}
Event: 3.548 GC heap after
{Heap after GC invocations=11 (full 0):
 garbage-first heap   total 81920K, used 27468K [0x0000000744e00000, 0x0000000800000000)
  region size 2048K, 2 young (4096K), 2 survivors (4096K)
 Metaspace       used 59833K, committed 60416K, reserved 1114112K
  class space    used 8110K, committed 8384K, reserved 1048576K
}
Event: 4.057 GC heap before
{Heap before GC invocations=12 (full 0):
 garbage-first heap   total 81920K, used 70476K [0x0000000744e00000, 0x0000000800000000)
  region size 2048K, 23 young (47104K), 2 survivors (4096K)
 Metaspace       used 65148K, committed 65856K, reserved 1114112K
  class space    used 8900K, committed 9216K, reserved 1048576K
}
Event: 4.066 GC heap after
{Heap after GC invocations=13 (full 0):
 garbage-first heap   total 81920K, used 31404K [0x0000000744e00000, 0x0000000800000000)
  region size 2048K, 3 young (6144K), 3 survivors (6144K)
 Metaspace       used 65148K, committed 65856K, reserved 1114112K
  class space    used 8900K, committed 9216K, reserved 1048576K
}

Dll operation events (11 events):
Event: 0.004 Loaded shared library C:\Program Files\Java\jdk-21\bin\java.dll
Event: 0.027 Loaded shared library C:\Program Files\Java\jdk-21\bin\jsvml.dll
Event: 0.037 Loaded shared library C:\Program Files\Java\jdk-21\bin\net.dll
Event: 0.038 Loaded shared library C:\Program Files\Java\jdk-21\bin\nio.dll
Event: 0.040 Loaded shared library C:\Program Files\Java\jdk-21\bin\zip.dll
Event: 0.070 Loaded shared library C:\Program Files\Java\jdk-21\bin\management.dll
Event: 0.073 Loaded shared library C:\Program Files\Java\jdk-21\bin\management_ext.dll
Event: 0.083 Loaded shared library C:\Program Files\Java\jdk-21\bin\jimage.dll
Event: 1.088 Loaded shared library C:\Program Files\Java\jdk-21\bin\sunmscapi.dll
Event: 2.072 Loaded shared library C:\Program Files\Java\jdk-21\bin\verify.dll
Event: 2.296 Loaded shared library C:\Program Files\Java\jdk-21\bin\extnet.dll

Deoptimization events (20 events):
Event: 4.081 Thread 0x000001f9c86095f0 Uncommon trap: trap_request=0xffffffc6 fr.pc=0x000001f9da92eacc relative=0x00000000000006ac
Event: 4.081 Thread 0x000001f9c86095f0 Uncommon trap: reason=bimorphic_or_optimized_type_check action=maybe_recompile pc=0x000001f9da92eacc method=org.springframework.core.annotation.AnnotationsScanner.processMethodInheritedAnnotations(Ljava/lang/Object;Ljava/lang/reflect/Method;Lorg/springfra
Event: 4.081 Thread 0x000001f9c86095f0 DEOPT PACKING pc=0x000001f9da92eacc sp=0x0000003754afce00
Event: 4.081 Thread 0x000001f9c86095f0 DEOPT UNPACKING pc=0x000001f9da267da2 sp=0x0000003754afcd88 mode 2
Event: 4.094 Thread 0x000001f9c86095f0 Uncommon trap: trap_request=0xffffff45 fr.pc=0x000001f9da875be0 relative=0x0000000000000760
Event: 4.094 Thread 0x000001f9c86095f0 Uncommon trap: reason=unstable_if action=reinterpret pc=0x000001f9da875be0 method=java.lang.reflect.Method.isCallerSensitive()Z @ 14 c2
Event: 4.094 Thread 0x000001f9c86095f0 DEOPT PACKING pc=0x000001f9da875be0 sp=0x0000003754af94d0
Event: 4.094 Thread 0x000001f9c86095f0 DEOPT UNPACKING pc=0x000001f9da267da2 sp=0x0000003754af9458 mode 2
Event: 4.094 Thread 0x000001f9c86095f0 Uncommon trap: trap_request=0xffffff45 fr.pc=0x000001f9daa9b7f8 relative=0x0000000000000598
Event: 4.094 Thread 0x000001f9c86095f0 Uncommon trap: reason=unstable_if action=reinterpret pc=0x000001f9daa9b7f8 method=java.lang.reflect.Method.isCallerSensitive()Z @ 29 c2
Event: 4.094 Thread 0x000001f9c86095f0 DEOPT PACKING pc=0x000001f9daa9b7f8 sp=0x0000003754af9400
Event: 4.094 Thread 0x000001f9c86095f0 DEOPT UNPACKING pc=0x000001f9da267da2 sp=0x0000003754af93d0 mode 2
Event: 4.101 Thread 0x000001f9c86095f0 Uncommon trap: trap_request=0xffffffde fr.pc=0x000001f9da8ab618 relative=0x0000000000001ad8
Event: 4.101 Thread 0x000001f9c86095f0 Uncommon trap: reason=class_check action=maybe_recompile pc=0x000001f9da8ab618 method=java.util.zip.InflaterInputStream.read([BII)I @ 78 c2
Event: 4.101 Thread 0x000001f9c86095f0 DEOPT PACKING pc=0x000001f9da8ab618 sp=0x0000003754af9a20
Event: 4.101 Thread 0x000001f9c86095f0 DEOPT UNPACKING pc=0x000001f9da267da2 sp=0x0000003754af9a80 mode 2
Event: 4.101 Thread 0x000001f9c86095f0 Uncommon trap: trap_request=0xffffffde fr.pc=0x000001f9da8ab618 relative=0x0000000000001ad8
Event: 4.101 Thread 0x000001f9c86095f0 Uncommon trap: reason=class_check action=maybe_recompile pc=0x000001f9da8ab618 method=java.util.zip.InflaterInputStream.read([BII)I @ 78 c2
Event: 4.101 Thread 0x000001f9c86095f0 DEOPT PACKING pc=0x000001f9da8ab618 sp=0x0000003754af9a20
Event: 4.101 Thread 0x000001f9c86095f0 DEOPT UNPACKING pc=0x000001f9da267da2 sp=0x0000003754af9a80 mode 2

Classes loaded (20 events):
Event: 4.102 Loading class java/lang/ProcessBuilder
Event: 4.102 Loading class java/lang/ProcessBuilder done
Event: 4.102 Loading class java/lang/ProcessImpl
Event: 4.103 Loading class java/lang/ProcessImpl done
Event: 4.106 Loading class java/lang/ProcessImpl$2
Event: 4.106 Loading class java/lang/ProcessImpl$2 done
Event: 4.106 Loading class java/lang/Process$PipeInputStream
Event: 4.106 Loading class java/lang/Process$PipeInputStream done
Event: 4.106 Loading class jdk/internal/event/ProcessStartEvent
Event: 4.106 Loading class jdk/internal/event/ProcessStartEvent done
Event: 4.107 Loading class jdk/internal/logger/LazyLoggers
Event: 4.107 Loading class jdk/internal/logger/LazyLoggers done
Event: 4.107 Loading class jdk/internal/logger/LazyLoggers$1
Event: 4.107 Loading class jdk/internal/logger/LazyLoggers$1 done
Event: 4.107 Loading class jdk/internal/logger/LazyLoggers$LazyLoggerFactories
Event: 4.107 Loading class jdk/internal/logger/LazyLoggers$LazyLoggerFactories done
Event: 4.107 Loading class jdk/internal/logger/LoggerFinderLoader
Event: 4.107 Loading class jdk/internal/logger/LoggerFinderLoader done
Event: 4.108 Loading class sun/util/logging/internal/LoggingProviderImpl$JULWrapper
Event: 4.109 Loading class sun/util/logging/internal/LoggingProviderImpl$JULWrapper done

Classes unloaded (0 events):
No events

Classes redefined (0 events):
No events

Internal exceptions (20 events):
Event: 3.576 Thread 0x000001f9c86095f0 Exception <a 'java/lang/NoSuchMethodError'{0x000000075099f850}: 'int java.lang.invoke.DirectMethodHandle$Holder.invokeSpecialIFC(java.lang.Object, java.lang.Object, java.lang.Object)'> (0x000000075099f850) 
thrown [s\open\src\hotspot\share\interpreter\linkResolver.cpp, line 773]
Event: 3.576 Thread 0x000001f9c86095f0 Exception <a 'java/lang/NoSuchMethodError'{0x00000007509ac0f8}: 'void java.lang.invoke.DirectMethodHandle$Holder.invokeStatic(java.lang.Object, int, java.lang.Object)'> (0x00000007509ac0f8) 
thrown [s\open\src\hotspot\share\interpreter\linkResolver.cpp, line 773]
Event: 3.614 Thread 0x000001f9c86095f0 Exception <a 'java/lang/NoSuchMethodError'{0x0000000749953440}: 'java.lang.Object java.lang.invoke.DirectMethodHandle$Holder.newInvokeSpecial(java.lang.Object, java.lang.Object, java.lang.Object, java.lang.Object, java.lang.Object, java.lang.Object, java.lang.Object, java.lang.Object)'> (0x0000000749953440) 
thrown [s\open\src\hotspot\share\interpreter\linkResolver.cpp, line 773]
Event: 3.676 Thread 0x000001f9c86095f0 Exception <a 'java/lang/NoSuchMethodError'{0x00000007491ec340}: 'java.lang.Object java.lang.invoke.DirectMethodHandle$Holder.invokeVirtual(java.lang.Object, java.lang.Object, java.lang.Object, java.lang.Object, java.lang.Object, java.lang.Object, java.lang.Object)'> (0x00000007491ec340) 
thrown [s\open\src\hotspot\share\interpreter\linkResolver.cpp, line 773]
Event: 3.833 Thread 0x000001f9c86095f0 Exception <a 'java/lang/IncompatibleClassChangeError'{0x00000007482cb8f8}: Found class java.lang.Object, but interface was expected> (0x00000007482cb8f8) 
thrown [s\open\src\hotspot\share\interpreter\linkResolver.cpp, line 840]
Event: 3.862 Thread 0x000001f9c86095f0 Exception <a 'java/lang/NoSuchMethodError'{0x0000000748089310}: 'void java.lang.invoke.DirectMethodHandle$Holder.invokeVirtual(java.lang.Object, java.lang.Object, long)'> (0x0000000748089310) 
thrown [s\open\src\hotspot\share\interpreter\linkResolver.cpp, line 773]
Event: 3.916 Thread 0x000001f9c86095f0 Exception <a 'java/lang/NoSuchMethodError'{0x00000007478397e8}: 'int java.lang.invoke.DirectMethodHandle$Holder.invokeStaticInit(java.lang.Object, java.lang.Object, java.lang.Object, java.lang.Object)'> (0x00000007478397e8) 
thrown [s\open\src\hotspot\share\interpreter\linkResolver.cpp, line 773]
Event: 3.920 Thread 0x000001f9c86095f0 Implicit null exception at 0x000001f9da9b52f3 to 0x000001f9da9b5916
Event: 3.938 Thread 0x000001f9c86095f0 Exception <a 'java/lang/NoSuchMethodError'{0x000000074795f760}: 'java.lang.Object java.lang.invoke.DirectMethodHandle$Holder.invokeVirtual(java.lang.Object, java.lang.Object, java.lang.Object, java.lang.Object, java.lang.Object, java.lang.Object, java.lang.Object, java.lang.Object, java.lang.Object)'> (0x000000074795f760) 
thrown [s\open\src\hotspot\share\interpreter\linkResolver.cpp, line 773]
Event: 3.965 Thread 0x000001f9c86095f0 Exception <a 'java/lang/NoSuchMethodError'{0x00000007476dad18}: 'java.lang.Object java.lang.invoke.DirectMethodHandle$Holder.invokeVirtual(java.lang.Object, java.lang.Object, java.lang.Object, java.lang.Object, java.lang.Object, java.lang.Object, java.lang.Object, java.lang.Object, java.lang.Object, java.lang.Object)'> (0x00000007476dad18) 
thrown [s\open\src\hotspot\share\interpreter\linkResolver.cpp, line 773]
Event: 3.989 Thread 0x000001f9c86095f0 Implicit null exception at 0x000001f9da939308 to 0x000001f9da939574
Event: 4.023 Thread 0x000001f9c86095f0 Exception <a 'java/io/FileNotFoundException'{0x000000074735d9b8}> (0x000000074735d9b8) 
thrown [s\open\src\hotspot\share\prims\jni.cpp, line 520]
Event: 4.024 Thread 0x000001f9c86095f0 Exception <a 'java/io/FileNotFoundException'{0x0000000747367e40}> (0x0000000747367e40) 
thrown [s\open\src\hotspot\share\prims\jni.cpp, line 520]
Event: 4.046 Thread 0x000001f9c86095f0 Exception <a 'java/lang/NoSuchMethodError'{0x0000000747178998}: 'java.lang.Object java.lang.invoke.DirectMethodHandle$Holder.newInvokeSpecial(java.lang.Object, java.lang.Object, int, java.lang.Object, java.lang.Object)'> (0x0000000747178998) 
thrown [s\open\src\hotspot\share\interpreter\linkResolver.cpp, line 773]
Event: 4.047 Thread 0x000001f9c86095f0 Exception <a 'java/lang/NoSuchMethodError'{0x0000000747183b80}: 'java.lang.Object java.lang.invoke.DirectMethodHandle$Holder.invokeSpecial(java.lang.Object, java.lang.Object, int, java.lang.Object, int, java.lang.Object)'> (0x0000000747183b80) 
thrown [s\open\src\hotspot\share\interpreter\linkResolver.cpp, line 773]
Event: 4.047 Thread 0x000001f9c86095f0 Exception <a 'java/lang/NoSuchMethodError'{0x000000074718b140}: 'java.lang.Object java.lang.invoke.DirectMethodHandle$Holder.newInvokeSpecial(java.lang.Object, java.lang.Object, int, java.lang.Object, int)'> (0x000000074718b140) 
thrown [s\open\src\hotspot\share\interpreter\linkResolver.cpp, line 773]
Event: 4.047 Thread 0x000001f9c86095f0 Exception <a 'java/lang/NoSuchMethodError'{0x000000074718f4c8}: 'java.lang.Object java.lang.invoke.DirectMethodHandle$Holder.invokeSpecial(java.lang.Object, java.lang.Object, java.lang.Object, int, java.lang.Object, int)'> (0x000000074718f4c8) 
thrown [s\open\src\hotspot\share\interpreter\linkResolver.cpp, line 773]
Event: 4.095 Thread 0x000001f9c86095f0 Exception <a 'java/lang/NoSuchMethodError'{0x00000007509ead88}: method resolution failed> (0x00000007509ead88) 
thrown [s\open\src\hotspot\share\prims\methodHandles.cpp, line 1144]
Event: 4.098 Thread 0x000001f9c86095f0 Exception <a 'java/lang/NoSuchMethodError'{0x000000074d8213e0}: 'long java.lang.invoke.DelegatingMethodHandle$Holder.reinvoke_L(java.lang.Object, java.lang.Object)'> (0x000000074d8213e0) 
thrown [s\open\src\hotspot\share\interpreter\linkResolver.cpp, line 773]
Event: 4.106 Thread 0x000001f9c86095f0 Exception <a 'java/lang/NoSuchMethodError'{0x000000074d8491c0}: 'void java.lang.invoke.DirectMethodHandle$Holder.invokeStatic(java.lang.Object, long)'> (0x000000074d8491c0) 
thrown [s\open\src\hotspot\share\interpreter\linkResolver.cpp, line 773]

ZGC Phase Switch (0 events):
No events

VM Operations (20 events):
Event: 3.508 Executing VM operation: ICBufferFull
Event: 3.508 Executing VM operation: ICBufferFull done
Event: 3.543 Executing VM operation: CollectForMetadataAllocation (Metadata GC Threshold)
Event: 3.548 Executing VM operation: CollectForMetadataAllocation (Metadata GC Threshold) done
Event: 3.559 Executing VM operation: G1PauseRemark
Event: 3.564 Executing VM operation: G1PauseRemark done
Event: 3.570 Executing VM operation: G1PauseCleanup
Event: 3.570 Executing VM operation: G1PauseCleanup done
Event: 3.728 Executing VM operation: HandshakeAllThreads (Deoptimize)
Event: 3.728 Executing VM operation: HandshakeAllThreads (Deoptimize) done
Event: 3.745 Executing VM operation: HandshakeAllThreads (Deoptimize)
Event: 3.745 Executing VM operation: HandshakeAllThreads (Deoptimize) done
Event: 3.746 Executing VM operation: HandshakeAllThreads (Deoptimize)
Event: 3.746 Executing VM operation: HandshakeAllThreads (Deoptimize) done
Event: 3.809 Executing VM operation: ICBufferFull
Event: 3.810 Executing VM operation: ICBufferFull done
Event: 3.878 Executing VM operation: HandshakeAllThreads (Deoptimize)
Event: 3.878 Executing VM operation: HandshakeAllThreads (Deoptimize) done
Event: 4.057 Executing VM operation: G1CollectForAllocation (G1 Evacuation Pause)
Event: 4.066 Executing VM operation: G1CollectForAllocation (G1 Evacuation Pause) done

Events (20 events):
Event: 3.563 Thread 0x000001f9e8467170 flushing nmethod 0x000001f9da8ec810
Event: 3.563 Thread 0x000001f9e8467170 flushing nmethod 0x000001f9da8e0f90
Event: 3.563 Thread 0x000001f9e8467170 flushing nmethod 0x000001f9da8d9790
Event: 3.563 Thread 0x000001f9e8467170 flushing nmethod 0x000001f9da8d3490
Event: 3.563 Thread 0x000001f9e8467170 flushing nmethod 0x000001f9da8bf810
Event: 3.563 Thread 0x000001f9e8467170 flushing nmethod 0x000001f9da8c9610
Event: 3.563 Thread 0x000001f9e8467170 flushing nmethod 0x000001f9da874910
Event: 3.563 Thread 0x000001f9e8467170 flushing nmethod 0x000001f9da8b3a90
Event: 3.563 Thread 0x000001f9e8467170 flushing nmethod 0x000001f9da8a0b10
Event: 3.563 Thread 0x000001f9e8467170 flushing nmethod 0x000001f9da895190
Event: 3.563 Thread 0x000001f9e8467170 flushing nmethod 0x000001f9da861590
Event: 3.563 Thread 0x000001f9e8467170 flushing nmethod 0x000001f9da854f10
Event: 3.563 Thread 0x000001f9e8467170 flushing nmethod 0x000001f9da850390
Event: 3.563 Thread 0x000001f9e8467170 flushing nmethod 0x000001f9da858290
Event: 3.563 Thread 0x000001f9e8467170 flushing nmethod 0x000001f9da857090
Event: 3.563 Thread 0x000001f9e8467170 flushing nmethod 0x000001f9da839a10
Event: 3.563 Thread 0x000001f9e8467170 flushing nmethod 0x000001f9da80e590
Event: 3.563 Thread 0x000001f9e8467170 flushing nmethod 0x000001f9da7ff010
Event: 3.563 Thread 0x000001f9e8467170 flushing nmethod 0x000001f9da7ca810
Event: 3.563 Thread 0x000001f9e8467170 flushing nmethod 0x000001f9da7b0610


Dynamic libraries:
0x00007ff79ad00000 - 0x00007ff79ad10000 	C:\Program Files\Java\jdk-21\bin\java.exe
0x00007ff8d7970000 - 0x00007ff8d7b68000 	C:\Windows\SYSTEM32\ntdll.dll
0x00007ff8d5ef0000 - 0x00007ff8d5faf000 	C:\Windows\System32\KERNEL32.DLL
0x00007ff8d5530000 - 0x00007ff8d5826000 	C:\Windows\System32\KERNELBASE.dll
0x00007ff8d58d0000 - 0x00007ff8d59d0000 	C:\Windows\System32\ucrtbase.dll
0x00007ff8cf100000 - 0x00007ff8cf119000 	C:\Program Files\Java\jdk-21\bin\jli.dll
0x00007ff8cf0e0000 - 0x00007ff8cf0fb000 	C:\Program Files\Java\jdk-21\bin\VCRUNTIME140.dll
0x00007ff8d6ea0000 - 0x00007ff8d6f4f000 	C:\Windows\System32\ADVAPI32.dll
0x00007ff8d5fb0000 - 0x00007ff8d604e000 	C:\Windows\System32\msvcrt.dll
0x00007ff8d6930000 - 0x00007ff8d69cc000 	C:\Windows\System32\sechost.dll
0x00007ff8d7200000 - 0x00007ff8d7326000 	C:\Windows\System32\RPCRT4.dll
0x00007ff8d74e0000 - 0x00007ff8d767d000 	C:\Windows\System32\USER32.dll
0x00007ff8d5830000 - 0x00007ff8d5852000 	C:\Windows\System32\win32u.dll
0x00007ff8a0470000 - 0x00007ff8a070a000 	C:\Windows\WinSxS\amd64_microsoft.windows.common-controls_6595b64144ccf1df_6.0.19041.1110_none_60b5254171f9507e\COMCTL32.dll
0x00007ff8d59d0000 - 0x00007ff8d59fc000 	C:\Windows\System32\GDI32.dll
0x00007ff8d5410000 - 0x00007ff8d5525000 	C:\Windows\System32\gdi32full.dll
0x00007ff8d52c0000 - 0x00007ff8d535d000 	C:\Windows\System32\msvcp_win.dll
0x00007ff8c6930000 - 0x00007ff8c693a000 	C:\Windows\SYSTEM32\VERSION.dll
0x00007ff8d77b0000 - 0x00007ff8d77e0000 	C:\Windows\System32\IMM32.DLL
0x00007ff8cf0d0000 - 0x00007ff8cf0dc000 	C:\Program Files\Java\jdk-21\bin\vcruntime140_1.dll
0x00007ff8b6ec0000 - 0x00007ff8b6f4e000 	C:\Program Files\Java\jdk-21\bin\msvcp140.dll
0x00007ff8b0b10000 - 0x00007ff8b1825000 	C:\Program Files\Java\jdk-21\bin\server\jvm.dll
0x00007ff8d7680000 - 0x00007ff8d76eb000 	C:\Windows\System32\WS2_32.dll
0x00007ff8d45c0000 - 0x00007ff8d460b000 	C:\Windows\SYSTEM32\POWRPROF.dll
0x00007ff8c90b0000 - 0x00007ff8c90d7000 	C:\Windows\SYSTEM32\WINMM.dll
0x00007ff8d4480000 - 0x00007ff8d4492000 	C:\Windows\SYSTEM32\UMPDC.dll
0x00007ff8d3890000 - 0x00007ff8d38a2000 	C:\Windows\SYSTEM32\kernel.appcore.dll
0x00007ff8cdb00000 - 0x00007ff8cdb0a000 	C:\Program Files\Java\jdk-21\bin\jimage.dll
0x00007ff8d3680000 - 0x00007ff8d3864000 	C:\Windows\SYSTEM32\DBGHELP.DLL
0x00007ff8a0be0000 - 0x00007ff8a0c14000 	C:\Windows\SYSTEM32\dbgcore.DLL
0x00007ff8d5230000 - 0x00007ff8d52b2000 	C:\Windows\System32\bcryptPrimitives.dll
0x00007ff8cdae0000 - 0x00007ff8cdaff000 	C:\Program Files\Java\jdk-21\bin\java.dll
0x00007ff8d60c0000 - 0x00007ff8d6804000 	C:\Windows\System32\SHELL32.dll
0x00007ff8d2e10000 - 0x00007ff8d35a3000 	C:\Windows\SYSTEM32\windows.storage.dll
0x00007ff8d5b90000 - 0x00007ff8d5ee4000 	C:\Windows\System32\combase.dll
0x00007ff8d4aa0000 - 0x00007ff8d4ace000 	C:\Windows\SYSTEM32\Wldp.dll
0x00007ff8d5ad0000 - 0x00007ff8d5b7d000 	C:\Windows\System32\SHCORE.dll
0x00007ff8d6e40000 - 0x00007ff8d6e95000 	C:\Windows\System32\shlwapi.dll
0x00007ff8d4f90000 - 0x00007ff8d4faf000 	C:\Windows\SYSTEM32\profapi.dll
0x00007ff8b6350000 - 0x00007ff8b6427000 	C:\Program Files\Java\jdk-21\bin\jsvml.dll
0x00007ff8cda70000 - 0x00007ff8cda80000 	C:\Program Files\Java\jdk-21\bin\net.dll
0x00007ff8cd0e0000 - 0x00007ff8cd1ea000 	C:\Windows\SYSTEM32\WINHTTP.dll
0x00007ff8d4800000 - 0x00007ff8d486a000 	C:\Windows\system32\mswsock.dll
0x00007ff8cb800000 - 0x00007ff8cb816000 	C:\Program Files\Java\jdk-21\bin\nio.dll
0x00007ff8c29a0000 - 0x00007ff8c29b8000 	C:\Program Files\Java\jdk-21\bin\zip.dll
0x00007ff8bb2b0000 - 0x00007ff8bb2ba000 	C:\Program Files\Java\jdk-21\bin\management.dll
0x00007ff8baca0000 - 0x00007ff8bacab000 	C:\Program Files\Java\jdk-21\bin\management_ext.dll
0x00007ff8d6fd0000 - 0x00007ff8d6fd8000 	C:\Windows\System32\PSAPI.DLL
0x00007ff8b8b20000 - 0x00007ff8b8b2e000 	C:\Program Files\Java\jdk-21\bin\sunmscapi.dll
0x00007ff8d50d0000 - 0x00007ff8d522e000 	C:\Windows\System32\CRYPT32.dll
0x00007ff8d4b10000 - 0x00007ff8d4b38000 	C:\Windows\SYSTEM32\ncrypt.dll
0x00007ff8d4ad0000 - 0x00007ff8d4b0b000 	C:\Windows\SYSTEM32\NTASN1.dll
0x00007ff8d49f0000 - 0x00007ff8d4a08000 	C:\Windows\SYSTEM32\CRYPTSP.dll
0x00007ff8d40b0000 - 0x00007ff8d40e4000 	C:\Windows\system32\rsaenh.dll
0x00007ff8d50a0000 - 0x00007ff8d50c7000 	C:\Windows\System32\bcrypt.dll
0x00007ff8d4f50000 - 0x00007ff8d4f7e000 	C:\Windows\SYSTEM32\USERENV.dll
0x00007ff8d4a10000 - 0x00007ff8d4a1c000 	C:\Windows\SYSTEM32\CRYPTBASE.dll
0x00007ff8d44a0000 - 0x00007ff8d44dc000 	C:\Windows\SYSTEM32\IPHLPAPI.DLL
0x00007ff8d60b0000 - 0x00007ff8d60b8000 	C:\Windows\System32\NSI.dll
0x00007ff8cb7f0000 - 0x00007ff8cb800000 	C:\Program Files\Java\jdk-21\bin\verify.dll
0x00007ff8d44f0000 - 0x00007ff8d45ba000 	C:\Windows\SYSTEM32\DNSAPI.dll
0x00007ff8c1d30000 - 0x00007ff8c1d3a000 	C:\Windows\System32\rasadhlp.dll
0x00007ff8c5820000 - 0x00007ff8c58a2000 	C:\Windows\System32\fwpuclnt.dll
0x00007ff8bac20000 - 0x00007ff8bac27000 	C:\Program Files\Java\jdk-21\bin\extnet.dll

dbghelp: loaded successfully - version: 4.0.5 - missing functions: none
symbol engine: initialized successfully - sym options: 0x614 - pdb path: .;C:\Program Files\Java\jdk-21\bin;C:\Windows\SYSTEM32;C:\Windows\WinSxS\amd64_microsoft.windows.common-controls_6595b64144ccf1df_6.0.19041.1110_none_60b5254171f9507e;C:\Program Files\Java\jdk-21\bin\server

VM Arguments:
java_command: C:\Users\Hamed\AppData\Local\Temp\surefire12412979731276874087\surefirebooter-20231225080701582_3.jar C:\Users\Hamed\AppData\Local\Temp\surefire12412979731276874087 2023-12-25T08-07-01_486-jvmRun1 surefire-20231225080701582_1tmp surefire_0-20231225080701582_2tmp
java_class_path (initial): C:\Users\Hamed\AppData\Local\Temp\surefire12412979731276874087\surefirebooter-20231225080701582_3.jar
Launcher Type: SUN_STANDARD

[Global flags]
     intx CICompilerCount                          = 4                                         {product} {ergonomic}
     uint ConcGCThreads                            = 2                                         {product} {ergonomic}
     uint G1ConcRefinementThreads                  = 8                                         {product} {ergonomic}
   size_t G1HeapRegionSize                         = 2097152                                   {product} {ergonomic}
    uintx GCDrainStackTargetSize                   = 64                                        {product} {ergonomic}
   size_t InitialHeapSize                          = 197132288                                 {product} {ergonomic}
   size_t MarkStackSize                            = 4194304                                   {product} {ergonomic}
   size_t MaxHeapSize                              = 3139436544                                {product} {ergonomic}
   size_t MaxNewSize                               = 1883242496                                {product} {ergonomic}
   size_t MinHeapDeltaBytes                        = 2097152                                   {product} {ergonomic}
   size_t MinHeapSize                              = 8388608                                   {product} {ergonomic}
    uintx NonNMethodCodeHeapSize                   = 5839372                                {pd product} {ergonomic}
    uintx NonProfiledCodeHeapSize                  = 122909434                              {pd product} {ergonomic}
    uintx ProfiledCodeHeapSize                     = 122909434                              {pd product} {ergonomic}
    uintx ReservedCodeCacheSize                    = 251658240                              {pd product} {ergonomic}
     bool SegmentedCodeCache                       = true                                      {product} {ergonomic}
   size_t SoftMaxHeapSize                          = 3139436544                             {manageable} {ergonomic}
     bool UseCompressedOops                        = true                           {product lp64_product} {ergonomic}
     bool UseG1GC                                  = true                                      {product} {ergonomic}
     bool UseLargePagesIndividualAllocation        = false                                  {pd product} {ergonomic}

Logging:
Log output configuration:
 #0: stdout all=warning uptime,level,tags foldmultilines=false
 #1: stderr all=off uptime,level,tags foldmultilines=false

Environment Variables:
PATH=C:\app\Hamed\virtual\product\12.2.0\dbhome_1\bin;C:\app\Hamed\product\dbhomeXE\bin;C:\DevSuiteHome_1\jre\1.4.2\bin\client;C:\DevSuiteHome_1\jre\1.4.2\bin;C:\ProgramData\Oracle\Java\javapath;C:\Program Files (x86)\VMware\VMware Workstation\bin\;C:\Python312\Scripts\;C:\Python312\;C:\Program Files\Common Files\Oracle\Java\javapath;C:\Windows\system32;C:\Windows;C:\Windows\System32\Wbem;C:\Windows\System32\WindowsPowerShell\v1.0\;C:\Windows\System32\OpenSSH\;C:\ProgramData\chocolatey\bin;C:\Program Files\Git\cmd;C:\Program Files (x86)\Windows Kits\8.1\Windows Performance Toolkit\;C:\Program Files\Microsoft SQL Server\110\Tools\Binn\;C:\Program Files\nodejs\;C:\composer;C:\Users\Hamed\AppData\Local\Microsoft\WindowsApps;C:\Users\Hamed\AppData\Local\Programs\Microsoft VS Code\bin;C:\Users\Hamed\AppData\Roaming\npm;C:\Users\Hamed\AppData\Roaming\Composer\vendor\bin;C:\php-8.3\php-8.3.0-src;
USERNAME=Hamed
OS=Windows_NT
PROCESSOR_IDENTIFIER=Intel64 Family 6 Model 140 Stepping 1, GenuineIntel
TMP=C:\Users\Hamed\AppData\Local\Temp
TEMP=C:\Users\Hamed\AppData\Local\Temp




Periodic native trim disabled

---------------  S Y S T E M  ---------------

OS:
 Windows 10 , 64 bit Build 19041 (10.0.19041.3031)
OS uptime: 0 days 16:03 hours

CPU: total 8 (initial active 8) (4 cores per cpu, 2 threads per core) family 6 model 140 stepping 1 microcode 0xac, cx8, cmov, fxsr, ht, mmx, 3dnowpref, sse, sse2, sse3, ssse3, sse4.1, sse4.2, popcnt, lzcnt, tsc, tscinvbit, avx, avx2, aes, erms, clmul, bmi1, bmi2, adx, avx512f, avx512dq, avx512cd, avx512bw, avx512vl, sha, fma, vzeroupper, avx512_vpopcntdq, avx512_vpclmulqdq, avx512_vaes, avx512_vnni, clflush, clflushopt, clwb, avx512_vbmi2, avx512_vbmi, rdtscp, rdpid, fsrm, gfni, avx512_bitalg, f16c, pku, cet_ibt, cet_ss, avx512_ifma
Processor Information for all 8 processors :
  Max Mhz: 2803, Current Mhz: 2803, Mhz Limit: 2803

Memory: 4k page, system-wide physical 11968M (1004M free)
TotalPageFile size 17168M (AvailPageFile size 72M)
current process WorkingSet (physical memory assigned to process): 297M, peak: 304M
current process commit charge ("private bytes"): 336M, peak: 342M

vm_info: Java HotSpot(TM) 64-Bit Server VM (21.0.1+12-LTS-29) for windows-amd64 JRE (21.0.1+12-LTS-29), built on 2023-10-05T13:27:09Z by "mach5one" with MS VC++ 17.1 (VS2022)

END.
