#
# There is insufficient memory for the Java Runtime Environment to continue.
# Native memory allocation (malloc) failed to allocate 32744 bytes for Chunk::new
# Possible reasons:
#   The system is out of physical RAM or swap space
#   The process is running with CompressedOops enabled, and the Java Heap may be blocking the growth of the native heap
# Possible solutions:
#   Reduce memory load on the system
#   Increase physical memory or swap space
#   Check if swap backing store is full
#   Decrease Java heap size (-Xmx/-Xms)
#   Decrease number of Java threads
#   Decrease Java thread stack sizes (-Xss)
#   Set larger code cache with -XX:ReservedCodeCacheSize=
#   JVM is running with Zero Based Compressed Oops mode in which the Java heap is
#     placed in the first 32GB address space. The Java Heap base address is the
#     maximum limit for the native heap growth. Please use -XX:HeapBaseMinAddress
#     to set the Java Heap base and to place the Java Heap above 32GB virtual address.
# This output file may be truncated or incomplete.
#
#  Out of Memory Error (arena.cpp:168), pid=16408, tid=11684
#
# JRE version: Java(TM) SE Runtime Environment (21.0.1+12) (build 21.0.1+12-LTS-29)
# Java VM: Java HotSpot(TM) 64-Bit Server VM (21.0.1+12-LTS-29, mixed mode, sharing, tiered, compressed oops, compressed class ptrs, g1 gc, windows-amd64)
# No core dump will be written. Minidumps are not enabled by default on client versions of Windows
#

---------------  S U M M A R Y ------------

Command Line: -Dmaven.multiModuleProjectDirectory=C:\Users\Hamed\Desktop\projets\java\BasesMapping -Djansi.passthrough=true -Dmaven.home=C:\Program Files\JetBrains\IntelliJ IDEA 2023.2.5\plugins\maven\lib\maven3 -Dclassworlds.conf=C:\Program Files\JetBrains\IntelliJ IDEA 2023.2.5\plugins\maven\lib\maven3\bin\m2.conf -Dmaven.ext.class.path=C:\Program Files\JetBrains\IntelliJ IDEA 2023.2.5\plugins\maven\lib\maven-event-listener.jar -javaagent:C:\Program Files\JetBrains\IntelliJ IDEA 2023.2.5\lib\idea_rt.jar=1202:C:\Program Files\JetBrains\IntelliJ IDEA 2023.2.5\bin -Dfile.encoding=UTF-8 -Dsun.stdout.encoding=UTF-8 -Dsun.stderr.encoding=UTF-8 org.codehaus.classworlds.Launcher -Didea.version=2023.2.5 --offline install

Host: 11th Gen Intel(R) Core(TM) i7-1165G7 @ 2.80GHz, 8 cores, 11G,  Windows 10 , 64 bit Build 19041 (10.0.19041.3031)
Time: Mon Dec 25 08:07:05 2023 Paris, Madrid elapsed time: 6.523387 seconds (0d 0h 0m 6s)

---------------  T H R E A D  ---------------

Current thread (0x0000019faf34b6e0):  JavaThread "C1 CompilerThread0" daemon [_thread_in_native, id=11684, stack(0x0000001e32b00000,0x0000001e32c00000) (1024K)]


Current CompileTask:
C1:   6523 5509       3       java.lang.Throwable::<init> (29 bytes)

Stack: [0x0000001e32b00000,0x0000001e32c00000]
Native frames: (J=compiled Java code, j=interpreted, Vv=VM code, C=native code)
V  [jvm.dll+0x6c9029]
V  [jvm.dll+0x854b81]
V  [jvm.dll+0x856e5e]
V  [jvm.dll+0x857543]
V  [jvm.dll+0x280c06]
V  [jvm.dll+0xc3ead]
V  [jvm.dll+0xc43c3]
V  [jvm.dll+0x19619a]
V  [jvm.dll+0x196ce2]
V  [jvm.dll+0x196d9d]
V  [jvm.dll+0x199309]
V  [jvm.dll+0x19aff4]
V  [jvm.dll+0x154753]
V  [jvm.dll+0x154008]
V  [jvm.dll+0x154244]
V  [jvm.dll+0x153686]
V  [jvm.dll+0x1553ed]
V  [jvm.dll+0x2586b9]
V  [jvm.dll+0x256c9a]
V  [jvm.dll+0x3ef1b6]
V  [jvm.dll+0x7fd728]
V  [jvm.dll+0x6c777d]
C  [ucrtbase.dll+0x21bb2]
C  [KERNEL32.DLL+0x17614]
C  [ntdll.dll+0x526f1]


---------------  P R O C E S S  ---------------

Threads class SMR info:
_java_thread_list=0x0000019ff6f43830, length=18, elements={
0x0000019f8f4dfea0, 0x0000019faf329800, 0x0000019faf32e730, 0x0000019faf331510,
0x0000019faf333f80, 0x0000019faf334c60, 0x0000019faf3356c0, 0x0000019faf3397b0,
0x0000019faf34b6e0, 0x0000019faf2f7100, 0x0000019faf695910, 0x0000019faf6f2ad0,
0x0000019ff648faa0, 0x0000019ff68cfe70, 0x0000019ff77534c0, 0x0000019ff6f1eae0,
0x0000019ff67b5440, 0x0000019ff71b9190
}

Java Threads: ( => current thread )
  0x0000019f8f4dfea0 JavaThread "main"                              [_thread_in_native, id=17684, stack(0x0000001e31c00000,0x0000001e31d00000) (1024K)]
  0x0000019faf329800 JavaThread "Reference Handler"          daemon [_thread_blocked, id=17960, stack(0x0000001e32400000,0x0000001e32500000) (1024K)]
  0x0000019faf32e730 JavaThread "Finalizer"                  daemon [_thread_blocked, id=9292, stack(0x0000001e32500000,0x0000001e32600000) (1024K)]
  0x0000019faf331510 JavaThread "Signal Dispatcher"          daemon [_thread_blocked, id=2772, stack(0x0000001e32600000,0x0000001e32700000) (1024K)]
  0x0000019faf333f80 JavaThread "Attach Listener"            daemon [_thread_blocked, id=16664, stack(0x0000001e32700000,0x0000001e32800000) (1024K)]
  0x0000019faf334c60 JavaThread "Service Thread"             daemon [_thread_blocked, id=13504, stack(0x0000001e32800000,0x0000001e32900000) (1024K)]
  0x0000019faf3356c0 JavaThread "Monitor Deflation Thread"   daemon [_thread_blocked, id=14668, stack(0x0000001e32900000,0x0000001e32a00000) (1024K)]
  0x0000019faf3397b0 JavaThread "C2 CompilerThread0"         daemon [_thread_in_native, id=2036, stack(0x0000001e32a00000,0x0000001e32b00000) (1024K)]
=>0x0000019faf34b6e0 JavaThread "C1 CompilerThread0"         daemon [_thread_in_native, id=11684, stack(0x0000001e32b00000,0x0000001e32c00000) (1024K)]
  0x0000019faf2f7100 JavaThread "Common-Cleaner"             daemon [_thread_blocked, id=13392, stack(0x0000001e32c00000,0x0000001e32d00000) (1024K)]
  0x0000019faf695910 JavaThread "Monitor Ctrl-Break"         daemon [_thread_in_native, id=15636, stack(0x0000001e32d00000,0x0000001e32e00000) (1024K)]
  0x0000019faf6f2ad0 JavaThread "Notification Thread"        daemon [_thread_blocked, id=5664, stack(0x0000001e32e00000,0x0000001e32f00000) (1024K)]
  0x0000019ff648faa0 JavaThread "timeout-check-timer"        daemon [_thread_blocked, id=16088, stack(0x0000001e33800000,0x0000001e33900000) (1024K)]
  0x0000019ff68cfe70 JavaThread "ping-timer-10s"             daemon [_thread_blocked, id=9776, stack(0x0000001e33900000,0x0000001e33a00000) (1024K)]
  0x0000019ff77534c0 JavaThread "ThreadedStreamConsumer"     daemon [_thread_blocked, id=1212, stack(0x0000001e33b00000,0x0000001e33c00000) (1024K)]
  0x0000019ff6f1eae0 JavaThread "fork-1-err-thread"          daemon [_thread_in_native, id=14108, stack(0x0000001e33c00000,0x0000001e33d00000) (1024K)]
  0x0000019ff67b5440 JavaThread "commands-fork-1"            daemon [_thread_blocked, id=14720, stack(0x0000001e33d00000,0x0000001e33e00000) (1024K)]
  0x0000019ff71b9190 JavaThread "fork-1-event-thread"        daemon [_thread_in_native, id=4616, stack(0x0000001e33e00000,0x0000001e33f00000) (1024K)]
Total: 18

Other Threads:
  0x0000019faf30e370 VMThread "VM Thread"                           [id=11032, stack(0x0000001e32300000,0x0000001e32400000) (1024K)]
  0x0000019faf2f5e00 WatcherThread "VM Periodic Task Thread"        [id=2428, stack(0x0000001e32200000,0x0000001e32300000) (1024K)]
  0x0000019f9176ce20 WorkerThread "GC Thread#0"                     [id=1316, stack(0x0000001e31d00000,0x0000001e31e00000) (1024K)]
  0x0000019ff57f3f60 WorkerThread "GC Thread#1"                     [id=16500, stack(0x0000001e33100000,0x0000001e33200000) (1024K)]
  0x0000019ff52e6b30 WorkerThread "GC Thread#2"                     [id=16360, stack(0x0000001e33200000,0x0000001e33300000) (1024K)]
  0x0000019ff52e5cb0 WorkerThread "GC Thread#3"                     [id=11560, stack(0x0000001e33300000,0x0000001e33400000) (1024K)]
  0x0000019ff52e63f0 WorkerThread "GC Thread#4"                     [id=14100, stack(0x0000001e33400000,0x0000001e33500000) (1024K)]
  0x0000019ff52e6790 WorkerThread "GC Thread#5"                     [id=18060, stack(0x0000001e33500000,0x0000001e33600000) (1024K)]
  0x0000019ff52e6ed0 WorkerThread "GC Thread#6"                     [id=16704, stack(0x0000001e33600000,0x0000001e33700000) (1024K)]
  0x0000019ff52e7270 WorkerThread "GC Thread#7"                     [id=4948, stack(0x0000001e33700000,0x0000001e33800000) (1024K)]
  0x0000019f91776950 ConcurrentGCThread "G1 Main Marker"            [id=16004, stack(0x0000001e31e00000,0x0000001e31f00000) (1024K)]
  0x0000019f91777360 WorkerThread "G1 Conc#0"                       [id=10472, stack(0x0000001e31f00000,0x0000001e32000000) (1024K)]
  0x0000019ff65a3990 WorkerThread "G1 Conc#1"                       [id=1948, stack(0x0000001e33a00000,0x0000001e33b00000) (1024K)]
  0x0000019faf1d10a0 ConcurrentGCThread "G1 Refine#0"               [id=10644, stack(0x0000001e32000000,0x0000001e32100000) (1024K)]
  0x0000019faf1d18c0 ConcurrentGCThread "G1 Service"                [id=11360, stack(0x0000001e32100000,0x0000001e32200000) (1024K)]
Total: 15

Threads with active compile tasks:
C2 CompilerThread0     6536 5502       4       org.codehaus.plexus.classworlds.realm.ClassRealm::loadClass (7 bytes)
C1 CompilerThread0     6536 5509       3       java.lang.Throwable::<init> (29 bytes)
Total: 2

VM state: not at safepoint (normal execution)

VM Mutex/Monitor currently owned by a thread: None

Heap address: 0x0000000744e00000, size: 2994 MB, Compressed Oops mode: Zero based, Oop shift amount: 3

CDS archive(s) mapped at: [0x0000019fb0000000-0x0000019fb0c90000-0x0000019fb0c90000), size 13172736, SharedBaseAddress: 0x0000019fb0000000, ArchiveRelocationMode: 1.
Compressed class space mapped at: 0x0000019fb1000000-0x0000019ff1000000, reserved size: 1073741824
Narrow klass base: 0x0000019fb0000000, Narrow klass shift: 0, Narrow klass range: 0x100000000

GC Precious Log:
 CardTable entry size: 512
 Card Set container configuration: InlinePtr #cards 4 size 8 Array Of Cards #cards 16 size 48 Howl #buckets 8 coarsen threshold 3686 Howl Bitmap #cards 512 size 80 coarsen threshold 460 Card regions per heap region 1 cards per card region 4096
 CPUs: 8 total, 8 available
 Memory: 11968M
 Large Page Support: Disabled
 NUMA Support: Disabled
 Compressed Oops: Enabled (Zero based)
 Heap Region Size: 2M
 Heap Min Capacity: 8M
 Heap Initial Capacity: 188M
 Heap Max Capacity: 2994M
 Pre-touch: Disabled
 Parallel Workers: 8
 Concurrent Workers: 2
 Concurrent Refinement Workers: 8
 Periodic GC: Disabled

Heap:
 garbage-first heap   total 81920K, used 27038K [0x0000000744e00000, 0x0000000800000000)
  region size 2048K, 6 young (12288K), 2 survivors (4096K)
 Metaspace       used 21896K, committed 22208K, reserved 1114112K
  class space    used 2387K, committed 2496K, reserved 1048576K

Heap Regions: E=young(eden), S=young(survivor), O=old, HS=humongous(starts), HC=humongous(continues), CS=collection set, F=free, TAMS=top-at-mark-start, PB=parsable bottom
|   0|0x0000000744e00000, 0x0000000745000000, 0x0000000745000000|100%| O|  |TAMS 0x0000000744e00000| PB 0x0000000744e00000| Untracked 
|   1|0x0000000745000000, 0x0000000745200000, 0x0000000745200000|100%| O|  |TAMS 0x0000000745000000| PB 0x0000000745000000| Untracked 
|   2|0x0000000745200000, 0x0000000745200000, 0x0000000745400000|  0%| F|  |TAMS 0x0000000745200000| PB 0x0000000745200000| Untracked 
|   3|0x0000000745400000, 0x0000000745400000, 0x0000000745600000|  0%| F|  |TAMS 0x0000000745400000| PB 0x0000000745400000| Untracked 
|   4|0x0000000745600000, 0x0000000745600000, 0x0000000745800000|  0%| F|  |TAMS 0x0000000745600000| PB 0x0000000745600000| Untracked 
|   5|0x0000000745800000, 0x0000000745800000, 0x0000000745a00000|  0%| F|  |TAMS 0x0000000745800000| PB 0x0000000745800000| Untracked 
|   6|0x0000000745a00000, 0x0000000745a00000, 0x0000000745c00000|  0%| F|  |TAMS 0x0000000745a00000| PB 0x0000000745a00000| Untracked 
|   7|0x0000000745c00000, 0x0000000745c00000, 0x0000000745e00000|  0%| F|  |TAMS 0x0000000745c00000| PB 0x0000000745c00000| Untracked 
|   8|0x0000000745e00000, 0x0000000745e00000, 0x0000000746000000|  0%| F|  |TAMS 0x0000000745e00000| PB 0x0000000745e00000| Untracked 
|   9|0x0000000746000000, 0x0000000746000000, 0x0000000746200000|  0%| F|  |TAMS 0x0000000746000000| PB 0x0000000746000000| Untracked 
|  10|0x0000000746200000, 0x0000000746200000, 0x0000000746400000|  0%| F|  |TAMS 0x0000000746200000| PB 0x0000000746200000| Untracked 
|  11|0x0000000746400000, 0x0000000746400000, 0x0000000746600000|  0%| F|  |TAMS 0x0000000746400000| PB 0x0000000746400000| Untracked 
|  12|0x0000000746600000, 0x0000000746600000, 0x0000000746800000|  0%| F|  |TAMS 0x0000000746600000| PB 0x0000000746600000| Untracked 
|  13|0x0000000746800000, 0x0000000746800000, 0x0000000746a00000|  0%| F|  |TAMS 0x0000000746800000| PB 0x0000000746800000| Untracked 
|  14|0x0000000746a00000, 0x0000000746a00000, 0x0000000746c00000|  0%| F|  |TAMS 0x0000000746a00000| PB 0x0000000746a00000| Untracked 
|  15|0x0000000746c00000, 0x0000000746c00000, 0x0000000746e00000|  0%| F|  |TAMS 0x0000000746c00000| PB 0x0000000746c00000| Untracked 
|  16|0x0000000746e00000, 0x0000000746e00000, 0x0000000747000000|  0%| F|  |TAMS 0x0000000746e00000| PB 0x0000000746e00000| Untracked 
|  17|0x0000000747000000, 0x0000000747000000, 0x0000000747200000|  0%| F|  |TAMS 0x0000000747000000| PB 0x0000000747000000| Untracked 
|  18|0x0000000747200000, 0x0000000747400000, 0x0000000747400000|100%| O|  |TAMS 0x0000000747200000| PB 0x0000000747200000| Untracked 
|  19|0x0000000747400000, 0x0000000747600000, 0x0000000747600000|100%| O|  |TAMS 0x0000000747400000| PB 0x0000000747400000| Untracked 
|  20|0x0000000747600000, 0x0000000747800000, 0x0000000747800000|100%| O|  |TAMS 0x0000000747600000| PB 0x0000000747600000| Untracked 
|  21|0x0000000747800000, 0x0000000747a00000, 0x0000000747a00000|100%| O|  |TAMS 0x0000000747800000| PB 0x0000000747800000| Untracked 
|  22|0x0000000747a00000, 0x0000000747c00000, 0x0000000747c00000|100%| O|  |TAMS 0x0000000747a00000| PB 0x0000000747a00000| Untracked 
|  23|0x0000000747c00000, 0x0000000747e00000, 0x0000000747e00000|100%| O|  |TAMS 0x0000000747c00000| PB 0x0000000747c00000| Untracked 
|  24|0x0000000747e00000, 0x0000000747e69e80, 0x0000000748000000| 20%| O|Cm|TAMS 0x0000000747e00000| PB 0x0000000747e00000| Complete 
|  25|0x0000000748000000, 0x0000000748000000, 0x0000000748200000|  0%| F|  |TAMS 0x0000000748000000| PB 0x0000000748000000| Untracked 
|  26|0x0000000748200000, 0x0000000748200000, 0x0000000748400000|  0%| F|  |TAMS 0x0000000748200000| PB 0x0000000748200000| Untracked 
|  27|0x0000000748400000, 0x0000000748400000, 0x0000000748600000|  0%| F|  |TAMS 0x0000000748400000| PB 0x0000000748400000| Untracked 
|  28|0x0000000748600000, 0x0000000748600000, 0x0000000748800000|  0%| F|  |TAMS 0x0000000748600000| PB 0x0000000748600000| Untracked 
|  29|0x0000000748800000, 0x0000000748800000, 0x0000000748a00000|  0%| F|  |TAMS 0x0000000748800000| PB 0x0000000748800000| Untracked 
|  30|0x0000000748a00000, 0x0000000748a00000, 0x0000000748c00000|  0%| F|  |TAMS 0x0000000748a00000| PB 0x0000000748a00000| Untracked 
|  31|0x0000000748c00000, 0x0000000748c00000, 0x0000000748e00000|  0%| F|  |TAMS 0x0000000748c00000| PB 0x0000000748c00000| Untracked 
|  32|0x0000000748e00000, 0x0000000748e00000, 0x0000000749000000|  0%| F|  |TAMS 0x0000000748e00000| PB 0x0000000748e00000| Untracked 
|  33|0x0000000749000000, 0x0000000749000000, 0x0000000749200000|  0%| F|  |TAMS 0x0000000749000000| PB 0x0000000749000000| Untracked 
|  34|0x0000000749200000, 0x00000007492b43d0, 0x0000000749400000| 35%| E|  |TAMS 0x0000000749200000| PB 0x0000000749200000| Complete 
|  35|0x0000000749400000, 0x0000000749600000, 0x0000000749600000|100%| E|CS|TAMS 0x0000000749400000| PB 0x0000000749400000| Complete 
|  36|0x0000000749600000, 0x0000000749800000, 0x0000000749800000|100%| E|CS|TAMS 0x0000000749600000| PB 0x0000000749600000| Complete 
|  58|0x000000074c200000, 0x000000074c3fdbc0, 0x000000074c400000| 99%| S|CS|TAMS 0x000000074c200000| PB 0x000000074c200000| Complete 
|  59|0x000000074c400000, 0x000000074c600000, 0x000000074c600000|100%| S|CS|TAMS 0x000000074c400000| PB 0x000000074c400000| Complete 
|  93|0x0000000750800000, 0x0000000750a00000, 0x0000000750a00000|100%| E|CS|TAMS 0x0000000750800000| PB 0x0000000750800000| Complete 

Card table byte_map: [0x0000019fa9490000,0x0000019fa9a70000] _byte_map_base: 0x0000019fa5a69000

Marking Bits: (CMBitMap*) 0x0000019f9176d430
 Bits: [0x0000019fa9a70000, 0x0000019fac938000)

Polling page: 0x0000019f8f710000

Metaspace:

Usage:
  Non-class:     19.05 MB used.
      Class:      2.33 MB used.
       Both:     21.38 MB used.

Virtual space:
  Non-class space:       64.00 MB reserved,      19.25 MB ( 30%) committed,  1 nodes.
      Class space:        1.00 GB reserved,       2.44 MB ( <1%) committed,  1 nodes.
             Both:        1.06 GB reserved,      21.69 MB (  2%) committed. 

Chunk freelists:
   Non-Class:  11.86 MB
       Class:  13.38 MB
        Both:  25.23 MB

MaxMetaspaceSize: unlimited
CompressedClassSpaceSize: 1.00 GB
Initial GC threshold: 21.00 MB
Current GC threshold: 35.12 MB
CDS: on
 - commit_granule_bytes: 65536.
 - commit_granule_words: 8192.
 - virtual_space_node_default_size: 8388608.
 - enlarge_chunks_in_place: 1.
 - use_allocation_guard: 0.


Internal statistics:

num_allocs_failed_limit: 3.
num_arena_births: 218.
num_arena_deaths: 0.
num_vsnodes_births: 2.
num_vsnodes_deaths: 0.
num_space_committed: 347.
num_space_uncommitted: 0.
num_chunks_returned_to_freelist: 3.
num_chunks_taken_from_freelist: 946.
num_chunk_merges: 0.
num_chunk_splits: 656.
num_chunks_enlarged: 534.
num_inconsistent_stats: 0.

CodeHeap 'non-profiled nmethods': size=120000Kb used=3280Kb max_used=3280Kb free=116719Kb
 bounds [0x0000019fa1650000, 0x0000019fa1990000, 0x0000019fa8b80000]
CodeHeap 'profiled nmethods': size=120000Kb used=11808Kb max_used=11808Kb free=108191Kb
 bounds [0x0000019f99b80000, 0x0000019f9a710000, 0x0000019fa10b0000]
CodeHeap 'non-nmethods': size=5760Kb used=1637Kb max_used=1686Kb free=4122Kb
 bounds [0x0000019fa10b0000, 0x0000019fa1320000, 0x0000019fa1650000]
 total_blobs=6062 nmethods=5506 adapters=460
 compilation: enabled
              stopped_count=0, restarted_count=0
 full_count=0

Compilation events (20 events):
Event: 6.453 Thread 0x0000019faf34b6e0 5498       3       java.nio.charset.CharsetDecoder::reset (11 bytes)
Event: 6.453 Thread 0x0000019faf3397b0 5501   !   4       java.nio.CharBuffer::wrap (21 bytes)
Event: 6.453 Thread 0x0000019faf34b6e0 nmethod 5498 0x0000019f9a707390 code [0x0000019f9a707540, 0x0000019f9a707730]
Event: 6.453 Thread 0x0000019faf34b6e0 5499       3       java.nio.charset.CharsetDecoder::implReset (1 bytes)
Event: 6.454 Thread 0x0000019faf34b6e0 nmethod 5499 0x0000019f9a707810 code [0x0000019f9a7079a0, 0x0000019f9a707ab0]
Event: 6.454 Thread 0x0000019faf34b6e0 5500       1       org.apache.maven.surefire.api.stream.AbstractStreamDecoder$Memento::getData (5 bytes)
Event: 6.454 Thread 0x0000019faf34b6e0 nmethod 5500 0x0000019fa1982b10 code [0x0000019fa1982ca0, 0x0000019fa1982d70]
Event: 6.455 Thread 0x0000019faf3397b0 nmethod 5501 0x0000019fa1982e10 code [0x0000019fa1982fc0, 0x0000019fa19832b8]
Event: 6.519 Thread 0x0000019faf3397b0 5502       4       org.codehaus.plexus.classworlds.realm.ClassRealm::loadClass (7 bytes)
Event: 6.521 Thread 0x0000019faf34b6e0 5503       3       java.lang.invoke.MemberName::isFinal (8 bytes)
Event: 6.521 Thread 0x0000019faf34b6e0 nmethod 5503 0x0000019f9a707b10 code [0x0000019f9a707cc0, 0x0000019f9a707e90]
Event: 6.521 Thread 0x0000019faf34b6e0 5505       1       org.apache.maven.surefire.api.stream.AbstractStreamDecoder$Memento::getLine (5 bytes)
Event: 6.521 Thread 0x0000019faf34b6e0 nmethod 5505 0x0000019fa1983890 code [0x0000019fa1983a20, 0x0000019fa1983af0]
Event: 6.521 Thread 0x0000019faf34b6e0 5506       1       org.apache.maven.surefire.api.stream.AbstractStreamDecoder$MalformedFrameException::readFrom (5 bytes)
Event: 6.521 Thread 0x0000019faf34b6e0 nmethod 5506 0x0000019fa1983b90 code [0x0000019fa1983d20, 0x0000019fa1983de8]
Event: 6.522 Thread 0x0000019faf34b6e0 5507       3       java.lang.StringBuilder::append (8 bytes)
Event: 6.522 Thread 0x0000019faf34b6e0 nmethod 5507 0x0000019f9a707f90 code [0x0000019f9a708140, 0x0000019f9a708290]
Event: 6.522 Thread 0x0000019faf34b6e0 5508       1       org.apache.maven.surefire.api.stream.AbstractStreamDecoder$MalformedFrameException::readTo (5 bytes)
Event: 6.522 Thread 0x0000019faf34b6e0 nmethod 5508 0x0000019fa1983e90 code [0x0000019fa1984020, 0x0000019fa19840e8]
Event: 6.522 Thread 0x0000019faf34b6e0 5509       3       java.lang.Throwable::<init> (29 bytes)

GC Heap History (8 events):
Event: 0.376 GC heap before
{Heap before GC invocations=0 (full 0):
 garbage-first heap   total 192512K, used 22528K [0x0000000744e00000, 0x0000000800000000)
  region size 2048K, 11 young (22528K), 0 survivors (0K)
 Metaspace       used 6083K, committed 6272K, reserved 1114112K
  class space    used 692K, committed 768K, reserved 1048576K
}
Event: 0.379 GC heap after
{Heap after GC invocations=1 (full 0):
 garbage-first heap   total 192512K, used 4096K [0x0000000744e00000, 0x0000000800000000)
  region size 2048K, 2 young (4096K), 2 survivors (4096K)
 Metaspace       used 6083K, committed 6272K, reserved 1114112K
  class space    used 692K, committed 768K, reserved 1048576K
}
Event: 0.712 GC heap before
{Heap before GC invocations=1 (full 0):
 garbage-first heap   total 192512K, used 36864K [0x0000000744e00000, 0x0000000800000000)
  region size 2048K, 18 young (36864K), 2 survivors (4096K)
 Metaspace       used 10573K, committed 10752K, reserved 1114112K
  class space    used 1253K, committed 1344K, reserved 1048576K
}
Event: 0.717 GC heap after
{Heap after GC invocations=2 (full 0):
 garbage-first heap   total 192512K, used 5820K [0x0000000744e00000, 0x0000000800000000)
  region size 2048K, 1 young (2048K), 1 survivors (2048K)
 Metaspace       used 10573K, committed 10752K, reserved 1114112K
  class space    used 1253K, committed 1344K, reserved 1048576K
}
Event: 1.694 GC heap before
{Heap before GC invocations=2 (full 0):
 garbage-first heap   total 192512K, used 118460K [0x0000000744e00000, 0x0000000800000000)
  region size 2048K, 56 young (114688K), 1 survivors (2048K)
 Metaspace       used 17170K, committed 17472K, reserved 1114112K
  class space    used 1908K, committed 2048K, reserved 1048576K
}
Event: 1.702 GC heap after
{Heap after GC invocations=3 (full 0):
 garbage-first heap   total 192512K, used 18049K [0x0000000744e00000, 0x0000000800000000)
  region size 2048K, 7 young (14336K), 7 survivors (14336K)
 Metaspace       used 17170K, committed 17472K, reserved 1114112K
  class space    used 1908K, committed 2048K, reserved 1048576K
}
Event: 2.294 GC heap before
{Heap before GC invocations=3 (full 0):
 garbage-first heap   total 192512K, used 116353K [0x0000000744e00000, 0x0000000800000000)
  region size 2048K, 41 young (83968K), 7 survivors (14336K)
 Metaspace       used 21213K, committed 21504K, reserved 1114112K
  class space    used 2303K, committed 2432K, reserved 1048576K
}
Event: 2.304 GC heap after
{Heap after GC invocations=4 (full 0):
 garbage-first heap   total 192512K, used 20894K [0x0000000744e00000, 0x0000000800000000)
  region size 2048K, 2 young (4096K), 2 survivors (4096K)
 Metaspace       used 21213K, committed 21504K, reserved 1114112K
  class space    used 2303K, committed 2432K, reserved 1048576K
}

Dll operation events (12 events):
Event: 0.007 Loaded shared library C:\Program Files\Java\jdk-21\bin\java.dll
Event: 0.032 Loaded shared library C:\Program Files\Java\jdk-21\bin\jsvml.dll
Event: 0.058 Loaded shared library C:\Program Files\Java\jdk-21\bin\zip.dll
Event: 0.060 Loaded shared library C:\Program Files\Java\jdk-21\bin\instrument.dll
Event: 0.064 Loaded shared library C:\Program Files\Java\jdk-21\bin\net.dll
Event: 0.065 Loaded shared library C:\Program Files\Java\jdk-21\bin\nio.dll
Event: 0.067 Loaded shared library C:\Program Files\Java\jdk-21\bin\zip.dll
Event: 0.076 Loaded shared library C:\Program Files\JetBrains\IntelliJ IDEA 2023.2.5\bin\breakgen64.dll
Event: 0.080 Loaded shared library C:\Program Files\Java\jdk-21\bin\extnet.dll
Event: 0.133 Loaded shared library C:\Program Files\Java\jdk-21\bin\jimage.dll
Event: 0.144 Loaded shared library C:\Users\Hamed\AppData\Local\Temp\jansi-2.4.0-5b5a3481c64a293e-jansi.dll
Event: 0.149 Loaded shared library C:\Program Files\Java\jdk-21\bin\verify.dll

Deoptimization events (20 events):
Event: 2.787 Thread 0x0000019ff71b9190 Uncommon trap: trap_request=0xffffff45 fr.pc=0x0000019fa16795cc relative=0x00000000000000ac
Event: 2.787 Thread 0x0000019ff71b9190 Uncommon trap: reason=unstable_if action=reinterpret pc=0x0000019fa16795cc method=jdk.internal.misc.Unsafe.getLongUnaligned(Ljava/lang/Object;J)J @ 7 c2
Event: 2.787 Thread 0x0000019ff71b9190 DEOPT PACKING pc=0x0000019fa16795cc sp=0x0000001e33efecf0
Event: 2.787 Thread 0x0000019ff71b9190 DEOPT UNPACKING pc=0x0000019fa1107da2 sp=0x0000001e33efeca0 mode 2
Event: 2.965 Thread 0x0000019ff77534c0 Uncommon trap: trap_request=0xffffffc6 fr.pc=0x0000019fa1791fb0 relative=0x00000000000002b0
Event: 2.965 Thread 0x0000019ff77534c0 Uncommon trap: reason=bimorphic_or_optimized_type_check action=maybe_recompile pc=0x0000019fa1791fb0 method=java.util.regex.Pattern.lambda$union$3(Ljava/util/regex/Pattern$CharPredicate;Ljava/util/regex/Pattern$CharPredicate;I)Z @ 2 c2
Event: 2.965 Thread 0x0000019ff77534c0 DEOPT PACKING pc=0x0000019fa1791fb0 sp=0x0000001e33bfd970
Event: 2.965 Thread 0x0000019ff77534c0 DEOPT UNPACKING pc=0x0000019fa1107da2 sp=0x0000001e33bfd7b8 mode 2
Event: 2.965 Thread 0x0000019ff77534c0 Uncommon trap: trap_request=0xffffffc6 fr.pc=0x0000019fa1791fb0 relative=0x00000000000002b0
Event: 2.965 Thread 0x0000019ff77534c0 Uncommon trap: reason=bimorphic_or_optimized_type_check action=maybe_recompile pc=0x0000019fa1791fb0 method=java.util.regex.Pattern.lambda$union$3(Ljava/util/regex/Pattern$CharPredicate;Ljava/util/regex/Pattern$CharPredicate;I)Z @ 2 c2
Event: 2.965 Thread 0x0000019ff77534c0 DEOPT PACKING pc=0x0000019fa1791fb0 sp=0x0000001e33bfd970
Event: 2.965 Thread 0x0000019ff77534c0 DEOPT UNPACKING pc=0x0000019fa1107da2 sp=0x0000001e33bfd7b8 mode 2
Event: 2.965 Thread 0x0000019ff77534c0 Uncommon trap: trap_request=0xffffffc6 fr.pc=0x0000019fa1791fb0 relative=0x00000000000002b0
Event: 2.965 Thread 0x0000019ff77534c0 Uncommon trap: reason=bimorphic_or_optimized_type_check action=maybe_recompile pc=0x0000019fa1791fb0 method=java.util.regex.Pattern.lambda$union$3(Ljava/util/regex/Pattern$CharPredicate;Ljava/util/regex/Pattern$CharPredicate;I)Z @ 2 c2
Event: 2.965 Thread 0x0000019ff77534c0 DEOPT PACKING pc=0x0000019fa1791fb0 sp=0x0000001e33bfd970
Event: 2.965 Thread 0x0000019ff77534c0 DEOPT UNPACKING pc=0x0000019fa1107da2 sp=0x0000001e33bfd7b8 mode 2
Event: 2.965 Thread 0x0000019ff77534c0 Uncommon trap: trap_request=0xffffffc6 fr.pc=0x0000019fa1791fb0 relative=0x00000000000002b0
Event: 2.965 Thread 0x0000019ff77534c0 Uncommon trap: reason=bimorphic_or_optimized_type_check action=maybe_recompile pc=0x0000019fa1791fb0 method=java.util.regex.Pattern.lambda$union$3(Ljava/util/regex/Pattern$CharPredicate;Ljava/util/regex/Pattern$CharPredicate;I)Z @ 2 c2
Event: 2.965 Thread 0x0000019ff77534c0 DEOPT PACKING pc=0x0000019fa1791fb0 sp=0x0000001e33bfd970
Event: 2.965 Thread 0x0000019ff77534c0 DEOPT UNPACKING pc=0x0000019fa1107da2 sp=0x0000001e33bfd7b8 mode 2

Classes loaded (20 events):
Event: 2.339 Loading class jdk/internal/logger/LoggerFinderLoader
Event: 2.339 Loading class jdk/internal/logger/LoggerFinderLoader done
Event: 2.340 Loading class sun/util/logging/internal/LoggingProviderImpl$JULWrapper
Event: 2.340 Loading class sun/util/logging/PlatformLogger$ConfigurableBridge$LoggerConfiguration
Event: 2.340 Loading class sun/util/logging/PlatformLogger$ConfigurableBridge$LoggerConfiguration done
Event: 2.340 Loading class sun/util/logging/internal/LoggingProviderImpl$JULWrapper done
Event: 2.340 Loading class java/lang/System$Logger$Level
Event: 2.340 Loading class java/lang/System$Logger$Level done
Event: 2.340 Loading class java/nio/channels/ClosedChannelException
Event: 2.341 Loading class java/nio/channels/ClosedChannelException done
Event: 2.342 Loading class java/nio/channels/NonReadableChannelException
Event: 2.342 Loading class java/nio/channels/NonReadableChannelException done
Event: 2.342 Loading class java/nio/channels/NonWritableChannelException
Event: 2.342 Loading class java/nio/channels/NonWritableChannelException done
Event: 2.348 Loading class java/util/Scanner
Event: 2.348 Loading class java/util/Scanner done
Event: 2.350 Loading class java/util/Scanner$PatternLRUCache
Event: 2.350 Loading class java/util/Scanner$PatternLRUCache done
Event: 6.521 Loading class java/util/concurrent/atomic/Striped64$1
Event: 6.521 Loading class java/util/concurrent/atomic/Striped64$1 done

Classes unloaded (0 events):
No events

Classes redefined (0 events):
No events

Internal exceptions (20 events):
Event: 1.269 Thread 0x0000019f8f4dfea0 Exception <a 'java/lang/NoSuchMethodError'{0x000000074d4eb238}: 'int java.lang.invoke.DirectMethodHandle$Holder.invokeSpecialIFC(java.lang.Object, java.lang.Object, java.lang.Object, java.lang.Object)'> (0x000000074d4eb238) 
thrown [s\open\src\hotspot\share\interpreter\linkResolver.cpp, line 773]
Event: 1.672 Thread 0x0000019f8f4dfea0 Implicit null exception at 0x0000019fa1856299 to 0x0000019fa1856484
Event: 1.672 Thread 0x0000019f8f4dfea0 Implicit null exception at 0x0000019fa1843319 to 0x0000019fa18434f8
Event: 1.672 Thread 0x0000019f8f4dfea0 Implicit null exception at 0x0000019fa17140bd to 0x0000019fa1714141
Event: 1.743 Thread 0x0000019f8f4dfea0 Exception <a 'java/lang/NoSuchMethodError'{0x00000007506d65a0}: 'java.lang.Object java.lang.invoke.DirectMethodHandle$Holder.newInvokeSpecial(java.lang.Object, java.lang.Object, java.lang.Object, java.lang.Object, java.lang.Object, java.lang.Object, java.lang.Object)'> (0x00000007506d65a0) 
thrown [s\open\src\hotspot\share\interpreter\linkResolver.cpp, line 773]
Event: 1.744 Thread 0x0000019f8f4dfea0 Implicit null exception at 0x0000019fa1872412 to 0x0000019fa1873080
Event: 1.829 Thread 0x0000019f8f4dfea0 Exception <a 'java/lang/NoSuchMethodError'{0x000000074fc808c8}: 'java.lang.Object java.lang.invoke.DirectMethodHandle$Holder.invokeVirtual(java.lang.Object, java.lang.Object, java.lang.Object)'> (0x000000074fc808c8) 
thrown [s\open\src\hotspot\share\interpreter\linkResolver.cpp, line 773]
Event: 1.829 Thread 0x0000019f8f4dfea0 Exception <a 'java/lang/NoSuchMethodError'{0x000000074fc871d0}: 'void java.lang.invoke.DirectMethodHandle$Holder.invokeSpecial(java.lang.Object, java.lang.Object, java.lang.Object, java.lang.Object, java.lang.Object, java.lang.Object)'> (0x000000074fc871d0) 
thrown [s\open\src\hotspot\share\interpreter\linkResolver.cpp, line 773]
Event: 1.830 Thread 0x0000019f8f4dfea0 Exception <a 'java/lang/NoSuchMethodError'{0x000000074fc91430}: 'int java.lang.invoke.DirectMethodHandle$Holder.invokeVirtual(java.lang.Object, java.lang.Object)'> (0x000000074fc91430) 
thrown [s\open\src\hotspot\share\interpreter\linkResolver.cpp, line 773]
Event: 1.840 Thread 0x0000019f8f4dfea0 Exception <a 'java/lang/NoSuchMethodError'{0x000000074fd55f38}: 'void java.lang.invoke.Invokers$Holder.invokeExact_MT(java.lang.Object, java.lang.Object, int, java.lang.Object)'> (0x000000074fd55f38) 
thrown [s\open\src\hotspot\share\interpreter\linkResolver.cpp, line 773]
Event: 2.164 Thread 0x0000019ff7252ce0 Exception <a 'java/lang/NoSuchMethodError'{0x000000074d235148}: 'java.lang.Object java.lang.invoke.DirectMethodHandle$Holder.invokeStatic(java.lang.Object, long, java.lang.Object)'> (0x000000074d235148) 
thrown [s\open\src\hotspot\share\interpreter\linkResolver.cpp, line 773]
Event: 2.164 Thread 0x0000019ff7252ce0 Exception <a 'java/lang/NoSuchMethodError'{0x000000074d238620}: 'java.lang.Object java.lang.invoke.DirectMethodHandle$Holder.invokeStaticInit(java.lang.Object, long, java.lang.Object)'> (0x000000074d238620) 
thrown [s\open\src\hotspot\share\interpreter\linkResolver.cpp, line 773]
Event: 2.165 Thread 0x0000019ff7252ce0 Exception <a 'java/lang/NoSuchMethodError'{0x000000074d23da18}: 'java.lang.Object java.lang.invoke.DirectMethodHandle$Holder.newInvokeSpecial(java.lang.Object, long)'> (0x000000074d23da18) 
thrown [s\open\src\hotspot\share\interpreter\linkResolver.cpp, line 773]
Event: 2.166 Thread 0x0000019ff7252ce0 Exception <a 'java/lang/NoSuchMethodError'{0x000000074d241e58}: 'long java.lang.invoke.DirectMethodHandle$Holder.invokeInterface(java.lang.Object, java.lang.Object)'> (0x000000074d241e58) 
thrown [s\open\src\hotspot\share\interpreter\linkResolver.cpp, line 773]
Event: 2.166 Thread 0x0000019ff7252ce0 Exception <a 'java/lang/NoSuchMethodError'{0x000000074d245310}: 'long java.lang.invoke.DelegatingMethodHandle$Holder.reinvoke_L(java.lang.Object, java.lang.Object)'> (0x000000074d245310) 
thrown [s\open\src\hotspot\share\interpreter\linkResolver.cpp, line 773]
Event: 2.182 Thread 0x0000019f8f4dfea0 Exception <a 'java/lang/NoSuchMethodError'{0x000000074d1336f8}: 'int java.lang.invoke.DirectMethodHandle$Holder.invokeInterface(java.lang.Object, java.lang.Object)'> (0x000000074d1336f8) 
thrown [s\open\src\hotspot\share\interpreter\linkResolver.cpp, line 773]
Event: 2.202 Thread 0x0000019f8f4dfea0 Exception <a 'java/lang/NoSuchMethodError'{0x000000074ce0cc48}: 'java.lang.Object java.lang.invoke.DirectMethodHandle$Holder.invokeStaticInit(java.lang.Object, java.lang.Object, int, int, int, int)'> (0x000000074ce0cc48) 
thrown [s\open\src\hotspot\share\interpreter\linkResolver.cpp, line 773]
Event: 2.264 Thread 0x0000019f8f4dfea0 Implicit null exception at 0x0000019fa181760d to 0x0000019fa1817f0c
Event: 2.265 Thread 0x0000019f8f4dfea0 Exception <a 'java/lang/NoSuchMethodError'{0x000000074c984e18}: 'java.lang.Object java.lang.invoke.DirectMethodHandle$Holder.invokeStatic(java.lang.Object, int, java.lang.Object)'> (0x000000074c984e18) 
thrown [s\open\src\hotspot\share\interpreter\linkResolver.cpp, line 773]
Event: 2.338 Thread 0x0000019f8f4dfea0 Exception <a 'java/lang/NoSuchMethodError'{0x0000000749657528}: 'void java.lang.invoke.DirectMethodHandle$Holder.invokeStatic(java.lang.Object, long)'> (0x0000000749657528) 
thrown [s\open\src\hotspot\share\interpreter\linkResolver.cpp, line 773]

ZGC Phase Switch (0 events):
No events

VM Operations (20 events):
Event: 2.286 Executing VM operation: HandshakeAllThreads (Deoptimize)
Event: 2.286 Executing VM operation: HandshakeAllThreads (Deoptimize) done
Event: 2.292 Executing VM operation: HandshakeAllThreads (Deoptimize)
Event: 2.292 Executing VM operation: HandshakeAllThreads (Deoptimize) done
Event: 2.293 Executing VM operation: HandshakeAllThreads (Deoptimize)
Event: 2.293 Executing VM operation: HandshakeAllThreads (Deoptimize) done
Event: 2.294 Executing VM operation: CollectForMetadataAllocation (Metadata GC Threshold)
Event: 2.304 Executing VM operation: CollectForMetadataAllocation (Metadata GC Threshold) done
Event: 2.312 Executing VM operation: G1PauseRemark
Event: 2.314 Executing VM operation: G1PauseRemark done
Event: 2.318 Executing VM operation: G1PauseCleanup
Event: 2.323 Executing VM operation: G1PauseCleanup done
Event: 2.330 Executing VM operation: HandshakeAllThreads (Deoptimize)
Event: 2.330 Executing VM operation: HandshakeAllThreads (Deoptimize) done
Event: 2.339 Executing VM operation: HandshakeAllThreads (Deoptimize)
Event: 2.339 Executing VM operation: HandshakeAllThreads (Deoptimize) done
Event: 3.341 Executing VM operation: Cleanup
Event: 3.341 Executing VM operation: Cleanup done
Event: 5.356 Executing VM operation: Cleanup
Event: 5.357 Executing VM operation: Cleanup done

Events (20 events):
Event: 0.030 Thread 0x0000019faf333f80 Thread added: 0x0000019faf333f80
Event: 0.030 Thread 0x0000019faf334c60 Thread added: 0x0000019faf334c60
Event: 0.030 Thread 0x0000019faf3356c0 Thread added: 0x0000019faf3356c0
Event: 0.030 Thread 0x0000019faf3397b0 Thread added: 0x0000019faf3397b0
Event: 0.030 Thread 0x0000019faf34b6e0 Thread added: 0x0000019faf34b6e0
Event: 0.046 Thread 0x0000019faf2f7100 Thread added: 0x0000019faf2f7100
Event: 0.076 Thread 0x0000019faf695910 Thread added: 0x0000019faf695910
Event: 0.076 Thread 0x0000019faf6f2ad0 Thread added: 0x0000019faf6f2ad0
Event: 0.094 Thread 0x0000019faf745570 Thread added: 0x0000019faf745570
Event: 0.363 Thread 0x0000019ff58055f0 Thread added: 0x0000019ff58055f0
Event: 2.159 Thread 0x0000019ff7252ce0 Thread added: 0x0000019ff7252ce0
Event: 2.167 Thread 0x0000019ff7252ce0 Thread exited: 0x0000019ff7252ce0
Event: 2.249 Thread 0x0000019ff648faa0 Thread added: 0x0000019ff648faa0
Event: 2.252 Thread 0x0000019ff68cfe70 Thread added: 0x0000019ff68cfe70
Event: 2.331 Thread 0x0000019ff77534c0 Thread added: 0x0000019ff77534c0
Event: 2.348 Thread 0x0000019ff6f1eae0 Thread added: 0x0000019ff6f1eae0
Event: 2.348 Thread 0x0000019ff67b5440 Thread added: 0x0000019ff67b5440
Event: 2.354 Thread 0x0000019ff71b9190 Thread added: 0x0000019ff71b9190
Event: 2.787 Thread 0x0000019ff58055f0 Thread exited: 0x0000019ff58055f0
Event: 2.787 Thread 0x0000019faf745570 Thread exited: 0x0000019faf745570


Dynamic libraries:
0x00007ff79ad00000 - 0x00007ff79ad10000 	C:\Program Files\Java\jdk-21\bin\java.exe
0x00007ff8d7970000 - 0x00007ff8d7b68000 	C:\Windows\SYSTEM32\ntdll.dll
0x00007ff8d5ef0000 - 0x00007ff8d5faf000 	C:\Windows\System32\KERNEL32.DLL
0x00007ff8d5530000 - 0x00007ff8d5826000 	C:\Windows\System32\KERNELBASE.dll
0x00007ff8d58d0000 - 0x00007ff8d59d0000 	C:\Windows\System32\ucrtbase.dll
0x00007ff8cf100000 - 0x00007ff8cf119000 	C:\Program Files\Java\jdk-21\bin\jli.dll
0x00007ff8cf0e0000 - 0x00007ff8cf0fb000 	C:\Program Files\Java\jdk-21\bin\VCRUNTIME140.dll
0x00007ff8d6ea0000 - 0x00007ff8d6f4f000 	C:\Windows\System32\ADVAPI32.dll
0x00007ff8d5fb0000 - 0x00007ff8d604e000 	C:\Windows\System32\msvcrt.dll
0x00007ff8d6930000 - 0x00007ff8d69cc000 	C:\Windows\System32\sechost.dll
0x00007ff8d7200000 - 0x00007ff8d7326000 	C:\Windows\System32\RPCRT4.dll
0x00007ff8d74e0000 - 0x00007ff8d767d000 	C:\Windows\System32\USER32.dll
0x00007ff8a0470000 - 0x00007ff8a070a000 	C:\Windows\WinSxS\amd64_microsoft.windows.common-controls_6595b64144ccf1df_6.0.19041.1110_none_60b5254171f9507e\COMCTL32.dll
0x00007ff8d5830000 - 0x00007ff8d5852000 	C:\Windows\System32\win32u.dll
0x00007ff8d59d0000 - 0x00007ff8d59fc000 	C:\Windows\System32\GDI32.dll
0x00007ff8d5410000 - 0x00007ff8d5525000 	C:\Windows\System32\gdi32full.dll
0x00007ff8d52c0000 - 0x00007ff8d535d000 	C:\Windows\System32\msvcp_win.dll
0x00007ff8c6930000 - 0x00007ff8c693a000 	C:\Windows\SYSTEM32\VERSION.dll
0x00007ff8d77b0000 - 0x00007ff8d77e0000 	C:\Windows\System32\IMM32.DLL
0x00007ff8cf0d0000 - 0x00007ff8cf0dc000 	C:\Program Files\Java\jdk-21\bin\vcruntime140_1.dll
0x00007ff8b6ec0000 - 0x00007ff8b6f4e000 	C:\Program Files\Java\jdk-21\bin\msvcp140.dll
0x00007ff8b0b10000 - 0x00007ff8b1825000 	C:\Program Files\Java\jdk-21\bin\server\jvm.dll
0x00007ff8d7680000 - 0x00007ff8d76eb000 	C:\Windows\System32\WS2_32.dll
0x00007ff8d45c0000 - 0x00007ff8d460b000 	C:\Windows\SYSTEM32\POWRPROF.dll
0x00007ff8c90b0000 - 0x00007ff8c90d7000 	C:\Windows\SYSTEM32\WINMM.dll
0x00007ff8d4480000 - 0x00007ff8d4492000 	C:\Windows\SYSTEM32\UMPDC.dll
0x00007ff8d3890000 - 0x00007ff8d38a2000 	C:\Windows\SYSTEM32\kernel.appcore.dll
0x00007ff8cdb00000 - 0x00007ff8cdb0a000 	C:\Program Files\Java\jdk-21\bin\jimage.dll
0x00007ff8d3680000 - 0x00007ff8d3864000 	C:\Windows\SYSTEM32\DBGHELP.DLL
0x00007ff8a0be0000 - 0x00007ff8a0c14000 	C:\Windows\SYSTEM32\dbgcore.DLL
0x00007ff8d5230000 - 0x00007ff8d52b2000 	C:\Windows\System32\bcryptPrimitives.dll
0x00007ff8cb830000 - 0x00007ff8cb83f000 	C:\Program Files\Java\jdk-21\bin\instrument.dll
0x00007ff8cdae0000 - 0x00007ff8cdaff000 	C:\Program Files\Java\jdk-21\bin\java.dll
0x00007ff8d60c0000 - 0x00007ff8d6804000 	C:\Windows\System32\SHELL32.dll
0x00007ff8d2e10000 - 0x00007ff8d35a3000 	C:\Windows\SYSTEM32\windows.storage.dll
0x00007ff8d5b90000 - 0x00007ff8d5ee4000 	C:\Windows\System32\combase.dll
0x00007ff8d4aa0000 - 0x00007ff8d4ace000 	C:\Windows\SYSTEM32\Wldp.dll
0x00007ff8d5ad0000 - 0x00007ff8d5b7d000 	C:\Windows\System32\SHCORE.dll
0x00007ff8d6e40000 - 0x00007ff8d6e95000 	C:\Windows\System32\shlwapi.dll
0x00007ff8d4f90000 - 0x00007ff8d4faf000 	C:\Windows\SYSTEM32\profapi.dll
0x00007ff8b6350000 - 0x00007ff8b6427000 	C:\Program Files\Java\jdk-21\bin\jsvml.dll
0x00007ff8c29a0000 - 0x00007ff8c29b8000 	C:\Program Files\Java\jdk-21\bin\zip.dll
0x00007ff8cda70000 - 0x00007ff8cda80000 	C:\Program Files\Java\jdk-21\bin\net.dll
0x00007ff8cd0e0000 - 0x00007ff8cd1ea000 	C:\Windows\SYSTEM32\WINHTTP.dll
0x00007ff8d4800000 - 0x00007ff8d486a000 	C:\Windows\system32\mswsock.dll
0x00007ff8cb800000 - 0x00007ff8cb816000 	C:\Program Files\Java\jdk-21\bin\nio.dll
0x00007ff8bac30000 - 0x00007ff8bac4a000 	C:\Program Files\JetBrains\IntelliJ IDEA 2023.2.5\bin\breakgen64.dll
0x00007ff8bac20000 - 0x00007ff8bac27000 	C:\Program Files\Java\jdk-21\bin\extnet.dll
0x0000000069ac0000 - 0x0000000069ae4000 	C:\Users\Hamed\AppData\Local\Temp\jansi-2.4.0-5b5a3481c64a293e-jansi.dll
0x00007ff8cb7f0000 - 0x00007ff8cb800000 	C:\Program Files\Java\jdk-21\bin\verify.dll
0x00007ff8d49f0000 - 0x00007ff8d4a08000 	C:\Windows\SYSTEM32\CRYPTSP.dll
0x00007ff8d40b0000 - 0x00007ff8d40e4000 	C:\Windows\system32\rsaenh.dll
0x00007ff8d50a0000 - 0x00007ff8d50c7000 	C:\Windows\System32\bcrypt.dll
0x00007ff8d4f50000 - 0x00007ff8d4f7e000 	C:\Windows\SYSTEM32\USERENV.dll
0x00007ff8d4a10000 - 0x00007ff8d4a1c000 	C:\Windows\SYSTEM32\CRYPTBASE.dll
0x00007ff8d44a0000 - 0x00007ff8d44dc000 	C:\Windows\SYSTEM32\IPHLPAPI.DLL
0x00007ff8d60b0000 - 0x00007ff8d60b8000 	C:\Windows\System32\NSI.dll

dbghelp: loaded successfully - version: 4.0.5 - missing functions: none
symbol engine: initialized successfully - sym options: 0x614 - pdb path: .;C:\Program Files\Java\jdk-21\bin;C:\Windows\SYSTEM32;C:\Windows\WinSxS\amd64_microsoft.windows.common-controls_6595b64144ccf1df_6.0.19041.1110_none_60b5254171f9507e;C:\Program Files\Java\jdk-21\bin\server;C:\Program Files\JetBrains\IntelliJ IDEA 2023.2.5\bin;C:\Users\Hamed\AppData\Local\Temp

VM Arguments:
jvm_args: -Dmaven.multiModuleProjectDirectory=C:\Users\Hamed\Desktop\projets\java\BasesMapping -Djansi.passthrough=true -Dmaven.home=C:\Program Files\JetBrains\IntelliJ IDEA 2023.2.5\plugins\maven\lib\maven3 -Dclassworlds.conf=C:\Program Files\JetBrains\IntelliJ IDEA 2023.2.5\plugins\maven\lib\maven3\bin\m2.conf -Dmaven.ext.class.path=C:\Program Files\JetBrains\IntelliJ IDEA 2023.2.5\plugins\maven\lib\maven-event-listener.jar -javaagent:C:\Program Files\JetBrains\IntelliJ IDEA 2023.2.5\lib\idea_rt.jar=1202:C:\Program Files\JetBrains\IntelliJ IDEA 2023.2.5\bin -Dfile.encoding=UTF-8 -Dsun.stdout.encoding=UTF-8 -Dsun.stderr.encoding=UTF-8 
java_command: org.codehaus.classworlds.Launcher -Didea.version=2023.2.5 --offline install
java_class_path (initial): C:\Program Files\JetBrains\IntelliJ IDEA 2023.2.5\plugins\maven\lib\maven3\boot\plexus-classworlds-2.7.0.jar;C:\Program Files\JetBrains\IntelliJ IDEA 2023.2.5\plugins\maven\lib\maven3\boot\plexus-classworlds.license
Launcher Type: SUN_STANDARD

[Global flags]
     intx CICompilerCount                          = 4                                         {product} {ergonomic}
     uint ConcGCThreads                            = 2                                         {product} {ergonomic}
     uint G1ConcRefinementThreads                  = 8                                         {product} {ergonomic}
   size_t G1HeapRegionSize                         = 2097152                                   {product} {ergonomic}
    uintx GCDrainStackTargetSize                   = 64                                        {product} {ergonomic}
   size_t InitialHeapSize                          = 197132288                                 {product} {ergonomic}
   size_t MarkStackSize                            = 4194304                                   {product} {ergonomic}
   size_t MaxHeapSize                              = 3139436544                                {product} {ergonomic}
   size_t MaxNewSize                               = 1883242496                                {product} {ergonomic}
   size_t MinHeapDeltaBytes                        = 2097152                                   {product} {ergonomic}
   size_t MinHeapSize                              = 8388608                                   {product} {ergonomic}
    uintx NonNMethodCodeHeapSize                   = 5839372                                {pd product} {ergonomic}
    uintx NonProfiledCodeHeapSize                  = 122909434                              {pd product} {ergonomic}
    uintx ProfiledCodeHeapSize                     = 122909434                              {pd product} {ergonomic}
    uintx ReservedCodeCacheSize                    = 251658240                              {pd product} {ergonomic}
     bool SegmentedCodeCache                       = true                                      {product} {ergonomic}
   size_t SoftMaxHeapSize                          = 3139436544                             {manageable} {ergonomic}
     bool UseCompressedOops                        = true                           {product lp64_product} {ergonomic}
     bool UseG1GC                                  = true                                      {product} {ergonomic}
     bool UseLargePagesIndividualAllocation        = false                                  {pd product} {ergonomic}

Logging:
Log output configuration:
 #0: stdout all=warning uptime,level,tags foldmultilines=false
 #1: stderr all=off uptime,level,tags foldmultilines=false

Environment Variables:
PATH=C:\app\Hamed\virtual\product\12.2.0\dbhome_1\bin;C:\app\Hamed\product\dbhomeXE\bin;C:\DevSuiteHome_1\jre\1.4.2\bin\client;C:\DevSuiteHome_1\jre\1.4.2\bin;C:\ProgramData\Oracle\Java\javapath;C:\Program Files (x86)\VMware\VMware Workstation\bin\;C:\Python312\Scripts\;C:\Python312\;C:\Program Files\Common Files\Oracle\Java\javapath;C:\Windows\system32;C:\Windows;C:\Windows\System32\Wbem;C:\Windows\System32\WindowsPowerShell\v1.0\;C:\Windows\System32\OpenSSH\;C:\ProgramData\chocolatey\bin;C:\Program Files\Git\cmd;C:\Program Files (x86)\Windows Kits\8.1\Windows Performance Toolkit\;C:\Program Files\Microsoft SQL Server\110\Tools\Binn\;C:\Program Files\nodejs\;C:\composer;C:\Users\Hamed\AppData\Local\Microsoft\WindowsApps;C:\Users\Hamed\AppData\Local\Programs\Microsoft VS Code\bin;C:\Users\Hamed\AppData\Roaming\npm;C:\Users\Hamed\AppData\Roaming\Composer\vendor\bin;C:\php-8.3\php-8.3.0-src;
USERNAME=Hamed
OS=Windows_NT
PROCESSOR_IDENTIFIER=Intel64 Family 6 Model 140 Stepping 1, GenuineIntel
TMP=C:\Users\Hamed\AppData\Local\Temp
TEMP=C:\Users\Hamed\AppData\Local\Temp




Periodic native trim disabled

---------------  S Y S T E M  ---------------

OS:
 Windows 10 , 64 bit Build 19041 (10.0.19041.3031)
OS uptime: 0 days 16:03 hours

CPU: total 8 (initial active 8) (4 cores per cpu, 2 threads per core) family 6 model 140 stepping 1 microcode 0xac, cx8, cmov, fxsr, ht, mmx, 3dnowpref, sse, sse2, sse3, ssse3, sse4.1, sse4.2, popcnt, lzcnt, tsc, tscinvbit, avx, avx2, aes, erms, clmul, bmi1, bmi2, adx, avx512f, avx512dq, avx512cd, avx512bw, avx512vl, sha, fma, vzeroupper, avx512_vpopcntdq, avx512_vpclmulqdq, avx512_vaes, avx512_vnni, clflush, clflushopt, clwb, avx512_vbmi2, avx512_vbmi, rdtscp, rdpid, fsrm, gfni, avx512_bitalg, f16c, pku, cet_ibt, cet_ss, avx512_ifma
Processor Information for all 8 processors :
  Max Mhz: 2803, Current Mhz: 2803, Mhz Limit: 2803

Memory: 4k page, system-wide physical 11968M (1011M free)
TotalPageFile size 17168M (AvailPageFile size 78M)
current process WorkingSet (physical memory assigned to process): 156M, peak: 285M
current process commit charge ("private bytes"): 214M, peak: 346M

vm_info: Java HotSpot(TM) 64-Bit Server VM (21.0.1+12-LTS-29) for windows-amd64 JRE (21.0.1+12-LTS-29), built on 2023-10-05T13:27:09Z by "mach5one" with MS VC++ 17.1 (VS2022)

END.
