#
# There is insufficient memory for the Java Runtime Environment to continue.
# Native memory allocation (mmap) failed to map 12582912 bytes for G1 virtual space
# Possible reasons:
#   The system is out of physical RAM or swap space
#   The process is running with CompressedOops enabled, and the Java Heap may be blocking the growth of the native heap
# Possible solutions:
#   Reduce memory load on the system
#   Increase physical memory or swap space
#   Check if swap backing store is full
#   Decrease Java heap size (-Xmx/-Xms)
#   Decrease number of Java threads
#   Decrease Java thread stack sizes (-Xss)
#   Set larger code cache with -XX:ReservedCodeCacheSize=
#   JVM is running with Zero Based Compressed Oops mode in which the Java heap is
#     placed in the first 32GB address space. The Java Heap base address is the
#     maximum limit for the native heap growth. Please use -XX:HeapBaseMinAddress
#     to set the Java Heap base and to place the Java Heap above 32GB virtual address.
# This output file may be truncated or incomplete.
#
#  Out of Memory Error (os_windows.cpp:3600), pid=11464, tid=16072
#
# JRE version: Java(TM) SE Runtime Environment (21.0.1+12) (build 21.0.1+12-LTS-29)
# Java VM: Java HotSpot(TM) 64-Bit Server VM (21.0.1+12-LTS-29, mixed mode, emulated-client, sharing, tiered, compressed oops, compressed class ptrs, g1 gc, windows-amd64)
# No core dump will be written. Minidumps are not enabled by default on client versions of Windows
#

---------------  S U M M A R Y ------------

Command Line: -agentlib:jdwp=transport=dt_socket,address=127.0.0.1:30213,suspend=y,server=n -XX:TieredStopAtLevel=1 -Dspring.output.ansi.enabled=always -Dcom.sun.management.jmxremote -Dspring.jmx.enabled=true -Dspring.liveBeansView.mbeanDomain -Dspring.application.admin.enabled=true -Dmanagement.endpoints.jmx.exposure.include=* -javaagent:C:\Users\Hamed\AppData\Local\JetBrains\IntelliJIdea2023.2\captureAgent\debugger-agent.jar -Dfile.encoding=UTF-8 -Dsun.stdout.encoding=UTF-8 -Dsun.stderr.encoding=UTF-8 com.mappingbasics.basesmapping.BasesMappingApplication

Host: 11th Gen Intel(R) Core(TM) i7-1165G7 @ 2.80GHz, 8 cores, 11G,  Windows 11 , 64 bit Build 22621 (10.0.22621.2506)
Time: Wed Dec  6 12:30:30 2023 Paris, Madrid elapsed time: 4.160582 seconds (0d 0h 0m 4s)

---------------  T H R E A D  ---------------

Current thread (0x0000016d94147a10):  VMThread "VM Thread"          [id=16072, stack(0x0000004c61100000,0x0000004c61200000) (1024K)]

Stack: [0x0000004c61100000,0x0000004c61200000]
Native frames: (J=compiled Java code, j=interpreted, Vv=VM code, C=native code)
V  [jvm.dll+0x6c9029]
V  [jvm.dll+0x854b81]
V  [jvm.dll+0x856e5e]
V  [jvm.dll+0x857543]
V  [jvm.dll+0x280c06]
V  [jvm.dll+0x6c5715]
V  [jvm.dll+0x6ba10a]
V  [jvm.dll+0x3557ea]
V  [jvm.dll+0x35d436]
V  [jvm.dll+0x3ae1be]
V  [jvm.dll+0x3ae468]
V  [jvm.dll+0x3291fc]
V  [jvm.dll+0x329287]
V  [jvm.dll+0x36db3c]
V  [jvm.dll+0x36c33d]
V  [jvm.dll+0x328971]
V  [jvm.dll+0x36ba4a]
V  [jvm.dll+0x85d048]
V  [jvm.dll+0x85e144]
V  [jvm.dll+0x85e680]
V  [jvm.dll+0x85e923]
V  [jvm.dll+0x7fd728]
V  [jvm.dll+0x6c777d]
C  [ucrtbase.dll+0x29363]
C  [KERNEL32.DLL+0x1257d]
C  [ntdll.dll+0x5aa58]

VM_Operation (0x0000004c60afd780): G1CollectForAllocation, mode: safepoint, requested by thread 0x0000016d826de3b0


---------------  P R O C E S S  ---------------

Threads class SMR info:
_java_thread_list=0x0000016ddc4a4ec0, length=25, elements={
0x0000016d826de3b0, 0x0000016d94161cb0, 0x0000016d94163280, 0x0000016d94165aa0,
0x0000016d94167b10, 0x0000016d94169580, 0x0000016d9416d040, 0x0000016d94169fe0,
0x0000016d94133fa0, 0x0000016d943d5400, 0x0000016d943d6f40, 0x0000016d9444c010,
0x0000016d9443cac0, 0x0000016d944586e0, 0x0000016d9445eed0, 0x0000016d943d6870,
0x0000016d94b0e080, 0x0000016ddaa70450, 0x0000016dda6a4510, 0x0000016ddb2c4420,
0x0000016ddb27d050, 0x0000016ddb26d3e0, 0x0000016ddb1ab120, 0x0000016ddb86d5e0,
0x0000016ddbaa8f90
}

Java Threads: ( => current thread )
  0x0000016d826de3b0 JavaThread "main"                              [_thread_blocked, id=18464, stack(0x0000004c60a00000,0x0000004c60b00000) (1024K)]
  0x0000016d94161cb0 JavaThread "Reference Handler"          daemon [_thread_blocked, id=18296, stack(0x0000004c61200000,0x0000004c61300000) (1024K)]
  0x0000016d94163280 JavaThread "Finalizer"                  daemon [_thread_blocked, id=8848, stack(0x0000004c61300000,0x0000004c61400000) (1024K)]
  0x0000016d94165aa0 JavaThread "Signal Dispatcher"          daemon [_thread_blocked, id=19260, stack(0x0000004c61400000,0x0000004c61500000) (1024K)]
  0x0000016d94167b10 JavaThread "Attach Listener"            daemon [_thread_blocked, id=14804, stack(0x0000004c61500000,0x0000004c61600000) (1024K)]
  0x0000016d94169580 JavaThread "Service Thread"             daemon [_thread_blocked, id=5076, stack(0x0000004c61600000,0x0000004c61700000) (1024K)]
  0x0000016d9416d040 JavaThread "Monitor Deflation Thread"   daemon [_thread_blocked, id=12016, stack(0x0000004c61700000,0x0000004c61800000) (1024K)]
  0x0000016d94169fe0 JavaThread "C1 CompilerThread0"         daemon [_thread_blocked, id=17960, stack(0x0000004c61800000,0x0000004c61900000) (1024K)]
  0x0000016d94133fa0 JavaThread "Common-Cleaner"             daemon [_thread_blocked, id=15724, stack(0x0000004c61900000,0x0000004c61a00000) (1024K)]
  0x0000016d943d5400 JavaThread "C1 CompilerThread1"         daemon [_thread_blocked, id=11572, stack(0x0000004c61a00000,0x0000004c61b00000) (1024K)]
  0x0000016d943d6f40 JavaThread "C1 CompilerThread2"         daemon [_thread_blocked, id=7788, stack(0x0000004c61b00000,0x0000004c61c00000) (1024K)]
  0x0000016d9444c010 JavaThread "JDWP Transport Listener: dt_socket" daemon [_thread_blocked, id=19200, stack(0x0000004c61c00000,0x0000004c61d00000) (1024K)]
  0x0000016d9443cac0 JavaThread "JDWP Event Helper Thread"   daemon [_thread_blocked, id=15376, stack(0x0000004c61d00000,0x0000004c61e00000) (1024K)]
  0x0000016d944586e0 JavaThread "JDWP Command Reader"        daemon [_thread_in_native, id=13388, stack(0x0000004c61e00000,0x0000004c61f00000) (1024K)]
  0x0000016d9445eed0 JavaThread "Notification Thread"        daemon [_thread_blocked, id=960, stack(0x0000004c61f00000,0x0000004c62000000) (1024K)]
  0x0000016d943d6870 JavaThread "C1 CompilerThread3"         daemon [_thread_blocked, id=6540, stack(0x0000004c62000000,0x0000004c62100000) (1024K)]
  0x0000016d94b0e080 JavaThread "RMI TCP Accept-0"           daemon [_thread_in_native, id=4444, stack(0x0000004c62100000,0x0000004c62200000) (1024K)]
  0x0000016ddaa70450 JavaThread "RMI TCP Connection(1)-192.168.1.67" daemon [_thread_in_native, id=13548, stack(0x0000004c62a00000,0x0000004c62b00000) (1024K)]
  0x0000016dda6a4510 JavaThread "RMI Scheduler(0)"           daemon [_thread_blocked, id=6860, stack(0x0000004c62900000,0x0000004c62a00000) (1024K)]
  0x0000016ddb2c4420 JavaThread "Catalina-utility-1"                [_thread_blocked, id=18712, stack(0x0000004c62c00000,0x0000004c62d00000) (1024K)]
  0x0000016ddb27d050 JavaThread "Catalina-utility-2"                [_thread_blocked, id=19160, stack(0x0000004c62d00000,0x0000004c62e00000) (1024K)]
  0x0000016ddb26d3e0 JavaThread "container-0"                       [_thread_blocked, id=19296, stack(0x0000004c62e00000,0x0000004c62f00000) (1024K)]
  0x0000016ddb1ab120 JavaThread "mysql-cj-abandoned-connection-cleanup" daemon [_thread_blocked, id=7932, stack(0x0000004c62f00000,0x0000004c63000000) (1024K)]
  0x0000016ddb86d5e0 JavaThread "HikariPool-1 housekeeper"   daemon [_thread_blocked, id=7668, stack(0x0000004c63100000,0x0000004c63200000) (1024K)]
  0x0000016ddbaa8f90 JavaThread "HikariPool-1 connection adder" daemon [_thread_blocked, id=16552, stack(0x0000004c63200000,0x0000004c63300000) (1024K)]
Total: 25

Other Threads:
=>0x0000016d94147a10 VMThread "VM Thread"                           [id=16072, stack(0x0000004c61100000,0x0000004c61200000) (1024K)]
  0x0000016d94132ee0 WatcherThread "VM Periodic Task Thread"        [id=18100, stack(0x0000004c61000000,0x0000004c61100000) (1024K)]
  0x0000016d82736750 WorkerThread "GC Thread#0"                     [id=19264, stack(0x0000004c60b00000,0x0000004c60c00000) (1024K)]
  0x0000016d94b5eb30 WorkerThread "GC Thread#1"                     [id=14052, stack(0x0000004c62200000,0x0000004c62300000) (1024K)]
  0x0000016d94b5eed0 WorkerThread "GC Thread#2"                     [id=14188, stack(0x0000004c62300000,0x0000004c62400000) (1024K)]
  0x0000016d94b5fe90 WorkerThread "GC Thread#3"                     [id=17500, stack(0x0000004c62400000,0x0000004c62500000) (1024K)]
  0x0000016d94ba3050 WorkerThread "GC Thread#4"                     [id=17648, stack(0x0000004c62500000,0x0000004c62600000) (1024K)]
  0x0000016d94ba33f0 WorkerThread "GC Thread#5"                     [id=11144, stack(0x0000004c62600000,0x0000004c62700000) (1024K)]
  0x0000016d94ba3da0 WorkerThread "GC Thread#6"                     [id=9276, stack(0x0000004c62700000,0x0000004c62800000) (1024K)]
  0x0000016d94ba4140 WorkerThread "GC Thread#7"                     [id=3096, stack(0x0000004c62800000,0x0000004c62900000) (1024K)]
  0x0000016d827432f0 ConcurrentGCThread "G1 Main Marker"            [id=292, stack(0x0000004c60c00000,0x0000004c60d00000) (1024K)]
  0x0000016d82744490 WorkerThread "G1 Conc#0"                       [id=15104, stack(0x0000004c60d00000,0x0000004c60e00000) (1024K)]
  0x0000016ddad32f70 WorkerThread "G1 Conc#1"                       [id=8556, stack(0x0000004c62b00000,0x0000004c62c00000) (1024K)]
  0x0000016d940020c0 ConcurrentGCThread "G1 Refine#0"               [id=14384, stack(0x0000004c60e00000,0x0000004c60f00000) (1024K)]
  0x0000016d94002a40 ConcurrentGCThread "G1 Service"                [id=15560, stack(0x0000004c60f00000,0x0000004c61000000) (1024K)]
Total: 15

Threads with active compile tasks:
Total: 0

VM state: at safepoint (normal execution)

VM Mutex/Monitor currently owned by a thread:  ([mutex/lock_event])
[0x00007ffb7faaa5f8] Threads_lock - owner thread: 0x0000016d94147a10
[0x00007ffb7faaa6f8] Heap_lock - owner thread: 0x0000016d826de3b0

Heap address: 0x0000000744e00000, size: 2994 MB, Compressed Oops mode: Zero based, Oop shift amount: 3

CDS archive(s) mapped at: [0x0000016d95000000-0x0000016d95c90000-0x0000016d95c90000), size 13172736, SharedBaseAddress: 0x0000016d95000000, ArchiveRelocationMode: 1.
Compressed class space mapped at: 0x0000016d96000000-0x0000016dd6000000, reserved size: 1073741824
Narrow klass base: 0x0000016d95000000, Narrow klass shift: 0, Narrow klass range: 0x100000000

GC Precious Log:
 CardTable entry size: 512
 Card Set container configuration: InlinePtr #cards 4 size 8 Array Of Cards #cards 16 size 48 Howl #buckets 8 coarsen threshold 3686 Howl Bitmap #cards 512 size 80 coarsen threshold 460 Card regions per heap region 1 cards per card region 4096
 CPUs: 8 total, 8 available
 Memory: 11968M
 Large Page Support: Disabled
 NUMA Support: Disabled
 Compressed Oops: Enabled (Zero based)
 Heap Region Size: 2M
 Heap Min Capacity: 8M
 Heap Initial Capacity: 188M
 Heap Max Capacity: 2994M
 Pre-touch: Disabled
 Parallel Workers: 8
 Concurrent Workers: 2
 Concurrent Refinement Workers: 8
 Periodic GC: Disabled

Heap:
 garbage-first heap   total 61440K, used 28138K [0x0000000744e00000, 0x0000000800000000)
  region size 2048K, 2 young (4096K), 2 survivors (4096K)
 Metaspace       used 59467K, committed 60160K, reserved 1114112K
  class space    used 8361K, committed 8640K, reserved 1048576K

Heap Regions: E=young(eden), S=young(survivor), O=old, HS=humongous(starts), HC=humongous(continues), CS=collection set, F=free, TAMS=top-at-mark-start, PB=parsable bottom
|   0|0x0000000744e00000, 0x0000000745000000, 0x0000000745000000|100%| O|  |TAMS 0x0000000744e00000| PB 0x0000000744e00000| Untracked 
|   1|0x0000000745000000, 0x0000000745200000, 0x0000000745200000|100%| O|  |TAMS 0x0000000745000000| PB 0x0000000745000000| Untracked 
|   2|0x0000000745200000, 0x0000000745400000, 0x0000000745400000|100%| O|  |TAMS 0x0000000745200000| PB 0x0000000745200000| Untracked 
|   3|0x0000000745400000, 0x0000000745600000, 0x0000000745600000|100%| O|  |TAMS 0x0000000745400000| PB 0x0000000745400000| Untracked 
|   4|0x0000000745600000, 0x0000000745800000, 0x0000000745800000|100%| O|  |TAMS 0x0000000745600000| PB 0x0000000745600000| Untracked 
|   5|0x0000000745800000, 0x0000000745a00000, 0x0000000745a00000|100%| O|  |TAMS 0x0000000745800000| PB 0x0000000745800000| Untracked 
|   6|0x0000000745a00000, 0x0000000745c00000, 0x0000000745c00000|100%| O|  |TAMS 0x0000000745a00000| PB 0x0000000745a00000| Untracked 
|   7|0x0000000745c00000, 0x0000000745e00000, 0x0000000745e00000|100%| O|Cm|TAMS 0x0000000745c00000| PB 0x0000000745c00000| Complete 
|   8|0x0000000745e00000, 0x0000000746000000, 0x0000000746000000|100%| O|  |TAMS 0x0000000745e00000| PB 0x0000000745e00000| Untracked 
|   9|0x0000000746000000, 0x0000000746200000, 0x0000000746200000|100%| O|  |TAMS 0x0000000746000000| PB 0x0000000746000000| Untracked 
|  10|0x0000000746200000, 0x000000074637aa40, 0x0000000746400000| 73%| O|  |TAMS 0x0000000746200000| PB 0x0000000746200000| Untracked 
|  11|0x0000000746400000, 0x0000000746400000, 0x0000000746600000|  0%| F|  |TAMS 0x0000000746400000| PB 0x0000000746400000| Untracked 
|  12|0x0000000746600000, 0x0000000746600000, 0x0000000746800000|  0%| F|  |TAMS 0x0000000746600000| PB 0x0000000746600000| Untracked 
|  13|0x0000000746800000, 0x0000000746a00000, 0x0000000746a00000|100%| O|  |TAMS 0x0000000746800000| PB 0x0000000746800000| Untracked 
|  14|0x0000000746a00000, 0x0000000746c00000, 0x0000000746c00000|100%| S|CS|TAMS 0x0000000746a00000| PB 0x0000000746a00000| Complete 
|  15|0x0000000746c00000, 0x0000000746e00000, 0x0000000746e00000|100%| S|CS|TAMS 0x0000000746c00000| PB 0x0000000746c00000| Complete 
|  16|0x0000000746e00000, 0x0000000746e00000, 0x0000000747000000|  0%| F|  |TAMS 0x0000000746e00000| PB 0x0000000746e00000| Untracked 
|  17|0x0000000747000000, 0x0000000747000000, 0x0000000747200000|  0%| F|  |TAMS 0x0000000747000000| PB 0x0000000747000000| Untracked 
|  18|0x0000000747200000, 0x0000000747200000, 0x0000000747400000|  0%| F|  |TAMS 0x0000000747200000| PB 0x0000000747200000| Untracked 
|  19|0x0000000747400000, 0x0000000747400000, 0x0000000747600000|  0%| F|  |TAMS 0x0000000747400000| PB 0x0000000747400000| Untracked 
|  20|0x0000000747600000, 0x0000000747600000, 0x0000000747800000|  0%| F|  |TAMS 0x0000000747600000| PB 0x0000000747600000| Untracked 
|  21|0x0000000747800000, 0x0000000747800000, 0x0000000747a00000|  0%| F|  |TAMS 0x0000000747800000| PB 0x0000000747800000| Untracked 
|  22|0x0000000747a00000, 0x0000000747a00000, 0x0000000747c00000|  0%| F|  |TAMS 0x0000000747a00000| PB 0x0000000747a00000| Untracked 
|  23|0x0000000747c00000, 0x0000000747c00000, 0x0000000747e00000|  0%| F|  |TAMS 0x0000000747c00000| PB 0x0000000747c00000| Untracked 
|  24|0x0000000747e00000, 0x0000000747e00000, 0x0000000748000000|  0%| F|  |TAMS 0x0000000747e00000| PB 0x0000000747e00000| Untracked 
|  65|0x000000074d000000, 0x000000074d000000, 0x000000074d200000|  0%| F|  |TAMS 0x000000074d000000| PB 0x000000074d000000| Untracked 
|  66|0x000000074d200000, 0x000000074d200000, 0x000000074d400000|  0%| F|  |TAMS 0x000000074d200000| PB 0x000000074d200000| Untracked 
|  67|0x000000074d400000, 0x000000074d400000, 0x000000074d600000|  0%| F|  |TAMS 0x000000074d400000| PB 0x000000074d400000| Untracked 
|  68|0x000000074d600000, 0x000000074d600000, 0x000000074d800000|  0%| F|  |TAMS 0x000000074d600000| PB 0x000000074d600000| Untracked 
|  93|0x0000000750800000, 0x0000000750800000, 0x0000000750a00000|  0%| F|  |TAMS 0x0000000750800000| PB 0x0000000750800000| Untracked 

Card table byte_map: [0x0000016d8e220000,0x0000016d8e800000] _byte_map_base: 0x0000016d8a7f9000

Marking Bits: (CMBitMap*) 0x0000016d82736d50
 Bits: [0x0000016d8e800000, 0x0000016d916c8000)

Polling page: 0x0000016d81ea0000

Metaspace:

Usage:
  Non-class:     49.91 MB used.
      Class:      8.17 MB used.
       Both:     58.07 MB used.

Virtual space:
  Non-class space:       64.00 MB reserved,      50.31 MB ( 79%) committed,  1 nodes.
      Class space:        1.00 GB reserved,       8.44 MB ( <1%) committed,  1 nodes.
             Both:        1.06 GB reserved,      58.75 MB (  5%) committed. 

Chunk freelists:
   Non-Class:  13.03 MB
       Class:  7.57 MB
        Both:  20.60 MB

MaxMetaspaceSize: unlimited
CompressedClassSpaceSize: 1.00 GB
Initial GC threshold: 21.00 MB
Current GC threshold: 94.50 MB
CDS: on
 - commit_granule_bytes: 65536.
 - commit_granule_words: 8192.
 - virtual_space_node_default_size: 8388608.
 - enlarge_chunks_in_place: 1.
 - use_allocation_guard: 0.


Internal statistics:

num_allocs_failed_limit: 6.
num_arena_births: 978.
num_arena_deaths: 0.
num_vsnodes_births: 2.
num_vsnodes_deaths: 0.
num_space_committed: 940.
num_space_uncommitted: 0.
num_chunks_returned_to_freelist: 6.
num_chunks_taken_from_freelist: 3084.
num_chunk_merges: 6.
num_chunk_splits: 2236.
num_chunks_enlarged: 1730.
num_inconsistent_stats: 0.

CodeCache: size=49152Kb used=11573Kb max_used=11573Kb free=37579Kb
 bounds [0x0000016d8ab30000, 0x0000016d8b680000, 0x0000016d8db30000]
 total_blobs=5763 nmethods=5067 adapters=616
 compilation: enabled
              stopped_count=0, restarted_count=0
 full_count=0

Compilation events (20 events):
Event: 4.151 Thread 0x0000016d943d6f40 nmethod 5132 0x0000016d8b674b90 code [0x0000016d8b674e00, 0x0000016d8b6753c0]
Event: 4.151 Thread 0x0000016d94169fe0 nmethod 5129 0x0000016d8b675810 code [0x0000016d8b675a80, 0x0000016d8b676068]
Event: 4.151 Thread 0x0000016d943d5400 nmethod 5130 0x0000016d8b676590 code [0x0000016d8b676800, 0x0000016d8b676ef8]
Event: 4.151 Thread 0x0000016d943d6870 nmethod 5131 0x0000016d8b677410 code [0x0000016d8b6776e0, 0x0000016d8b6780c8]
Event: 4.152 Thread 0x0000016d94169fe0 5133       1       jdk.internal.reflect.ReflectionFactory::newMethodAccessor (69 bytes)
Event: 4.152 Thread 0x0000016d943d5400 5135       1       jdk.internal.reflect.MethodHandleAccessorFactory::getDirectMethod (83 bytes)
Event: 4.152 Thread 0x0000016d943d6f40 5134   !   1       jdk.internal.reflect.MethodHandleAccessorFactory::newMethodAccessor (61 bytes)
Event: 4.152 Thread 0x0000016d943d6870 5136       1       jdk.internal.reflect.MethodHandleAccessorFactory::makeSpecializedTarget (97 bytes)
Event: 4.153 Thread 0x0000016d94169fe0 nmethod 5133 0x0000016d8b678a10 code [0x0000016d8b678bc0, 0x0000016d8b678d28]
Event: 4.153 Thread 0x0000016d94169fe0 5137       1       jdk.internal.reflect.MethodHandleAccessorFactory::specializedMethodType (216 bytes)
Event: 4.153 Thread 0x0000016d94169fe0 nmethod 5137 0x0000016d8b678e90 code [0x0000016d8b679180, 0x0000016d8b67a2e8]
Event: 4.153 Thread 0x0000016d94169fe0 5138       1       jdk.internal.reflect.DirectMethodHandleAccessor::methodAccessor (35 bytes)
Event: 4.153 Thread 0x0000016d943d5400 nmethod 5135 0x0000016d8b67a710 code [0x0000016d8b67a920, 0x0000016d8b67ad30]
Event: 4.153 Thread 0x0000016d943d5400 5139       1       jdk.internal.reflect.DirectMethodHandleAccessor::<init> (59 bytes)
Event: 4.153 Thread 0x0000016d94169fe0 nmethod 5138 0x0000016d8b67b010 code [0x0000016d8b67b1c0, 0x0000016d8b67b308]
Event: 4.153 Thread 0x0000016d943d6870 nmethod 5136 0x0000016d8b67b390 code [0x0000016d8b67b5c0, 0x0000016d8b67baf0]
Event: 4.153 Thread 0x0000016d943d6f40 nmethod 5134 0x0000016d8b67be10 code [0x0000016d8b67c0a0, 0x0000016d8b67c780]
Event: 4.153 Thread 0x0000016d94169fe0 5140       1       jdk.internal.reflect.MethodAccessorImpl::<init> (5 bytes)
Event: 4.153 Thread 0x0000016d94169fe0 nmethod 5140 0x0000016d8b67cc10 code [0x0000016d8b67cda0, 0x0000016d8b67ce68]
Event: 4.154 Thread 0x0000016d943d5400 nmethod 5139 0x0000016d8b67cf10 code [0x0000016d8b67d0c0, 0x0000016d8b67d2b0]

GC Heap History (20 events):
Event: 0.852 GC heap after
{Heap after GC invocations=2 (full 0):
 garbage-first heap   total 192512K, used 8799K [0x0000000744e00000, 0x0000000800000000)
  region size 2048K, 2 young (4096K), 2 survivors (4096K)
 Metaspace       used 11816K, committed 12096K, reserved 1114112K
  class space    used 1558K, committed 1728K, reserved 1048576K
}
Event: 1.119 GC heap before
{Heap before GC invocations=2 (full 0):
 garbage-first heap   total 192512K, used 53855K [0x0000000744e00000, 0x0000000800000000)
  region size 2048K, 25 young (51200K), 2 survivors (4096K)
 Metaspace       used 20320K, committed 20608K, reserved 1114112K
  class space    used 2615K, committed 2752K, reserved 1048576K
}
Event: 1.125 GC heap after
{Heap after GC invocations=3 (full 0):
 garbage-first heap   total 192512K, used 12743K [0x0000000744e00000, 0x0000000800000000)
  region size 2048K, 4 young (8192K), 4 survivors (8192K)
 Metaspace       used 20320K, committed 20608K, reserved 1114112K
  class space    used 2615K, committed 2752K, reserved 1048576K
}
Event: 1.579 GC heap before
{Heap before GC invocations=4 (full 0):
 garbage-first heap   total 61440K, used 41415K [0x0000000744e00000, 0x0000000800000000)
  region size 2048K, 18 young (36864K), 4 survivors (8192K)
 Metaspace       used 23026K, committed 23488K, reserved 1114112K
  class space    used 3024K, committed 3264K, reserved 1048576K
}
Event: 1.586 GC heap after
{Heap after GC invocations=5 (full 0):
 garbage-first heap   total 61440K, used 14266K [0x0000000744e00000, 0x0000000800000000)
  region size 2048K, 2 young (4096K), 2 survivors (4096K)
 Metaspace       used 23026K, committed 23488K, reserved 1114112K
  class space    used 3024K, committed 3264K, reserved 1048576K
}
Event: 2.078 GC heap before
{Heap before GC invocations=5 (full 0):
 garbage-first heap   total 61440K, used 42938K [0x0000000744e00000, 0x0000000800000000)
  region size 2048K, 16 young (32768K), 2 survivors (4096K)
 Metaspace       used 27255K, committed 27776K, reserved 1114112K
  class space    used 3699K, committed 3904K, reserved 1048576K
}
Event: 2.085 GC heap after
{Heap after GC invocations=6 (full 0):
 garbage-first heap   total 61440K, used 16791K [0x0000000744e00000, 0x0000000800000000)
  region size 2048K, 2 young (4096K), 2 survivors (4096K)
 Metaspace       used 27255K, committed 27776K, reserved 1114112K
  class space    used 3699K, committed 3904K, reserved 1048576K
}
Event: 2.550 GC heap before
{Heap before GC invocations=6 (full 0):
 garbage-first heap   total 61440K, used 45463K [0x0000000744e00000, 0x0000000800000000)
  region size 2048K, 17 young (34816K), 2 survivors (4096K)
 Metaspace       used 32770K, committed 33344K, reserved 1114112K
  class space    used 4416K, committed 4672K, reserved 1048576K
}
Event: 2.554 GC heap after
{Heap after GC invocations=7 (full 0):
 garbage-first heap   total 61440K, used 18908K [0x0000000744e00000, 0x0000000800000000)
  region size 2048K, 3 young (6144K), 3 survivors (6144K)
 Metaspace       used 32770K, committed 33344K, reserved 1114112K
  class space    used 4416K, committed 4672K, reserved 1048576K
}
Event: 2.630 GC heap before
{Heap before GC invocations=7 (full 0):
 garbage-first heap   total 61440K, used 23004K [0x0000000744e00000, 0x0000000800000000)
  region size 2048K, 6 young (12288K), 3 survivors (6144K)
 Metaspace       used 33955K, committed 34496K, reserved 1114112K
  class space    used 4608K, committed 4864K, reserved 1048576K
}
Event: 2.633 GC heap after
{Heap after GC invocations=8 (full 0):
 garbage-first heap   total 61440K, used 19342K [0x0000000744e00000, 0x0000000800000000)
  region size 2048K, 2 young (4096K), 2 survivors (4096K)
 Metaspace       used 33955K, committed 34496K, reserved 1114112K
  class space    used 4608K, committed 4864K, reserved 1048576K
}
Event: 3.032 GC heap before
{Heap before GC invocations=9 (full 0):
 garbage-first heap   total 61440K, used 50062K [0x0000000744e00000, 0x0000000800000000)
  region size 2048K, 17 young (34816K), 2 survivors (4096K)
 Metaspace       used 41158K, committed 41792K, reserved 1114112K
  class space    used 5599K, committed 5888K, reserved 1048576K
}
Event: 3.034 GC heap after
{Heap after GC invocations=10 (full 0):
 garbage-first heap   total 61440K, used 21194K [0x0000000744e00000, 0x0000000800000000)
  region size 2048K, 3 young (6144K), 3 survivors (6144K)
 Metaspace       used 41158K, committed 41792K, reserved 1114112K
  class space    used 5599K, committed 5888K, reserved 1048576K
}
Event: 3.339 GC heap before
{Heap before GC invocations=10 (full 0):
 garbage-first heap   total 61440K, used 47818K [0x0000000744e00000, 0x0000000800000000)
  region size 2048K, 16 young (32768K), 3 survivors (6144K)
 Metaspace       used 48453K, committed 49088K, reserved 1114112K
  class space    used 6628K, committed 6912K, reserved 1048576K
}
Event: 3.342 GC heap after
{Heap after GC invocations=11 (full 0):
 garbage-first heap   total 61440K, used 22459K [0x0000000744e00000, 0x0000000800000000)
  region size 2048K, 2 young (4096K), 2 survivors (4096K)
 Metaspace       used 48453K, committed 49088K, reserved 1114112K
  class space    used 6628K, committed 6912K, reserved 1048576K
}
Event: 3.687 GC heap before
{Heap before GC invocations=11 (full 0):
 garbage-first heap   total 61440K, used 49083K [0x0000000744e00000, 0x0000000800000000)
  region size 2048K, 16 young (32768K), 2 survivors (4096K)
 Metaspace       used 54530K, committed 55168K, reserved 1114112K
  class space    used 7633K, committed 7936K, reserved 1048576K
}
Event: 3.690 GC heap after
{Heap after GC invocations=12 (full 0):
 garbage-first heap   total 61440K, used 24098K [0x0000000744e00000, 0x0000000800000000)
  region size 2048K, 2 young (4096K), 2 survivors (4096K)
 Metaspace       used 54530K, committed 55168K, reserved 1114112K
  class space    used 7633K, committed 7936K, reserved 1048576K
}
Event: 3.902 GC heap before
{Heap before GC invocations=12 (full 0):
 garbage-first heap   total 61440K, used 46626K [0x0000000744e00000, 0x0000000800000000)
  region size 2048K, 14 young (28672K), 2 survivors (4096K)
 Metaspace       used 57280K, committed 57920K, reserved 1114112K
  class space    used 7981K, committed 8256K, reserved 1048576K
}
Event: 3.905 GC heap after
{Heap after GC invocations=13 (full 0):
 garbage-first heap   total 61440K, used 25688K [0x0000000744e00000, 0x0000000800000000)
  region size 2048K, 2 young (4096K), 2 survivors (4096K)
 Metaspace       used 57280K, committed 57920K, reserved 1114112K
  class space    used 7981K, committed 8256K, reserved 1048576K
}
Event: 4.154 GC heap before
{Heap before GC invocations=14 (full 0):
 garbage-first heap   total 61440K, used 50264K [0x0000000744e00000, 0x0000000800000000)
  region size 2048K, 14 young (28672K), 2 survivors (4096K)
 Metaspace       used 59467K, committed 60160K, reserved 1114112K
  class space    used 8361K, committed 8640K, reserved 1048576K
}

Dll operation events (12 events):
Event: 0.009 Loaded shared library C:\Program Files\Java\jdk-21\bin\java.dll
Event: 0.010 Loaded shared library C:\Program Files\Java\jdk-21\bin\zip.dll
Event: 0.123 Loaded shared library C:\Program Files\Java\jdk-21\bin\instrument.dll
Event: 0.147 Loaded shared library C:\Program Files\Java\jdk-21\bin\jimage.dll
Event: 0.159 Loaded shared library C:\Program Files\Java\jdk-21\bin\net.dll
Event: 0.160 Loaded shared library C:\Program Files\Java\jdk-21\bin\nio.dll
Event: 0.169 Loaded shared library C:\Program Files\Java\jdk-21\bin\zip.dll
Event: 0.236 Loaded shared library C:\Program Files\Java\jdk-21\bin\management.dll
Event: 0.247 Loaded shared library C:\Program Files\Java\jdk-21\bin\management_ext.dll
Event: 0.433 Loaded shared library C:\Program Files\Java\jdk-21\bin\extnet.dll
Event: 1.054 Loaded shared library C:\Program Files\Java\jdk-21\bin\sunmscapi.dll
Event: 2.608 Loaded shared library C:\Program Files\Java\jdk-21\bin\verify.dll

Deoptimization events (20 events):
Event: 4.144 Thread 0x0000016d826de3b0 DEOPT PACKING pc=0x0000016d8b3355c4 sp=0x0000004c60afe670
Event: 4.144 Thread 0x0000016d826de3b0 DEOPT UNPACKING pc=0x0000016d8ab888e2 sp=0x0000004c60afdbe8 mode 1
Event: 4.144 Thread 0x0000016d826de3b0 DEOPT PACKING pc=0x0000016d8b3355c4 sp=0x0000004c60afe670
Event: 4.144 Thread 0x0000016d826de3b0 DEOPT UNPACKING pc=0x0000016d8ab888e2 sp=0x0000004c60afdbe8 mode 1
Event: 4.148 Thread 0x0000016d826de3b0 DEOPT PACKING pc=0x0000016d8b3355c4 sp=0x0000004c60afe670
Event: 4.148 Thread 0x0000016d826de3b0 DEOPT UNPACKING pc=0x0000016d8ab888e2 sp=0x0000004c60afdbe8 mode 1
Event: 4.148 Thread 0x0000016d826de3b0 DEOPT PACKING pc=0x0000016d8b3355c4 sp=0x0000004c60afe670
Event: 4.148 Thread 0x0000016d826de3b0 DEOPT UNPACKING pc=0x0000016d8ab888e2 sp=0x0000004c60afdbe8 mode 1
Event: 4.149 Thread 0x0000016d826de3b0 DEOPT PACKING pc=0x0000016d8b3355c4 sp=0x0000004c60afe670
Event: 4.149 Thread 0x0000016d826de3b0 DEOPT UNPACKING pc=0x0000016d8ab888e2 sp=0x0000004c60afdbe8 mode 1
Event: 4.149 Thread 0x0000016d826de3b0 DEOPT PACKING pc=0x0000016d8b3355c4 sp=0x0000004c60afe670
Event: 4.149 Thread 0x0000016d826de3b0 DEOPT UNPACKING pc=0x0000016d8ab888e2 sp=0x0000004c60afdbe8 mode 1
Event: 4.152 Thread 0x0000016d826de3b0 DEOPT PACKING pc=0x0000016d8b3355c4 sp=0x0000004c60afe670
Event: 4.152 Thread 0x0000016d826de3b0 DEOPT UNPACKING pc=0x0000016d8ab888e2 sp=0x0000004c60afdbe8 mode 1
Event: 4.152 Thread 0x0000016d826de3b0 DEOPT PACKING pc=0x0000016d8b3355c4 sp=0x0000004c60afe670
Event: 4.152 Thread 0x0000016d826de3b0 DEOPT UNPACKING pc=0x0000016d8ab888e2 sp=0x0000004c60afdbe8 mode 1
Event: 4.153 Thread 0x0000016d826de3b0 DEOPT PACKING pc=0x0000016d8b3355c4 sp=0x0000004c60afe670
Event: 4.153 Thread 0x0000016d826de3b0 DEOPT UNPACKING pc=0x0000016d8ab888e2 sp=0x0000004c60afdbe8 mode 1
Event: 4.153 Thread 0x0000016d826de3b0 DEOPT PACKING pc=0x0000016d8b3355c4 sp=0x0000004c60afe670
Event: 4.153 Thread 0x0000016d826de3b0 DEOPT UNPACKING pc=0x0000016d8ab888e2 sp=0x0000004c60afdbe8 mode 1

Classes loaded (20 events):
Event: 4.146 Loading class org/springframework/jdbc/core/namedparam/ParsedSql
Event: 4.146 Loading class org/springframework/jdbc/core/namedparam/ParsedSql done
Event: 4.146 Loading class org/springframework/jdbc/core/namedparam/ParsedSql
Event: 4.146 Loading class org/springframework/jdbc/core/namedparam/ParsedSql done
Event: 4.147 Loading class org/springframework/jdbc/core/PreparedStatementCreatorFactory
Event: 4.147 Loading class org/springframework/jdbc/core/PreparedStatementCreatorFactory done
Event: 4.149 Loading class org/springframework/jdbc/core/simple/DefaultJdbcClient
Event: 4.149 Loading class org/springframework/jdbc/core/simple/DefaultJdbcClient done
Event: 4.149 Loading class org/springframework/jdbc/core/simple/JdbcClient$StatementSpec
Event: 4.149 Loading class org/springframework/jdbc/core/simple/JdbcClient$StatementSpec done
Event: 4.151 Loading class org/springframework/boot/autoconfigure/task/TaskSchedulingConfigurations$ThreadPoolTaskSchedulerBuilderConfiguration
Event: 4.151 Loading class org/springframework/boot/autoconfigure/task/TaskSchedulingConfigurations$ThreadPoolTaskSchedulerBuilderConfiguration done
Event: 4.152 Loading class org/springframework/boot/task/TaskSchedulerCustomizer
Event: 4.152 Loading class org/springframework/boot/task/TaskSchedulerCustomizer done
Event: 4.152 Loading class org/springframework/boot/task/TaskSchedulerCustomizer
Event: 4.152 Loading class org/springframework/boot/task/TaskSchedulerCustomizer done
Event: 4.152 Loading class org/springframework/boot/autoconfigure/task/TaskSchedulingConfigurations
Event: 4.152 Loading class org/springframework/boot/autoconfigure/task/TaskSchedulingConfigurations done
Event: 4.153 Loading class org/springframework/boot/task/SimpleAsyncTaskSchedulerCustomizer
Event: 4.153 Loading class org/springframework/boot/task/SimpleAsyncTaskSchedulerCustomizer done

Classes unloaded (0 events):
No events

Classes redefined (0 events):
No events

Internal exceptions (20 events):
Event: 3.537 Thread 0x0000016d826de3b0 Exception <a 'java/lang/NoSuchMethodError'{0x0000000747a4b580}: 'void java.lang.invoke.DirectMethodHandle$Holder.invokeInterface(java.lang.Object, java.lang.Object, int, java.lang.Object)'> (0x0000000747a4b580) 
thrown [s\open\src\hotspot\share\interpreter\linkResolver.cpp, line 773]
Event: 3.539 Thread 0x0000016d826de3b0 Exception <a 'java/lang/NoSuchMethodError'{0x0000000747a73138}: 'java.lang.Object java.lang.invoke.DirectMethodHandle$Holder.newInvokeSpecial(java.lang.Object, java.lang.Object, int, java.lang.Object)'> (0x0000000747a73138) 
thrown [s\open\src\hotspot\share\interpreter\linkResolver.cpp, line 773]
Event: 3.539 Thread 0x0000016d826de3b0 Exception <a 'java/lang/NoSuchMethodError'{0x0000000747a76a98}: 'java.lang.Object java.lang.invoke.Invokers$Holder.linkToTargetMethod(java.lang.Object, int, java.lang.Object, java.lang.Object)'> (0x0000000747a76a98) 
thrown [s\open\src\hotspot\share\interpreter\linkResolver.cpp, line 773]
Event: 3.561 Thread 0x0000016d826de3b0 Exception <a 'java/lang/NoSuchMethodError'{0x00000007478ba460}: 'int java.lang.invoke.DirectMethodHandle$Holder.invokeStatic(java.lang.Object, int, java.lang.Object)'> (0x00000007478ba460) 
thrown [s\open\src\hotspot\share\interpreter\linkResolver.cpp, line 773]
Event: 3.562 Thread 0x0000016d826de3b0 Exception <a 'java/lang/NoSuchMethodError'{0x00000007478da690}: 'java.lang.Object java.lang.invoke.DirectMethodHandle$Holder.newInvokeSpecial(java.lang.Object, java.lang.Object, java.lang.Object, java.lang.Object, java.lang.Object, int, java.lang.Object)'> (0x00000007478da690) 
thrown [s\open\src\hotspot\share\interpreter\linkResolver.cpp, line 773]
Event: 3.587 Thread 0x0000016d826de3b0 Exception <a 'java/lang/NoSuchMethodError'{0x000000074775b0b8}: 'java.lang.Object java.lang.invoke.DirectMethodHandle$Holder.newInvokeSpecial(java.lang.Object, java.lang.Object, int, java.lang.Object, int, java.lang.Object, java.lang.Object)'> (0x000000074775b0b8) 
thrown [s\open\src\hotspot\share\interpreter\linkResolver.cpp, line 773]
Event: 3.592 Thread 0x0000016d826de3b0 Exception <a 'java/lang/NoSuchMethodError'{0x00000007477ce7e0}: 'java.lang.Object java.lang.invoke.DirectMethodHandle$Holder.newInvokeSpecial(java.lang.Object, java.lang.Object, java.lang.Object, java.lang.Object, java.lang.Object, java.lang.Object, java.lang.Object, int)'> (0x00000007477ce7e0) 
thrown [s\open\src\hotspot\share\interpreter\linkResolver.cpp, line 773]
Event: 3.592 Thread 0x0000016d826de3b0 Exception <a 'java/lang/NoSuchMethodError'{0x00000007477d2d40}: 'java.lang.Object java.lang.invoke.DirectMethodHandle$Holder.invokeSpecial(java.lang.Object, java.lang.Object, java.lang.Object, java.lang.Object, java.lang.Object, java.lang.Object, java.lang.Object, java.lang.Object, int)'> (0x00000007477d2d40) 
thrown [s\open\src\hotspot\share\interpreter\linkResolver.cpp, line 773]
Event: 3.592 Thread 0x0000016d826de3b0 Exception <a 'java/lang/NoSuchMethodError'{0x00000007477d6d58}: 'java.lang.Object java.lang.invoke.Invokers$Holder.linkToTargetMethod(java.lang.Object, java.lang.Object, java.lang.Object, java.lang.Object, java.lang.Object, java.lang.Object, int, java.lang.Object)'> (0x00000007477d6d58) 
thrown [s\open\src\hotspot\share\interpreter\linkResolver.cpp, line 773]
Event: 3.660 Thread 0x0000016d826de3b0 Exception <a 'java/lang/NoSuchMethodError'{0x000000074717a3d0}: 'java.lang.Object java.lang.invoke.DirectMethodHandle$Holder.invokeSpecial(java.lang.Object, java.lang.Object, int, java.lang.Object, int)'> (0x000000074717a3d0) 
thrown [s\open\src\hotspot\share\interpreter\linkResolver.cpp, line 773]
Event: 3.671 Thread 0x0000016d826de3b0 Exception <a 'java/lang/NoSuchMethodError'{0x0000000746a68970}: 'void java.lang.invoke.Invokers$Holder.invokeExact_MT(java.lang.Object, java.lang.Object, java.lang.Object, java.lang.Object)'> (0x0000000746a68970) 
thrown [s\open\src\hotspot\share\interpreter\linkResolver.cpp, line 773]
Event: 3.707 Thread 0x0000016d826de3b0 Exception <a 'java/lang/IncompatibleClassChangeError'{0x000000074d636cf8}: Found class java.lang.Object, but interface was expected> (0x000000074d636cf8) 
thrown [s\open\src\hotspot\share\interpreter\linkResolver.cpp, line 840]
Event: 3.713 Thread 0x0000016d826de3b0 Exception <a 'java/lang/IncompatibleClassChangeError'{0x000000074d6d1200}: Found class java.lang.Object, but interface was expected> (0x000000074d6d1200) 
thrown [s\open\src\hotspot\share\interpreter\linkResolver.cpp, line 840]
Event: 3.728 Thread 0x0000016d826de3b0 Exception <a 'java/lang/IncompatibleClassChangeError'{0x000000074d465130}: Found class java.lang.Object, but interface was expected> (0x000000074d465130) 
thrown [s\open\src\hotspot\share\interpreter\linkResolver.cpp, line 840]
Event: 3.808 Thread 0x0000016d826de3b0 Exception <a 'java/lang/IncompatibleClassChangeError'{0x0000000747f3eb90}: Found class java.lang.Object, but interface was expected> (0x0000000747f3eb90) 
thrown [s\open\src\hotspot\share\interpreter\linkResolver.cpp, line 840]
Event: 3.911 Thread 0x0000016d826de3b0 Exception <a 'java/lang/NoSuchMethodError'{0x000000075083b868}: 'java.lang.Object java.lang.invoke.DirectMethodHandle$Holder.newInvokeSpecial(java.lang.Object, java.lang.Object, java.lang.Object, java.lang.Object, java.lang.Object, java.lang.Object, java.lang.Object, java.lang.Object)'> (0x000000075083b868) 
thrown [s\open\src\hotspot\share\interpreter\linkResolver.cpp, line 773]
Event: 4.021 Thread 0x0000016d826de3b0 Exception <a 'java/lang/IncompatibleClassChangeError'{0x0000000747eee8c8}: Found class java.lang.Object, but interface was expected> (0x0000000747eee8c8) 
thrown [s\open\src\hotspot\share\interpreter\linkResolver.cpp, line 840]
Event: 4.044 Thread 0x0000016d826de3b0 Exception <a 'java/lang/NoSuchMethodError'{0x0000000747cc8f38}: 'void java.lang.invoke.DirectMethodHandle$Holder.invokeVirtual(java.lang.Object, java.lang.Object, long)'> (0x0000000747cc8f38) 
thrown [s\open\src\hotspot\share\interpreter\linkResolver.cpp, line 773]
Event: 4.080 Thread 0x0000016d826de3b0 Exception <a 'java/lang/NoSuchMethodError'{0x00000007478bc3e0}: 'int java.lang.invoke.DirectMethodHandle$Holder.invokeStaticInit(java.lang.Object, java.lang.Object, java.lang.Object, java.lang.Object)'> (0x00000007478bc3e0) 
thrown [s\open\src\hotspot\share\interpreter\linkResolver.cpp, line 773]
Event: 4.125 Thread 0x0000016d826de3b0 Exception <a 'java/lang/IncompatibleClassChangeError'{0x0000000747489168}: Found class java.lang.Object, but interface was expected> (0x0000000747489168) 
thrown [s\open\src\hotspot\share\interpreter\linkResolver.cpp, line 840]

ZGC Phase Switch (0 events):
No events

VM Operations (20 events):
Event: 3.690 Executing VM operation: G1CollectForAllocation (G1 Evacuation Pause) done
Event: 3.781 Executing VM operation: HandshakeAllThreads (Deoptimize)
Event: 3.781 Executing VM operation: HandshakeAllThreads (Deoptimize) done
Event: 3.825 Executing VM operation: HandshakeAllThreads (Deoptimize)
Event: 3.825 Executing VM operation: HandshakeAllThreads (Deoptimize) done
Event: 3.825 Executing VM operation: HandshakeAllThreads (Deoptimize)
Event: 3.825 Executing VM operation: HandshakeAllThreads (Deoptimize) done
Event: 3.902 Executing VM operation: CollectForMetadataAllocation (Metadata GC Threshold)
Event: 3.905 Executing VM operation: CollectForMetadataAllocation (Metadata GC Threshold) done
Event: 3.919 Executing VM operation: G1PauseRemark
Event: 3.921 Executing VM operation: G1PauseRemark done
Event: 3.926 Executing VM operation: G1PauseCleanup
Event: 3.926 Executing VM operation: G1PauseCleanup done
Event: 3.962 Executing VM operation: HandshakeAllThreads (Deoptimize)
Event: 3.962 Executing VM operation: HandshakeAllThreads (Deoptimize) done
Event: 3.977 Executing VM operation: HandshakeAllThreads (Deoptimize)
Event: 3.977 Executing VM operation: HandshakeAllThreads (Deoptimize) done
Event: 4.055 Executing VM operation: HandshakeAllThreads (Deoptimize)
Event: 4.055 Executing VM operation: HandshakeAllThreads (Deoptimize) done
Event: 4.154 Executing VM operation: G1CollectForAllocation (G1 Evacuation Pause)

Events (20 events):
Event: 3.920 Thread 0x0000016d94147a10 flushing nmethod 0x0000016d8b329a10
Event: 3.920 Thread 0x0000016d94147a10 flushing nmethod 0x0000016d8b351690
Event: 3.920 Thread 0x0000016d94147a10 flushing nmethod 0x0000016d8b350e90
Event: 3.920 Thread 0x0000016d94147a10 flushing nmethod 0x0000016d8b310390
Event: 3.920 Thread 0x0000016d94147a10 flushing nmethod 0x0000016d8b2fb210
Event: 3.920 Thread 0x0000016d94147a10 flushing nmethod 0x0000016d8b2ee910
Event: 3.920 Thread 0x0000016d94147a10 flushing nmethod 0x0000016d8b2fa110
Event: 3.920 Thread 0x0000016d94147a10 flushing nmethod 0x0000016d8b289990
Event: 3.920 Thread 0x0000016d94147a10 flushing nmethod 0x0000016d8b29b210
Event: 3.920 Thread 0x0000016d94147a10 flushing nmethod 0x0000016d8b2a2910
Event: 3.920 Thread 0x0000016d94147a10 flushing nmethod 0x0000016d8b2a9f90
Event: 3.920 Thread 0x0000016d94147a10 flushing nmethod 0x0000016d8b284010
Event: 3.920 Thread 0x0000016d94147a10 flushing nmethod 0x0000016d8b260790
Event: 3.920 Thread 0x0000016d94147a10 flushing nmethod 0x0000016d8b236190
Event: 3.920 Thread 0x0000016d94147a10 flushing nmethod 0x0000016d8b1d4090
Event: 3.920 Thread 0x0000016d94147a10 flushing nmethod 0x0000016d8b171010
Event: 3.920 Thread 0x0000016d94147a10 flushing nmethod 0x0000016d8af5f490
Event: 3.920 Thread 0x0000016d94147a10 flushing nmethod 0x0000016d8ac5cb90
Event: 4.130 Thread 0x0000016ddc0d67a0 Thread added: 0x0000016ddc0d67a0
Event: 4.134 Thread 0x0000016ddc0d67a0 Thread exited: 0x0000016ddc0d67a0


Dynamic libraries:
0x00007ff72cc60000 - 0x00007ff72cc70000 	C:\Program Files\Java\jdk-21\bin\java.exe
0x00007ffbc8990000 - 0x00007ffbc8ba7000 	C:\WINDOWS\SYSTEM32\ntdll.dll
0x00007ffbc71b0000 - 0x00007ffbc7274000 	C:\WINDOWS\System32\KERNEL32.DLL
0x00007ffbc6190000 - 0x00007ffbc6535000 	C:\WINDOWS\System32\KERNELBASE.dll
0x00007ffbc65c0000 - 0x00007ffbc66d1000 	C:\WINDOWS\System32\ucrtbase.dll
0x00007ffbc2a30000 - 0x00007ffbc2a49000 	C:\Program Files\Java\jdk-21\bin\jli.dll
0x00007ffbbe120000 - 0x00007ffbbe13b000 	C:\Program Files\Java\jdk-21\bin\VCRUNTIME140.dll
0x00007ffbc73c0000 - 0x00007ffbc7471000 	C:\WINDOWS\System32\ADVAPI32.dll
0x00007ffbc66e0000 - 0x00007ffbc6787000 	C:\WINDOWS\System32\msvcrt.dll
0x00007ffbc7b20000 - 0x00007ffbc7bc6000 	C:\WINDOWS\System32\sechost.dll
0x00007ffbc8670000 - 0x00007ffbc8787000 	C:\WINDOWS\System32\RPCRT4.dll
0x00007ffbc67a0000 - 0x00007ffbc694e000 	C:\WINDOWS\System32\USER32.dll
0x00007ffbc6000000 - 0x00007ffbc6026000 	C:\WINDOWS\System32\win32u.dll
0x00007ffba11f0000 - 0x00007ffba1483000 	C:\WINDOWS\WinSxS\amd64_microsoft.windows.common-controls_6595b64144ccf1df_6.0.22621.2506_none_270c5ae97388e100\COMCTL32.dll
0x00007ffbc7180000 - 0x00007ffbc71a9000 	C:\WINDOWS\System32\GDI32.dll
0x00007ffbc5ee0000 - 0x00007ffbc5ff9000 	C:\WINDOWS\System32\gdi32full.dll
0x00007ffbc6030000 - 0x00007ffbc60ca000 	C:\WINDOWS\System32\msvcp_win.dll
0x00007ffbb7220000 - 0x00007ffbb722a000 	C:\WINDOWS\SYSTEM32\VERSION.dll
0x00007ffbc7ae0000 - 0x00007ffbc7b11000 	C:\WINDOWS\System32\IMM32.DLL
0x00007ffbc2a20000 - 0x00007ffbc2a2c000 	C:\Program Files\Java\jdk-21\bin\vcruntime140_1.dll
0x00007ffba75a0000 - 0x00007ffba762e000 	C:\Program Files\Java\jdk-21\bin\msvcp140.dll
0x00007ffb7ee70000 - 0x00007ffb7fb85000 	C:\Program Files\Java\jdk-21\bin\server\jvm.dll
0x00007ffbc85f0000 - 0x00007ffbc8661000 	C:\WINDOWS\System32\WS2_32.dll
0x00007ffbc5b20000 - 0x00007ffbc5b6d000 	C:\WINDOWS\SYSTEM32\POWRPROF.dll
0x00007ffbb7fa0000 - 0x00007ffbb7fd4000 	C:\WINDOWS\SYSTEM32\WINMM.dll
0x00007ffbc5a00000 - 0x00007ffbc5a13000 	C:\WINDOWS\SYSTEM32\UMPDC.dll
0x00007ffbc4ca0000 - 0x00007ffbc4cb8000 	C:\WINDOWS\SYSTEM32\kernel.appcore.dll
0x00007ffbc2940000 - 0x00007ffbc294a000 	C:\Program Files\Java\jdk-21\bin\jimage.dll
0x00007ffbc3700000 - 0x00007ffbc3933000 	C:\WINDOWS\SYSTEM32\DBGHELP.DLL
0x00007ffbc6dd0000 - 0x00007ffbc7159000 	C:\WINDOWS\System32\combase.dll
0x00007ffbc7280000 - 0x00007ffbc7357000 	C:\WINDOWS\System32\OLEAUT32.dll
0x00007ffbab8c0000 - 0x00007ffbab8f2000 	C:\WINDOWS\SYSTEM32\dbgcore.DLL
0x00007ffbc6540000 - 0x00007ffbc65ba000 	C:\WINDOWS\System32\bcryptPrimitives.dll
0x00007ffba80d0000 - 0x00007ffba810c000 	C:\Program Files\Java\jdk-21\bin\jdwp.dll
0x00007ffbbe0f0000 - 0x00007ffbbe0ff000 	C:\Program Files\Java\jdk-21\bin\instrument.dll
0x00007ffbbe100000 - 0x00007ffbbe11f000 	C:\Program Files\Java\jdk-21\bin\java.dll
0x00007ffbb7d50000 - 0x00007ffbb7d68000 	C:\Program Files\Java\jdk-21\bin\zip.dll
0x00007ffbc7bf0000 - 0x00007ffbc8449000 	C:\WINDOWS\System32\SHELL32.dll
0x00007ffbc3c20000 - 0x00007ffbc4514000 	C:\WINDOWS\SYSTEM32\windows.storage.dll
0x00007ffbc3ae0000 - 0x00007ffbc3c1e000 	C:\WINDOWS\SYSTEM32\wintypes.dll
0x00007ffbc6a30000 - 0x00007ffbc6b23000 	C:\WINDOWS\System32\SHCORE.dll
0x00007ffbc6950000 - 0x00007ffbc69ae000 	C:\WINDOWS\System32\shlwapi.dll
0x00007ffbc5c30000 - 0x00007ffbc5c56000 	C:\WINDOWS\SYSTEM32\profapi.dll
0x00007ffbb67a0000 - 0x00007ffbb67ac000 	C:\Program Files\Java\jdk-21\bin\dt_socket.dll
0x00007ffbc4780000 - 0x00007ffbc47ad000 	C:\WINDOWS\SYSTEM32\IPHLPAPI.DLL
0x00007ffbc5180000 - 0x00007ffbc51e9000 	C:\WINDOWS\system32\mswsock.dll
0x00007ffbb7d90000 - 0x00007ffbb7da0000 	C:\Program Files\Java\jdk-21\bin\net.dll
0x00007ffbbbfb0000 - 0x00007ffbbc0e7000 	C:\WINDOWS\SYSTEM32\WINHTTP.dll
0x00007ffbb7d70000 - 0x00007ffbb7d86000 	C:\Program Files\Java\jdk-21\bin\nio.dll
0x00007ffbc47f0000 - 0x00007ffbc48e9000 	C:\WINDOWS\SYSTEM32\DNSAPI.dll
0x00007ffbc7ad0000 - 0x00007ffbc7ad9000 	C:\WINDOWS\System32\NSI.dll
0x00007ffbba1c0000 - 0x00007ffbba1ca000 	C:\Windows\System32\rasadhlp.dll
0x00007ffbb3380000 - 0x00007ffbb3403000 	C:\WINDOWS\System32\fwpuclnt.dll
0x00007ffbb6b00000 - 0x00007ffbb6b0a000 	C:\Program Files\Java\jdk-21\bin\management.dll
0x00007ffbb6af0000 - 0x00007ffbb6afb000 	C:\Program Files\Java\jdk-21\bin\management_ext.dll
0x00007ffbc85e0000 - 0x00007ffbc85e8000 	C:\WINDOWS\System32\PSAPI.DLL
0x00007ffbc53d0000 - 0x00007ffbc53eb000 	C:\WINDOWS\SYSTEM32\CRYPTSP.dll
0x00007ffbc4c60000 - 0x00007ffbc4c95000 	C:\WINDOWS\system32\rsaenh.dll
0x00007ffbc5270000 - 0x00007ffbc529c000 	C:\WINDOWS\SYSTEM32\USERENV.dll
0x00007ffbc55a0000 - 0x00007ffbc55c8000 	C:\WINDOWS\SYSTEM32\bcrypt.dll
0x00007ffbc53f0000 - 0x00007ffbc53fc000 	C:\WINDOWS\SYSTEM32\CRYPTBASE.dll
0x00007ffba80b0000 - 0x00007ffba80c7000 	C:\WINDOWS\system32\napinsp.dll
0x00007ffba83e0000 - 0x00007ffba83fb000 	C:\WINDOWS\system32\pnrpnsp.dll
0x00007ffba7910000 - 0x00007ffba7921000 	C:\WINDOWS\System32\winrnr.dll
0x00007ffbb34b0000 - 0x00007ffbb34c5000 	C:\WINDOWS\system32\wshbth.dll
0x00007ffb77650000 - 0x00007ffb77671000 	C:\WINDOWS\system32\nlansp_c.dll
0x00007ffbb67e0000 - 0x00007ffbb67e7000 	C:\Program Files\Java\jdk-21\bin\extnet.dll
0x00007ffbb6770000 - 0x00007ffbb677e000 	C:\Program Files\Java\jdk-21\bin\sunmscapi.dll
0x00007ffbc5d00000 - 0x00007ffbc5e66000 	C:\WINDOWS\System32\CRYPT32.dll
0x00007ffbc5570000 - 0x00007ffbc559d000 	C:\WINDOWS\SYSTEM32\ncrypt.dll
0x00007ffbc5530000 - 0x00007ffbc5567000 	C:\WINDOWS\SYSTEM32\NTASN1.dll
0x00007ffbb6bc0000 - 0x00007ffbb6bd0000 	C:\Program Files\Java\jdk-21\bin\verify.dll

dbghelp: loaded successfully - version: 4.0.5 - missing functions: none
symbol engine: initialized successfully - sym options: 0x614 - pdb path: .;C:\Program Files\Java\jdk-21\bin;C:\WINDOWS\SYSTEM32;C:\WINDOWS\WinSxS\amd64_microsoft.windows.common-controls_6595b64144ccf1df_6.0.22621.2506_none_270c5ae97388e100;C:\Program Files\Java\jdk-21\bin\server

VM Arguments:
jvm_args: -agentlib:jdwp=transport=dt_socket,address=127.0.0.1:30213,suspend=y,server=n -XX:TieredStopAtLevel=1 -Dspring.output.ansi.enabled=always -Dcom.sun.management.jmxremote -Dspring.jmx.enabled=true -Dspring.liveBeansView.mbeanDomain -Dspring.application.admin.enabled=true -Dmanagement.endpoints.jmx.exposure.include=* -javaagent:C:\Users\Hamed\AppData\Local\JetBrains\IntelliJIdea2023.2\captureAgent\debugger-agent.jar -Dfile.encoding=UTF-8 -Dsun.stdout.encoding=UTF-8 -Dsun.stderr.encoding=UTF-8 
java_command: com.mappingbasics.basesmapping.BasesMappingApplication
java_class_path (initial): C:\Users\Hamed\Desktop\projets\java\BasesMapping\target\classes;C:\Users\Hamed\.m2\repository\org\springframework\boot\spring-boot-starter-data-jpa\3.2.0\spring-boot-starter-data-jpa-3.2.0.jar;C:\Users\Hamed\.m2\repository\org\springframework\boot\spring-boot-starter-aop\3.2.0\spring-boot-starter-aop-3.2.0.jar;C:\Users\Hamed\.m2\repository\org\springframework\spring-aop\6.1.1\spring-aop-6.1.1.jar;C:\Users\Hamed\.m2\repository\org\aspectj\aspectjweaver\1.9.20.1\aspectjweaver-1.9.20.1.jar;C:\Users\Hamed\.m2\repository\org\springframework\boot\spring-boot-starter-jdbc\3.2.0\spring-boot-starter-jdbc-3.2.0.jar;C:\Users\Hamed\.m2\repository\com\zaxxer\HikariCP\5.0.1\HikariCP-5.0.1.jar;C:\Users\Hamed\.m2\repository\org\springframework\spring-jdbc\6.1.1\spring-jdbc-6.1.1.jar;C:\Users\Hamed\.m2\repository\org\hibernate\orm\hibernate-core\6.3.1.Final\hibernate-core-6.3.1.Final.jar;C:\Users\Hamed\.m2\repository\jakarta\persistence\jakarta.persistence-api\3.1.0\jakarta.persistence-api-3.1.0.jar;C:\Users\Hamed\.m2\repository\jakarta\transaction\jakarta.transaction-api\2.0.1\jakarta.transaction-api-2.0.1.jar;C:\Users\Hamed\.m2\repository\org\jboss\logging\jboss-logging\3.5.3.Final\jboss-logging-3.5.3.Final.jar;C:\Users\Hamed\.m2\repository\org\hibernate\common\hibernate-commons-annotations\6.0.6.Final\hibernate-commons-annotations-6.0.6.Final.jar;C:\Users\Hamed\.m2\repository\io\smallrye\jandex\3.1.2\jandex-3.1.2.jar;C:\Users\Hamed\.m2\repository\com\fasterxml\classmate\1.6.0\classmate-1.6.0.jar;C:\Users\Hamed\.m2\repository\net\bytebuddy\byte-buddy\1.14.10\byte-buddy-1.14.10.jar;C:\Users\Hamed\.m2\repository\org\glassfish\jaxb\jaxb-runtime\4.0.4\jaxb-runtime-4.0.4.jar;C:\Users\Hamed\.m2\repository\org\glassfish\jaxb\jaxb-core\4.0.4\jaxb-core-4.0.4.jar;C:\Users\Hamed\.m2\repository\org\eclipse\angus\angus-activation\2.0.1\angus-activation-2.0.1.jar;C:\Users\Hamed\.m2\repository\org\glassfish\jaxb\txw2\4.0.4\txw2-4.0.4.jar;C:\Users\Hamed\.m2\repository\com\sun\istack\istack-commons-runtime\4.1.2\istack-commons-runtime-4.1.2.jar;C:\Users\Hamed\.m2\repository\jakarta\inject\jakarta.inject-api\2.0.1\jakarta.inject-api-2.0.1.jar;C:\Users\Hamed\.m2\repository\org\antlr\antlr4-runtime\4.10.1\antlr4-runtime-4.10.1.jar;C:\Users\Hamed\.m2\repository\org\springframework\data\spring-data-jpa\3.2.0\spring-data-jpa-3.2.0.jar;C:\Users\Hamed\.m2\repository\org\springframework\data\spring-data-commons\3.2.0\spring-data-commons-3.2.0.jar;C:\Users\Hamed\.m2\repository\org\springframework\spring-orm\6.1.1\spring-orm-6.1.1.jar;C:\Users\Hamed\.m2\repository\org\springframework\spring-context\6.1.1\spring-context-6.1.1.jar;C:\Users\Hamed\.m2\repository\org\springframework\spring-tx\6.1.1\spring-tx-6.1.1.jar;C:\Users\Hamed\.m2\repository\org\springframework\spring-beans\6.1.1\spring-beans-6.1.1.jar;C:\Users\Hamed\.m2\repository\jakarta\annotation\jakarta.annotation-api\2.1.1\jakarta.annotation-api-2.1.1.jar;C:\Users\Hamed\.m2\repository\org\slf4j\slf4j-api\2.0.9\slf4j-api-2.0.9.jar;C:\Users\Hamed\.m2\repository\org\springframework\spring-aspects\6.1.1\spring-aspects-6.1.1.jar;C:\Users\Hamed\.m2\repository\org\springframework\boot\spring-boot-starter-thymeleaf\3.2.0\spring-boot-starter-thymeleaf-3.2.0.jar;C:\Users\Hamed\.m2\repository\org\springframework\boot\spring-boot-starter\3.2.0\spring-boot-starter-3.2.0.jar;C:\Users\Hamed\.m2\repository\org\springframework\boot\spring-boot\3.2.0\spring-boot-3.2.0.jar;C:\Users\Hamed\.m2\repository\org\springframework\boot\spring-boot-autoconfigure\3.2.0\spring-boot-autoconfigure-3.2.0.jar;C:\Users\Hamed\.m2\repository\org\springframework\boot\spring-boot-starter-logging\3.2.0\spring-boot-starter-logging-3.2.0.jar;C:\Users\Hamed\.m2\repository\ch\qos\logback\logback-classic\1.4.11\logback-classic-1.4.11.jar;C:\Users\Hamed\.m2\repository\ch\qos\logback\logback-core\1.4.11\logback-core-1.4.11.jar;C:\Users\Hamed\.m2\repository\org\apache\logging\log4j\log4j-to-slf4j\2.21.1\log4j-to-slf4j-2.21.1.jar;C:\Users\Hamed\.m2\repository\org\apache\logging\log4j\log4j-api\2.21.1\log4j-api-2.21.1.jar;C:\Users\Hamed\.m2\repository\org\slf4j\jul-to-slf4j\2.0.9\jul-to-slf4j-2.0.9.jar;C:\Users\Hamed\.m2\repository\org\yaml\snakeyaml\2.2\snakeyaml-2.2.jar;C:\Users\Hamed\.m2\repository\org\thymeleaf\thymeleaf-spring6\3.1.2.RELEASE\thymeleaf-spring6-3.1.2.RELEASE.jar;C:\Users\Hamed\.m2\repository\org\thymeleaf\thymeleaf\3.1.2.RELEASE\thymeleaf-3.1.2.RELEASE.jar;C:\Users\Hamed\.m2\repository\org\attoparser\attoparser\2.0.7.RELEASE\attoparser-2.0.7.RELEASE.jar;C:\Users\Hamed\.m2\repository\org\unbescape\unbescape\1.1.6.RELEASE\unbescape-1.1.6.RELEASE.jar;C:\Users\Hamed\.m2\repository\org\springframework\boot\spring-boot-starter-web\3.2.0\spring-boot-starter-web-3.2.0.jar;C:\Users\Hamed\.m2\repository\org\springframework\boot\spring-boot-starter-json\3.2.0\spring-boot-starter-json-3.2.0.jar;C:\Users\Hamed\.m2\repository\com\fasterxml\jackson\core\jackson-databind\2.15.3\jackson-databind-2.15.3.jar;C:\Users\Hamed\.m2\repository\com\fasterxml\jackson\core\jackson-annotations\2.15.3\jackson-annotations-2.15.3.jar;C:\Users\Hamed\.m2\repository\com\fasterxml\jackson\core\jackson-core\2.15.3\jackson-core-2.15.3.jar;C:\Users\Hamed\.m2\repository\com\fasterxml\jackson\datatype\jackson-datatype-jdk8\2.15.3\jackson-datatype-jdk8-2.15.3.jar;C:\Users\Hamed\.m2\repository\com\fasterxml\jackson\datatype\jackson-datatype-jsr310\2.15.3\jackson-datatype-jsr310-2.15.3.jar;C:\Users\Hamed\.m2\repository\com\fasterxml\jackson\module\jackson-module-parameter-names\2.15.3\jackson-module-parameter-names-2.15.3.jar;C:\Users\Hamed\.m2\repository\org\springframework\boot\spring-boot-starter-tomcat\3.2.0\spring-boot-starter-tomcat-3.2.0.jar;C:\Users\Hamed\.m2\repository\org\apache\tomcat\embed\tomcat-embed-core\10.1.16\tomcat-embed-core-10.1.16.jar;C:\Users\Hamed\.m2\repository\org\apache\tomcat\embed\tomcat-embed-el\10.1.16\tomcat-embed-el-10.1.16.jar;C:\Users\Hamed\.m2\repository\org\apache\tomcat\embed\tomcat-embed-websocket\10.1.16\tomcat-embed-websocket-10.1.16.jar;C:\Users\Hamed\.m2\repository\org\springframework\spring-web\6.1.1\spring-web-6.1.1.jar;C:\Users\Hamed\.m2\repository\io\micrometer\micrometer-observation\1.12.0\micrometer-observation-1.12.0.jar;C:\Users\Hamed\.m2\repository\io\micrometer\micrometer-commons\1.12.0\micrometer-commons-1.12.0.jar;C:\Users\Hamed\.m2\repository\org\springframework\spring-webmvc\6.1.1\spring-webmvc-6.1.1.jar;C:\Users\Hamed\.m2\repository\org\springframework\spring-expression\6.1.1\spring-expression-6.1.1.jar;C:\Users\Hamed\.m2\repository\com\mysql\mysql-connector-j\8.1.0\mysql-connector-j-8.1.0.jar;C:\Users\Hamed\.m2\repository\org\projectlombok\lombok\1.18.30\lombok-1.18.30.jar;C:\Users\Hamed\.m2\repository\jakarta\xml\bind\jakarta.xml.bind-api\4.0.1\jakarta.xml.bind-api-4.0.1.jar;C:\Users\Hamed\.m2\repository\jakarta\activation\jakarta.activation-api\2.1.2\jakarta.activation-api-2.1.2.jar;C:\Users\Hamed\.m2\repository\org\springframework\spring-core\6.1.1\spring-core-6.1.1.jar;C:\Users\Hamed\.m2\repository\org\springframework\spring-jcl\6.1.1\spring-jcl-6.1.1.jar;C:\Program Files\JetBrains\IntelliJ IDEA 2023.2.5\lib\idea_rt.jar
Launcher Type: SUN_STANDARD

[Global flags]
     intx CICompilerCount                          = 4                                         {product} {ergonomic}
     uint ConcGCThreads                            = 2                                         {product} {ergonomic}
     uint G1ConcRefinementThreads                  = 8                                         {product} {ergonomic}
   size_t G1HeapRegionSize                         = 2097152                                   {product} {ergonomic}
    uintx GCDrainStackTargetSize                   = 64                                        {product} {ergonomic}
   size_t InitialHeapSize                          = 197132288                                 {product} {ergonomic}
     bool ManagementServer                         = true                                      {product} {command line}
   size_t MarkStackSize                            = 4194304                                   {product} {ergonomic}
   size_t MaxHeapSize                              = 3139436544                                {product} {ergonomic}
   size_t MaxNewSize                               = 1883242496                                {product} {ergonomic}
   size_t MinHeapDeltaBytes                        = 2097152                                   {product} {ergonomic}
   size_t MinHeapSize                              = 8388608                                   {product} {ergonomic}
    uintx NonNMethodCodeHeapSize                   = 4096                                   {pd product} {ergonomic}
    uintx NonProfiledCodeHeapSize                  = 0                                      {pd product} {ergonomic}
     bool ProfileInterpreter                       = false                                  {pd product} {command line}
    uintx ProfiledCodeHeapSize                     = 0                                      {pd product} {ergonomic}
   size_t SoftMaxHeapSize                          = 3139436544                             {manageable} {ergonomic}
     intx TieredStopAtLevel                        = 1                                         {product} {command line}
     bool UseCompressedOops                        = true                           {product lp64_product} {ergonomic}
     bool UseG1GC                                  = true                                      {product} {ergonomic}
     bool UseLargePagesIndividualAllocation        = false                                  {pd product} {ergonomic}

Logging:
Log output configuration:
 #0: stdout all=warning uptime,level,tags foldmultilines=false
 #1: stderr all=off uptime,level,tags foldmultilines=false

Environment Variables:
PATH=C:\DevSuiteHome_2\jdk\jre\bin\client;C:\DevSuiteHome_2\bin;C:\DevSuiteHome_2\jlib;C:\DevSuiteHome_1\jre\1.4.2\bin\client;C:\DevSuiteHome_1\jre\1.4.2\bin;C:\ProgramData\Oracle\Java\javapath;C:\Program Files (x86)\VMware\VMware Workstation\bin\;C:\Python312\Scripts\;C:\Python312\;C:\Program Files\Common Files\Oracle\Java\javapath;C:\WINDOWS\system32;C:\WINDOWS;C:\WINDOWS\System32\Wbem;C:\WINDOWS\System32\WindowsPowerShell\v1.0\;C:\WINDOWS\System32\OpenSSH\;C:\ProgramData\chocolatey\bin;C:\Program Files\Git\cmd;C:\Program Files (x86)\Windows Kits\8.1\Windows Performance Toolkit\;C:\Program Files\Microsoft SQL Server\110\Tools\Binn\;C:\Program Files\nodejs\;C:\composer;C:\Users\Hamed\AppData\Local\Microsoft\WindowsApps;C:\Users\Hamed\AppData\Local\Programs\Microsoft VS Code\bin;C:\Users\Hamed\AppData\Roaming\npm;C:\Users\Hamed\AppData\Roaming\Composer\vendor\bin;C:\php-8.3\php-8.3.0-src;
USERNAME=Hamed
OS=Windows_NT
PROCESSOR_IDENTIFIER=Intel64 Family 6 Model 140 Stepping 1, GenuineIntel
TMP=C:\Users\Hamed\AppData\Local\Temp
TEMP=C:\Users\Hamed\AppData\Local\Temp




Periodic native trim disabled

---------------  S Y S T E M  ---------------

OS:
 Windows 11 , 64 bit Build 22621 (10.0.22621.2506)
OS uptime: 1 days 4:01 hours

CPU: total 8 (initial active 8) (4 cores per cpu, 2 threads per core) family 6 model 140 stepping 1 microcode 0xac, cx8, cmov, fxsr, ht, mmx, 3dnowpref, sse, sse2, sse3, ssse3, sse4.1, sse4.2, popcnt, lzcnt, tsc, tscinvbit, avx, avx2, aes, erms, clmul, bmi1, bmi2, adx, avx512f, avx512dq, avx512cd, avx512bw, avx512vl, sha, fma, vzeroupper, avx512_vpopcntdq, avx512_vpclmulqdq, avx512_vaes, avx512_vnni, clflush, clflushopt, clwb, avx512_vbmi2, avx512_vbmi, rdtscp, rdpid, fsrm, gfni, avx512_bitalg, f16c, pku, cet_ibt, cet_ss, avx512_ifma
Processor Information for processor 0
  Max Mhz: 2803, Current Mhz: 2803, Mhz Limit: 2803
Processor Information for processor 1
  Max Mhz: 2803, Current Mhz: 1201, Mhz Limit: 2803
Processor Information for processor 2
  Max Mhz: 2803, Current Mhz: 2803, Mhz Limit: 2803
Processor Information for processor 3
  Max Mhz: 2803, Current Mhz: 2803, Mhz Limit: 2803
Processor Information for processor 4
  Max Mhz: 2803, Current Mhz: 2803, Mhz Limit: 2803
Processor Information for processor 5
  Max Mhz: 2803, Current Mhz: 2803, Mhz Limit: 2803
Processor Information for processor 6
  Max Mhz: 2803, Current Mhz: 2803, Mhz Limit: 2803
Processor Information for processor 7
  Max Mhz: 2803, Current Mhz: 2803, Mhz Limit: 2803

Memory: 4k page, system-wide physical 11968M (713M free)
TotalPageFile size 17168M (AvailPageFile size 5M)
current process WorkingSet (physical memory assigned to process): 208M, peak: 208M
current process commit charge ("private bytes"): 247M, peak: 309M

vm_info: Java HotSpot(TM) 64-Bit Server VM (21.0.1+12-LTS-29) for windows-amd64 JRE (21.0.1+12-LTS-29), built on 2023-10-05T13:27:09Z by "mach5one" with MS VC++ 17.1 (VS2022)

END.
